
-------------------------------------------------------------------------
|    ___ _   _ ___                                                      |
|   / __| | | |_  )   Release 5.0.0  "Raven"                            |
|   \__ \ |_| |/ /                                                      |
|   |___/\___//___|   Suite (Computational Fluid Dynamics Code)         |
|                                                                       |
-------------------------------------------------------------------------
| SU2 Original Developers: Dr. Francisco D. Palacios.                   |
|                          Dr. Thomas D. Economon.                      |
-------------------------------------------------------------------------
| SU2 Developers:                                                       |
| - Prof. Juan J. Alonso's group at Stanford University.                |
| - Prof. Piero Colonna's group at Delft University of Technology.      |
| - Prof. Nicolas R. Gauger's group at Kaiserslautern U. of Technology. |
| - Prof. Alberto Guardone's group at Polytechnic University of Milan.  |
| - Prof. Rafael Palacios' group at Imperial College London.            |
| - Prof. Edwin van der Weide's group at the University of Twente.      |
| - Prof. Vincent Terrapon's group at the University of Liege.          |
-------------------------------------------------------------------------
| Copyright (C) 2012-2017 SU2, the open-source CFD code.                |
|                                                                       |
| SU2 is free software; you can redistribute it and/or                  |
| modify it under the terms of the GNU Lesser General Public            |
| License as published by the Free Software Foundation; either          |
| version 2.1 of the License, or (at your option) any later version.    |
|                                                                       |
| SU2 is distributed in the hope that it will be useful,                |
| but WITHOUT ANY WARRANTY; without even the implied warranty of        |
| MERCHANTABILITY or FITNESS FOR A PARTICULAR PURPOSE. See the GNU      |
| Lesser General Public License for more details.                       |
|                                                                       |
| You should have received a copy of the GNU Lesser General Public      |
| License along with SU2. If not, see <http://www.gnu.org/licenses/>.   |
-------------------------------------------------------------------------

------------------------ Physical Case Definition -----------------------
Compressible Euler equations.
Mach number: 0.8.
Angle of attack (AoA): 1.25 deg, and angle of sideslip (AoS): 0 deg.
Read flow solution from: solution_flow.dat.
Non-Dimensional simulation (P=1.0, Rho=1.0, T=1.0 at the farfield).
The reference length/area (force coefficient) is 1.
The reference length (moment computation) is 1.
Reference origin (moment computation) is (0.25, 0, 0).
Surface(s) where the force coefficients are evaluated: airfoil.
Surface(s) plotted in the output file: airfoil.
Surface(s) affected by the design variables: airfoil.
Input mesh file name: mesh_NACA0012_inv_deform.su2

---------------------- Space Numerical Integration ----------------------
Jameson-Schmidt-Turkel scheme for the flow inviscid terms.
JST viscous coefficients (1st, 2nd & 4th): 0.15, 0.5, 0.02.
The method includes a grid stretching correction (p = 0.3).
Second order integration.
Gradient computation using Green-Gauss theorem.

---------------------- Time Numerical Integration -----------------------
Local time stepping (steady state simulation).
Euler implicit method for the flow equations.
V Multigrid Cycle, with 2 multigrid levels.
Damping factor for the residual restriction: 1.
Damping factor for the correction prolongation: 1.
No CFL adaptation.
Multigrid Level:                       0     1     2
Courant-Friedrichs-Lewy number:       10
MG PreSmooth coefficients:             1     2     3
MG PostSmooth coefficients:            0     0     0
MG CorrecSmooth coefficients:          0     0     0

------------------------- Convergence Criteria --------------------------
Maximum number of iterations: 1000.
Reduce the density residual 6 orders of magnitude.
The minimum bound for the density residual is 10^(-10).
Start convergence criteria at iteration 10.

-------------------------- Output Information ---------------------------
Writing a flow solution every 250 iterations.
Writing the convergence history every 1 iterations.
The output file format is Paraview ASCII (.vtk).
Convergence history file name: history_direct.
Forces breakdown file name: forces_breakdown.dat.
Surface flow coefficients file name: surface_flow.
Flow variables file name: flow.
Restart flow file name: restart_flow.dat.

------------------- Config File Boundary Information --------------------
Euler wall boundary marker(s): airfoil.
Far-field boundary marker(s): farfield.

---------------------- Read Grid File Information -----------------------
Two dimensional problem.
5233 points.
2 surface markers.
200 boundary elements in index 0 (Marker = airfoil).
50 boundary elements in index 1 (Marker = farfield).
10216 triangles.

------------------------- Geometry Preprocessing ------------------------
Setting point connectivity.
Renumbering points (Reverse Cuthill McKee Ordering).
Recomputing point connectivity.
Setting element connectivity.
Checking the numerical grid orientation.
Identifying edges and vertices.
Computing centers of gravity.
Setting the control volume structure.
Area of the computational grid: 1.25e+03.
Searching for the closest normal neighbors to the surfaces.
Compute the surface curvature.
Max K: 7.84e+03. Mean K: 35.7. Standard deviation K: 494.
Checking for periodicity.
Setting the multigrid structure.
MG level: 0 -> CVs: 5233. Agglomeration rate 1/1.00. CFL 10.
MG level: 1 -> CVs: 1533. Agglomeration rate 1/3.41. CFL 8.12.
MG level: 2 -> CVs: 443. Agglomeration rate 1/3.46. CFL 6.55.
Computing wall distances.
Wetted area = 2.03 m.
Area projection in the x-plane = 0.107 m, y-plane = 1 m.

------------------------- Driver information --------------------------
A Fluid driver has been instantiated.

------------------------ Iteration Preprocessing ------------------------
Zone 1: Euler/Navier-Stokes/RANS flow iteration.

------------------------- Solver Preprocessing --------------------------
Inviscid flow: Computing density based on free-stream
temperature and pressure using the ideal gas law.
Force coefficients computed using free-stream values.
-- Input conditions:
Fluid Model: STANDARD_AIR 
Specific gas constant: 287.058 N.m/kg.K.
Specific gas constant (non-dim): 1
Specific Heat Ratio: 1.4
Free-stream static pressure: 101325 Pa.
Free-stream total pressure: 154454 Pa.
Free-stream temperature: 288.15 K.
Free-stream density: 1.22498 kg/m^3.
Free-stream velocity: (272.173, 5.93883) m/s. Magnitude: 272.238 m/s (529.186 KTS).
Free-stream total energy per unit mass: 243846 m^2/s^2.
-- Reference values:
Reference specific gas constant: 287.058 N.m/kg.K.
Reference pressure: 101325 Pa.
Reference temperature: 288.15 K.
Reference density: 1.22498 kg/m^3.
Reference velocity: 287.603 m/s.
Reference energy per unit mass: 82715.8 m^2/s^2.
-- Resulting non-dimensional state:
Mach number (non-dim): 0.8
Specific gas constant (non-dim): 1
Free-stream temperature (non-dim): 1
Free-stream pressure (non-dim): 1
Free-stream density (non-dim): 1
Free-stream velocity (non-dim): (0.946348, 0.0206494). Magnitude: 0.946573
Free-stream total energy per unit mass (non-dim): 2.948

Initialize Jacobian structure (Euler). MG level: 0.
Initialize Jacobian structure (Euler). MG level: 1.
Initialize Jacobian structure (Euler). MG level: 2.

----------------- Integration and Numerics Preprocessing ----------------
Integration Preprocessing.
Numerics Preprocessing.

------------------------------ Begin Solver -----------------------------

---------------------- Local Time Stepping Summary ----------------------
MG level: 0 -> Min. DT: 0.000497818. Max. DT: 3.62878. CFL: 10.
MG level: 1 -> Min. DT: 0.000784415. Max. DT: 5.54692. CFL: 8.11871.
MG level: 2 -> Min. DT: 0.00104895. Max. DT: 7.4147. CFL: 6.5465.
-------------------------------------------------------------------------

----------------------- Residual Evolution Summary ----------------------
log10[Maximum residual]: -4.67363.
Maximum residual point 153, located at (0.55906, 0.044627).
-------------------------------------------------------------------------

 Iter    Time(s)     Res[Rho]     Res[RhoE]      CL(Total)      CD(Total)
 2219   0.056811    -5.787958     -5.191579       0.071064       0.000593
 2220   0.056253    -5.910990     -5.310373       0.070866       0.000495
 2221   0.053825    -5.902965     -5.307461       0.070771       0.000488
 2222   0.052772    -5.880883     -5.283914       0.070644       0.000485
 2223   0.054325    -5.841119     -5.243377       0.070489       0.000478
 2224   0.054167    -5.804355     -5.206240       0.070322       0.000474
 2225   0.053395    -5.791857     -5.196188       0.070146       0.000462
 2226   0.052858    -5.815816     -5.227299       0.069962       0.000470
 2227   0.052407    -5.832546     -5.248289       0.069799       0.000461
 2228   0.052482    -5.859168     -5.279338       0.069643       0.000452
 2229   0.052506    -5.924524     -5.358146       0.069492       0.000449
 2230   0.052431    -5.994039     -5.448129       0.069359       0.000451
 2231   0.052174    -5.966004     -5.413911       0.069245       0.000451
 2232   0.051969    -5.970300     -5.419653       0.069143       0.000449
 2233   0.052954    -5.948585     -5.392352       0.069053       0.000450
 2234   0.052988    -5.939860     -5.381403       0.068973       0.000449
 2235   0.052735    -5.924550     -5.362050       0.068905       0.000449
 2236   0.052557    -5.913664     -5.347770       0.068845       0.000448
 2237   0.052709    -5.904628     -5.335389       0.068793       0.000448
 2238   0.052586    -5.899844     -5.327883       0.068746       0.000448
 2239   0.052816    -5.898774     -5.324658       0.068703       0.000448
 2240   0.052779    -5.900847     -5.325054       0.068664       0.000449
 2241   0.052691    -5.905580     -5.328501       0.068627       0.000449
 2242   0.052651    -5.913061     -5.335134       0.068594       0.000450
 2243   0.052724    -5.923680     -5.345492       0.068562       0.000451
 2244   0.052673    -5.937817     -5.360137       0.068532       0.000452
 2245   0.052585    -5.955809     -5.379592       0.068504       0.000453
 2246   0.052426    -5.978108     -5.404545       0.068477       0.000454
 2247   0.052436    -6.005255     -5.435857       0.068451       0.000456
 2248   0.052471    -6.037684     -5.474380       0.068426       0.000457
 2249   0.052665    -6.075114     -5.520167       0.068403       0.000458
 2250   0.052619    -6.116106     -5.571677       0.068381       0.000459
 2251   0.052517    -6.158272     -5.625689       0.068360       0.000460
 2252   0.052526    -6.197393     -5.675785       0.068341       0.000461
 2253   0.052568    -6.223131     -5.706430       0.068323       0.000461
 2254   0.052502    -6.222221     -5.700128       0.068307       0.000462
 2255   0.052459    -6.226842     -5.703693       0.068291       0.000462
 2256   0.052375    -6.243270     -5.724733       0.068275       0.000461
 2257   0.052267    -6.262259     -5.748098       0.068258       0.000458
 2258   0.052186    -6.261447     -5.742552       0.068241       0.000459

---------------------- Local Time Stepping Summary ----------------------
MG level: 0 -> Min. DT: 0.000497833. Max. DT: 3.62878. CFL: 10.
MG level: 1 -> Min. DT: 0.000784476. Max. DT: 5.54694. CFL: 8.11871.
MG level: 2 -> Min. DT: 0.00104892. Max. DT: 7.41471. CFL: 6.5465.
-------------------------------------------------------------------------

----------------------- Residual Evolution Summary ----------------------
log10[Maximum residual]: -5.18374.
Maximum residual point 1183, located at (0.596845, 0.131591).
-------------------------------------------------------------------------

 Iter    Time(s)     Res[Rho]     Res[RhoE]      CL(Total)      CD(Total)
 2259   0.052220    -6.253182     -5.728380       0.068226       0.000460
 2260   0.052229    -6.246040     -5.718455       0.068213       0.000460
 2261   0.052254    -6.251188     -5.725867       0.068198       0.000461
 2262   0.052248    -6.260180     -5.736784       0.068184       0.000461
 2263   0.052261    -6.265427     -5.741538       0.068169       0.000461
 2264   0.052190    -6.266543     -5.741099       0.068155       0.000461
 2265   0.052118    -6.266783     -5.740101       0.068140       0.000460
 2266   0.052084    -6.268143     -5.740990       0.068126       0.000460
 2267   0.052052    -6.272786     -5.746560       0.068112       0.000459
 2268   0.052102    -6.281835     -5.758245       0.068098       0.000458
 2269   0.052111    -6.295084     -5.775631       0.068084       0.000457
 2270   0.052301    -6.310999     -5.796503       0.068069       0.000457
 2271   0.052831    -6.320253     -5.807062       0.068056       0.000459
 2272   0.053364    -6.312623     -5.792908       0.068044       0.000459
 2273   0.053438    -6.323927     -5.809789       0.068032       0.000458
 2274   0.053471    -6.333793     -5.824204       0.068020       0.000458
 2275   0.053679    -6.334694     -5.821831       0.068008       0.000458
 2276   0.053622    -6.346187     -5.835825       0.067997       0.000458
 2277   0.053600    -6.361563     -5.855782       0.067987       0.000457
 2278   0.053582    -6.375192     -5.870638       0.067977       0.000457
 2279   0.053760    -6.383975     -5.877810       0.067968       0.000456
 2280   0.053724    -6.389202     -5.880847       0.067960       0.000456
 2281   0.053683    -6.391491     -5.880408       0.067952       0.000456
 2282   0.053602    -6.390034     -5.875056       0.067945       0.000456
 2283   0.053582    -6.388086     -5.869883       0.067938       0.000456
 2284   0.053648    -6.389272     -5.869883       0.067932       0.000456
 2285   0.053595    -6.393852     -5.874721       0.067926       0.000457
 2286   0.053540    -6.401666     -5.883748       0.067921       0.000456
 2287   0.053579    -6.412652     -5.896811       0.067916       0.000456
 2288   0.053662    -6.426403     -5.913270       0.067912       0.000456
 2289   0.053621    -6.441831     -5.931425       0.067908       0.000456
 2290   0.053598    -6.457256     -5.948811       0.067904       0.000456
 2291   0.053576    -6.471179     -5.963534       0.067900       0.000456
 2292   0.053580    -6.483460     -5.975897       0.067897       0.000456
 2293   0.053536    -6.494971     -5.987397       0.067894       0.000455
 2294   0.053490    -6.506049     -5.998383       0.067891       0.000455
 2295   0.053442    -6.516657     -6.008668       0.067888       0.000455
 2296   0.053430    -6.527078     -6.018740       0.067885       0.000455
 2297   0.053494    -6.538051     -6.029734       0.067883       0.000455
 2298   0.053501    -6.550201     -6.042449       0.067881       0.000455

---------------------- Local Time Stepping Summary ----------------------
MG level: 0 -> Min. DT: 0.000497853. Max. DT: 3.62878. CFL: 10.
MG level: 1 -> Min. DT: 0.000784458. Max. DT: 5.54694. CFL: 8.11871.
MG level: 2 -> Min. DT: 0.0010489. Max. DT: 7.41472. CFL: 6.5465.
-------------------------------------------------------------------------

----------------------- Residual Evolution Summary ----------------------
log10[Maximum residual]: -5.34136.
Maximum residual point 357, located at (0.520322, 0.0603598).
-------------------------------------------------------------------------

 Iter    Time(s)     Res[Rho]     Res[RhoE]      CL(Total)      CD(Total)
 2299   0.053481    -6.563779     -6.057061       0.067879       0.000455
 2300   0.053447    -6.578699     -6.073306       0.067877       0.000455
 2301   0.053466    -6.594274     -6.090133       0.067876       0.000455
 2302   0.053418    -6.609793     -6.106512       0.067875       0.000455
 2303   0.053391    -6.624557     -6.121542       0.067874       0.000455
 2304   0.053396    -6.637888     -6.134401       0.067873       0.000455
 2305   0.053379    -6.649277     -6.144523       0.067872       0.000455
 2306   0.053365    -6.658617     -6.151946       0.067872       0.000455
 2307   0.053338    -6.666336     -6.157435       0.067872       0.000454
 2308   0.053329    -6.673434     -6.162456       0.067872       0.000454
 2309   0.053327    -6.681069     -6.168575       0.067872       0.000454
 2310   0.053294    -6.690184     -6.176965       0.067872       0.000454
 2311   0.053273    -6.701295     -6.188155       0.067873       0.000454
 2312   0.053240    -6.714401     -6.201968       0.067873       0.000454
 2313   0.053197    -6.729099     -6.217719       0.067874       0.000454
 2314   0.053150    -6.744643     -6.234320       0.067875       0.000454
 2315   0.053103    -6.760156     -6.250568       0.067876       0.000454
 2316   0.053066    -6.774805     -6.265385       0.067877       0.000454
 2317   0.053058    -6.788099     -6.278235       0.067878       0.000454
 2318   0.053167    -6.799986     -6.289191       0.067879       0.000454
 2319   0.053139    -6.810763     -6.298774       0.067881       0.000454
 2320   0.053104    -6.820836     -6.307596       0.067882       0.000454
 2321   0.053059    -6.830774     -6.316430       0.067883       0.000454
 2322   0.053029    -6.841044     -6.325885       0.067885       0.000454
 2323   0.053053    -6.852029     -6.336441       0.067886       0.000454
 2324   0.053047    -6.863937     -6.348292       0.067888       0.000454
 2325   0.053049    -6.876666     -6.361219       0.067889       0.000454
 2326   0.053024    -6.890015     -6.374895       0.067891       0.000454
 2327   0.053002    -6.903725     -6.388954       0.067892       0.000454
 2328   0.052984    -6.917608     -6.403156       0.067894       0.000454
 2329   0.052991    -6.931524     -6.417333       0.067895       0.000454
 2330   0.052968    -6.945416     -6.431431       0.067897       0.000454
 2331   0.052954    -6.959201     -6.445352       0.067898       0.000454
 2332   0.052916    -6.972891     -6.459125       0.067900       0.000454
 2333   0.052957    -6.986592     -6.472914       0.067901       0.000454
 2334   0.052974    -7.000372     -6.486812       0.067903       0.000454
 2335   0.052953    -7.014238     -6.500823       0.067904       0.000454
 2336   0.052951    -7.028138     -6.514863       0.067905       0.000454
 2337   0.052988    -7.042136     -6.529026       0.067907       0.000454
 2338   0.052972    -7.056297     -6.543401       0.067908       0.000454

---------------------- Local Time Stepping Summary ----------------------
MG level: 0 -> Min. DT: 0.000497837. Max. DT: 3.62878. CFL: 10.
MG level: 1 -> Min. DT: 0.000784454. Max. DT: 5.54694. CFL: 8.11871.
MG level: 2 -> Min. DT: 0.0010489. Max. DT: 7.41472. CFL: 6.5465.
-------------------------------------------------------------------------

----------------------- Residual Evolution Summary ----------------------
log10[Maximum residual]: -5.93802.
Maximum residual point 362, located at (0.488637, 0.0611793).
-------------------------------------------------------------------------

 Iter    Time(s)     Res[Rho]     Res[RhoE]      CL(Total)      CD(Total)
 2339   0.052944    -7.070665     -6.558045       0.067909       0.000454
 2340   0.053031    -7.085275     -6.572998       0.067911       0.000454
 2341   0.053024    -7.100130     -6.588258       0.067912       0.000454
 2342   0.053027    -7.115218     -6.603808       0.067913       0.000454
 2343   0.053011    -7.130553     -6.619660       0.067914       0.000454
 2344   0.052981    -7.146153     -6.635828       0.067915       0.000454
 2345   0.052952    -7.161963     -6.652254       0.067917       0.000454
 2346   0.052969    -7.178019     -6.668994       0.067918       0.000454
 2347   0.052980    -7.194333     -6.686057       0.067919       0.000454
 2348   0.053004    -7.211011     -6.703586       0.067920       0.000454
 2349   0.052989    -7.228185     -6.721765       0.067921       0.000454
 2350   0.052958    -7.245953     -6.740723       0.067922       0.000454
 2351   0.052928    -7.264314     -6.760422       0.067923       0.000454
 2352   0.052913    -7.283171     -6.780717       0.067924       0.000454
 2353   0.052893    -7.302424     -6.801455       0.067925       0.000454
 2354   0.052872    -7.322008     -6.822551       0.067926       0.000454
 2355   0.052870    -7.341997     -6.844131       0.067927       0.000454
 2356   0.052917    -7.362406     -6.866211       0.067928       0.000454
 2357   0.052943    -7.383227     -6.888758       0.067929       0.000454
 2358   0.052940    -7.404356     -6.911600       0.067929       0.000454
 2359   0.052938    -7.425589     -6.934423       0.067930       0.000454
 2360   0.052909    -7.446558     -6.956675       0.067931       0.000454
 2361   0.052888    -7.466393     -6.977035       0.067932       0.000454
 2362   0.052867    -7.483246     -6.992771       0.067932       0.000454
 2363   0.052916    -7.496669     -7.003801       0.067933       0.000454
 2364   0.052993    -7.511026     -7.017148       0.067933       0.000454
 2365   0.053026    -7.527121     -7.033482       0.067934       0.000454
 2366   0.053059    -7.543672     -7.050080       0.067935       0.000454
 2367   0.053097    -7.559498     -7.065119       0.067935       0.000454
 2368   0.053166    -7.574558     -7.079001       0.067935       0.000454
 2369   0.053146    -7.589145     -7.092375       0.067936       0.000454
 2370   0.053157    -7.603666     -7.105804       0.067936       0.000454
 2371   0.053154    -7.618483     -7.119724       0.067936       0.000454
 2372   0.053126    -7.633745     -7.134288       0.067937       0.000454
 2373   0.053103    -7.649258     -7.149145       0.067937       0.000454
 2374   0.053088    -7.664456     -7.163438       0.067937       0.000454
 2375   0.053092    -7.678731     -7.176329       0.067937       0.000454
 2376   0.053121    -7.691761     -7.187487       0.067937       0.000454
 2377   0.053105    -7.703742     -7.197345       0.067937       0.000454
 2378   0.053077    -7.715313     -7.206911       0.067937       0.000454

---------------------- Local Time Stepping Summary ----------------------
MG level: 0 -> Min. DT: 0.000497833. Max. DT: 3.62878. CFL: 10.
MG level: 1 -> Min. DT: 0.000784455. Max. DT: 5.54694. CFL: 8.11871.
MG level: 2 -> Min. DT: 0.0010489. Max. DT: 7.41472. CFL: 6.5465.
-------------------------------------------------------------------------

----------------------- Residual Evolution Summary ----------------------
log10[Maximum residual]: -6.49162.
Maximum residual point 1206, located at (0.393994, 0.135748).
-------------------------------------------------------------------------

 Iter    Time(s)     Res[Rho]     Res[RhoE]      CL(Total)      CD(Total)
 2379   0.053095    -7.727252     -7.217288       0.067938       0.000454
 2380   0.053082    -7.740161     -7.229235       0.067938       0.000454
 2381   0.053064    -7.754286     -7.242967       0.067938       0.000454
 2382   0.053042    -7.769482     -7.258148       0.067938       0.000454
 2383   0.053045    -7.785269     -7.274003       0.067938       0.000454
 2384   0.053056    -7.800979     -7.289558       0.067938       0.000454
 2385   0.053038    -7.815981     -7.303966       0.067938       0.000454
 2386   0.053017    -7.829892     -7.316792       0.067938       0.000454
 2387   0.053021    -7.842679     -7.328118       0.067938       0.000454
 2388   0.053026    -7.854603     -7.338407       0.067937       0.000454
 2389   0.053017    -7.866067     -7.348257       0.067937       0.000454
 2390   0.052994    -7.877476     -7.358221       0.067937       0.000454
 2391   0.052975    -7.889150     -7.368695       0.067937       0.000454
 2392   0.052979    -7.901277     -7.379891       0.067937       0.000454
 2393   0.053019    -7.913920     -7.391846       0.067937       0.000454
 2394   0.053000    -7.927037     -7.404463       0.067937       0.000454
 2395   0.052986    -7.940524     -7.417578       0.067937       0.000454
 2396   0.052987    -7.954259     -7.431010       0.067937       0.000454
 2397   0.052983    -7.968126     -7.444602       0.067937       0.000454
 2398   0.052984    -7.982040     -7.458241       0.067937       0.000454
 2399   0.052967    -7.995942     -7.471860       0.067936       0.000454
 2400   0.052946    -8.009808     -7.485434       0.067936       0.000454
 2401   0.052948    -8.023632     -7.498967       0.067936       0.000454
 2402   0.052936    -8.037427     -7.512483       0.067936       0.000454
 2403   0.052912    -8.051211     -7.526015       0.067936       0.000454
 2404   0.052888    -8.065006     -7.539594       0.067936       0.000454
 2405   0.052870    -8.078830     -7.553247       0.067936       0.000454
 2406   0.052875    -8.092695     -7.566989       0.067936       0.000454
 2407   0.052865    -8.106604     -7.580823       0.067935       0.000454
 2408   0.052840    -8.120553     -7.594742       0.067935       0.000454
 2409   0.052817    -8.134532     -7.608727       0.067935       0.000454
 2410   0.052809    -8.148525     -7.622757       0.067935       0.000454
 2411   0.052801    -8.162511     -7.636803       0.067935       0.000454
 2412   0.052798    -8.176473     -7.650840       0.067935       0.000454
 2413   0.052781    -8.190394     -7.664850       0.067935       0.000454
 2414   0.052778    -8.204266     -7.678823       0.067935       0.000454
 2415   0.052776    -8.218085     -7.692758       0.067934       0.000454
 2416   0.052755    -8.231849     -7.706654       0.067934       0.000454
 2417   0.052738    -8.245542     -7.720494       0.067934       0.000454
 2418   0.052737    -8.259197     -7.734322       0.067934       0.000454

---------------------- Local Time Stepping Summary ----------------------
MG level: 0 -> Min. DT: 0.000497835. Max. DT: 3.62878. CFL: 10.
MG level: 1 -> Min. DT: 0.000784455. Max. DT: 5.54694. CFL: 8.11871.
MG level: 2 -> Min. DT: 0.0010489. Max. DT: 7.41472. CFL: 6.5465.
-------------------------------------------------------------------------

----------------------- Residual Evolution Summary ----------------------
log10[Maximum residual]: -7.08788.
Maximum residual point 252, located at (0.425549, 0.0617433).
-------------------------------------------------------------------------

 Iter    Time(s)     Res[Rho]     Res[RhoE]      CL(Total)      CD(Total)
 2419   0.052738    -8.272842     -7.748175       0.067934       0.000454
 2420   0.052733    -8.286504     -7.762089       0.067934       0.000454
 2421   0.052713    -8.300203     -7.776089       0.067934       0.000454
 2422   0.052710    -8.313953     -7.790189       0.067934       0.000454
 2423   0.052736    -8.327755     -7.804392       0.067934       0.000454
 2424   0.052726    -8.341609     -7.818692       0.067933       0.000454
 2425   0.052710    -8.355507     -7.833079       0.067933       0.000454
 2426   0.052708    -8.369443     -7.847540       0.067933       0.000454
 2427   0.052689    -8.383411     -7.862069       0.067933       0.000454
 2428   0.052692    -8.397409     -7.876660       0.067933       0.000454
 2429   0.052695    -8.411437     -7.891312       0.067933       0.000454
 2430   0.052697    -8.425500     -7.906029       0.067933       0.000454
 2431   0.052694    -8.439601     -7.920814       0.067933       0.000454
 2432   0.052702    -8.453746     -7.935672       0.067933       0.000454
 2433   0.052703    -8.467943     -7.950609       0.067933       0.000454
 2434   0.052696    -8.482198     -7.965630       0.067933       0.000454
 2435   0.052681    -8.496510     -7.980733       0.067933       0.000454
 2436   0.052673    -8.510884     -7.995924       0.067932       0.000454
 2437   0.052656    -8.525319     -8.011190       0.067932       0.000454
 2438   0.052654    -8.539781     -8.026481       0.067932       0.000454
 2439   0.052656    -8.554241     -8.041753       0.067932       0.000454
 2440   0.052665    -8.568719     -8.057039       0.067932       0.000454
 2441   0.052647    -8.583294     -8.072452       0.067932       0.000454
 2442   0.052628    -8.598053     -8.088115       0.067932       0.000454
 2443   0.052614    -8.613057     -8.104096       0.067932       0.000454
 2444   0.052611    -8.628328     -8.120414       0.067932       0.000454
 2445   0.052604    -8.643885     -8.137087       0.067932       0.000454
 2446   0.052617    -8.659721     -8.154095       0.067932       0.000454
 2447   0.052611    -8.675822     -8.171413       0.067932       0.000454
 2448   0.052611    -8.692178     -8.189022       0.067932       0.000454
 2449   0.052591    -8.708783     -8.206906       0.067932       0.000454
 2450   0.052583    -8.725635     -8.225058       0.067932       0.000454
 2451   0.052640    -8.742736     -8.243474       0.067932       0.000454
 2452   0.052635    -8.760090     -8.262155       0.067932       0.000454
 2453   0.052623    -8.777694     -8.281091       0.067932       0.000454
 2454   0.052607    -8.795539     -8.300259       0.067932       0.000454
 2455   0.052593    -8.813600     -8.319617       0.067932       0.000454
 2456   0.052584    -8.831833     -8.339092       0.067932       0.000454
 2457   0.052573    -8.850173     -8.358579       0.067932       0.000454
 2458   0.052568    -8.868530     -8.377941       0.067931       0.000454

---------------------- Local Time Stepping Summary ----------------------
MG level: 0 -> Min. DT: 0.000497835. Max. DT: 3.62878. CFL: 10.
MG level: 1 -> Min. DT: 0.000784455. Max. DT: 5.54694. CFL: 8.11871.
MG level: 2 -> Min. DT: 0.0010489. Max. DT: 7.41472. CFL: 6.5465.
-------------------------------------------------------------------------

----------------------- Residual Evolution Summary ----------------------
log10[Maximum residual]: -7.71589.
Maximum residual point 1206, located at (0.393994, 0.135748).
-------------------------------------------------------------------------

 Iter    Time(s)     Res[Rho]     Res[RhoE]      CL(Total)      CD(Total)
 2459   0.052580    -8.886810     -8.397040       0.067931       0.000454
 2460   0.052645    -8.904999     -8.415892       0.067931       0.000454
 2461   0.052776    -8.923451     -8.435136       0.067931       0.000454
 2462   0.052803    -8.942808     -8.455836       0.067931       0.000454
 2463   0.052805    -8.959700     -8.472283       0.067931       0.000454
 2464   0.052821    -8.973807     -8.484275       0.067931       0.000454
 2465   0.052873    -8.990228     -8.500379       0.067931       0.000454
 2466   0.052873    -9.006602     -8.516442       0.067931       0.000454
 2467   0.052869    -9.021560     -8.529914       0.067931       0.000454
 2468   0.052881    -9.034637     -8.540557       0.067931       0.000454
 2469   0.052892    -9.046582     -8.549976       0.067931       0.000454

-------------------------- File Output Summary --------------------------
Writing comma-separated values (CSV) surface files.
Merging connectivities in the Master node.
Merging coordinates in the Master node.
Merging solution in the Master node.
Writing SU2 native restart file.
Writing Paraview ASCII volume solution file.
Writing Paraview ASCII surface solution file.
Writing the forces breakdown file.
-------------------------------------------------------------------------

 2470   0.053140    -9.058370     -8.559639       0.067931       0.000454
 2471   0.053132    -9.070866     -8.570643       0.067931       0.000454
 2472   0.053132    -9.084828     -8.583903       0.067931       0.000454
 2473   0.053114    -9.100435     -8.599469       0.067931       0.000454
 2474   0.053107    -9.117123     -8.616317       0.067931       0.000454
 2475   0.053111    -9.133772     -8.632721       0.067931       0.000454
 2476   0.053113    -9.149110     -8.646915       0.067931       0.000454
 2477   0.053098    -9.162241     -8.657846       0.067931       0.000454
 2478   0.053078    -9.173146     -8.665810       0.067931       0.000454
 2479   0.053071    -9.182725     -8.672333       0.067931       0.000454
 2480   0.053066    -9.192240     -8.679264       0.067931       0.000454
 2481   0.053056    -9.202755     -8.687985       0.067931       0.000454
 2482   0.053041    -9.214894     -8.699183       0.067931       0.000454
 2483   0.053038    -9.228789     -8.712852       0.067931       0.000454
 2484   0.053053    -9.244095     -8.728359       0.067931       0.000454
 2485   0.053037    -9.260104     -8.744615       0.067931       0.000454
 2486   0.053026    -9.275898     -8.760314       0.067931       0.000454
 2487   0.053049    -9.290651     -8.774372       0.067931       0.000454
 2488   0.053050    -9.303881     -8.786264       0.067931       0.000454
 2489   0.053041    -9.315568     -8.796132       0.067931       0.000454
 2490   0.053022    -9.326057     -8.804578       0.067931       0.000454
 2491   0.053010    -9.335866     -8.812364       0.067931       0.000454
 2492   0.053005    -9.345516     -8.820182       0.067931       0.000454
 2493   0.053008    -9.355421     -8.828551       0.067931       0.000454
 2494   0.053004    -9.365846     -8.837762       0.067931       0.000454
 2495   0.052995    -9.376892     -8.847898       0.067931       0.000454
 2496   0.053011    -9.388528     -8.858871       0.067931       0.000454
 2497   0.053027    -9.400634     -8.870487       0.067931       0.000454
 2498   0.053031    -9.413048     -8.882511       0.067931       0.000454

---------------------- Local Time Stepping Summary ----------------------
MG level: 0 -> Min. DT: 0.000497835. Max. DT: 3.62878. CFL: 10.
MG level: 1 -> Min. DT: 0.000784455. Max. DT: 5.54694. CFL: 8.11871.
MG level: 2 -> Min. DT: 0.0010489. Max. DT: 7.41472. CFL: 6.5465.
-------------------------------------------------------------------------

----------------------- Residual Evolution Summary ----------------------
log10[Maximum residual]: -8.28104.
Maximum residual point 732, located at (0.41019, 0.0950086).
-------------------------------------------------------------------------

 Iter    Time(s)     Res[Rho]     Res[RhoE]      CL(Total)      CD(Total)
 2499   0.053023    -9.425607     -8.894721       0.067931       0.000454
 2500   0.053015    -9.438177     -8.906940       0.067931       0.000454
 2501   0.053033    -9.450664     -8.919056       0.067931       0.000454
 2502   0.053056    -9.463018     -8.931015       0.067931       0.000454
 2503   0.053068    -9.475232     -8.942822       0.067931       0.000454
 2504   0.053114    -9.487329     -8.954515       0.067931       0.000454
 2505   0.053117    -9.499349     -8.966160       0.067931       0.000454
 2506   0.053126    -9.511342     -8.977824       0.067931       0.000454
 2507   0.053129    -9.523356     -8.989572       0.067931       0.000454
 2508   0.053112    -9.535429     -9.001454       0.067931       0.000454
 2509   0.053099    -9.547585     -9.013497       0.067931       0.000454
 2510   0.053095    -9.559836     -9.025710       0.067931       0.000454
 2511   0.053085    -9.572176     -9.038083       0.067931       0.000454
 2512   0.053073    -9.584591     -9.050593       0.067931       0.000454
 2513   0.053059    -9.597061     -9.063208       0.067931       0.000454
 2514   0.053059    -9.609562     -9.075895       0.067931       0.000454
 2515   0.053057    -9.622074     -9.088628       0.067931       0.000454
 2516   0.053041    -9.634594     -9.101400       0.067931       0.000454
 2517   0.053031    -9.647115     -9.114199       0.067931       0.000454
 2518   0.053028    -9.659630     -9.127019       0.067931       0.000454
 2519   0.053029    -9.672146     -9.139871       0.067931       0.000454
 2520   0.053020    -9.684704     -9.152815       0.067931       0.000454
 2521   0.053010    -9.697364     -9.165930       0.067931       0.000454
 2522   0.053005    -9.710161     -9.179255       0.067931       0.000454
 2523   0.053013    -9.723084     -9.192770       0.067931       0.000454
 2524   0.053011    -9.736097     -9.206418       0.067931       0.000454
 2525   0.053011    -9.749176     -9.220168       0.067931       0.000454
 2526   0.053013    -9.762311     -9.234007       0.067931       0.000454
 2527   0.053030    -9.775508     -9.247946       0.067931       0.000454
 2528   0.053022    -9.788782     -9.262002       0.067931       0.000454
 2529   0.053010    -9.802150     -9.276196       0.067931       0.000454
 2530   0.053002    -9.815627     -9.290543       0.067931       0.000454
 2531   0.053005    -9.829224     -9.305056       0.067931       0.000454
 2532   0.053001    -9.842952     -9.319747       0.067931       0.000454
 2533   0.052995    -9.856821     -9.334624       0.067931       0.000454
 2534   0.052993    -9.870836     -9.349693       0.067931       0.000454
 2535   0.053050    -9.885006     -9.364960       0.067931       0.000454
 2536   0.053053    -9.899335     -9.380428       0.067931       0.000454
 2537   0.053046    -9.913830     -9.396102       0.067931       0.000454
 2538   0.053048    -9.928499     -9.411989       0.067931       0.000454

---------------------- Local Time Stepping Summary ----------------------
MG level: 0 -> Min. DT: 0.000497835. Max. DT: 3.62878. CFL: 10.
MG level: 1 -> Min. DT: 0.000784455. Max. DT: 5.54694. CFL: 8.11871.
MG level: 2 -> Min. DT: 0.0010489. Max. DT: 7.41472. CFL: 6.5465.
-------------------------------------------------------------------------

----------------------- Residual Evolution Summary ----------------------
log10[Maximum residual]: -8.74461.
Maximum residual point 436, located at (0.363655, 0.0609789).
-------------------------------------------------------------------------

 Iter    Time(s)     Res[Rho]     Res[RhoE]      CL(Total)      CD(Total)
 2539   0.053035    -9.943349     -9.428094       0.067931       0.000454
 2540   0.053037    -9.958391     -9.444426       0.067931       0.000454
 2541   0.053039    -9.973633     -9.460994       0.067931       0.000454
 2542   0.053029    -9.989088     -9.477810       0.067931       0.000454
 2543   0.053022   -10.004770     -9.494887       0.067931       0.000454

-------------------------- File Output Summary --------------------------
Writing comma-separated values (CSV) surface files.
Merging connectivities in the Master node.
Merging coordinates in the Master node.
Merging solution in the Master node.
Writing SU2 native restart file.
Writing Paraview ASCII volume solution file.
Writing Paraview ASCII surface solution file.
Writing the forces breakdown file.
-------------------------------------------------------------------------

History file, closed.

------------------------- Solver Postprocessing -------------------------
Deleted CNumerics container.
Deleted CIntegration container.
Deleted CSolver container.
Deleted CIteration container.
Deleted CInterpolator container.
Deleted CTransfer container.
Deleted CGeometry container.
Deleted CFreeFormDefBox class.
Deleted CSurfaceMovement class.
Deleted CVolumetricMovement class.
Deleted CConfig container.
Deleted COutput class.
-------------------------------------------------------------------------

Completed in 17.316637 seconds on 1 core.

------------------------- Exit Success (SU2_CFD) ------------------------

