
-------------------------------------------------------------------------
|    ___ _   _ ___                                                      |
|   / __| | | |_  )   Release 5.0.0  "Raven"                            |
|   \__ \ |_| |/ /                                                      |
|   |___/\___//___|   Suite (Computational Fluid Dynamics Code)         |
|                                                                       |
-------------------------------------------------------------------------
| SU2 Original Developers: Dr. Francisco D. Palacios.                   |
|                          Dr. Thomas D. Economon.                      |
-------------------------------------------------------------------------
| SU2 Developers:                                                       |
| - Prof. Juan J. Alonso's group at Stanford University.                |
| - Prof. Piero Colonna's group at Delft University of Technology.      |
| - Prof. Nicolas R. Gauger's group at Kaiserslautern U. of Technology. |
| - Prof. Alberto Guardone's group at Polytechnic University of Milan.  |
| - Prof. Rafael Palacios' group at Imperial College London.            |
| - Prof. Edwin van der Weide's group at the University of Twente.      |
| - Prof. Vincent Terrapon's group at the University of Liege.          |
-------------------------------------------------------------------------
| Copyright (C) 2012-2017 SU2, the open-source CFD code.                |
|                                                                       |
| SU2 is free software; you can redistribute it and/or                  |
| modify it under the terms of the GNU Lesser General Public            |
| License as published by the Free Software Foundation; either          |
| version 2.1 of the License, or (at your option) any later version.    |
|                                                                       |
| SU2 is distributed in the hope that it will be useful,                |
| but WITHOUT ANY WARRANTY; without even the implied warranty of        |
| MERCHANTABILITY or FITNESS FOR A PARTICULAR PURPOSE. See the GNU      |
| Lesser General Public License for more details.                       |
|                                                                       |
| You should have received a copy of the GNU Lesser General Public      |
| License along with SU2. If not, see <http://www.gnu.org/licenses/>.   |
-------------------------------------------------------------------------

------------------------ Physical Case Definition -----------------------
Compressible Euler equations.
Mach number: 0.8.
Angle of attack (AoA): 1.25 deg, and angle of sideslip (AoS): 0 deg.
Read flow solution from: solution_flow.dat.
Non-Dimensional simulation (P=1.0, Rho=1.0, T=1.0 at the farfield).
The reference length/area (force coefficient) is 1.
The reference length (moment computation) is 1.
Reference origin (moment computation) is (0.25, 0, 0).
Surface(s) where the force coefficients are evaluated: airfoil.
Surface(s) plotted in the output file: airfoil.
Surface(s) affected by the design variables: airfoil.
Input mesh file name: mesh_NACA0012_inv_deform.su2

---------------------- Space Numerical Integration ----------------------
Jameson-Schmidt-Turkel scheme for the flow inviscid terms.
JST viscous coefficients (1st, 2nd & 4th): 0.15, 0.5, 0.02.
The method includes a grid stretching correction (p = 0.3).
Second order integration.
Gradient computation using Green-Gauss theorem.

---------------------- Time Numerical Integration -----------------------
Local time stepping (steady state simulation).
Euler implicit method for the flow equations.
V Multigrid Cycle, with 2 multigrid levels.
Damping factor for the residual restriction: 1.
Damping factor for the correction prolongation: 1.
No CFL adaptation.
Multigrid Level:                       0     1     2
Courant-Friedrichs-Lewy number:       10
MG PreSmooth coefficients:             1     2     3
MG PostSmooth coefficients:            0     0     0
MG CorrecSmooth coefficients:          0     0     0

------------------------- Convergence Criteria --------------------------
Maximum number of iterations: 1000.
Reduce the density residual 6 orders of magnitude.
The minimum bound for the density residual is 10^(-10).
Start convergence criteria at iteration 10.

-------------------------- Output Information ---------------------------
Writing a flow solution every 250 iterations.
Writing the convergence history every 1 iterations.
The output file format is Paraview ASCII (.vtk).
Convergence history file name: history_direct.
Forces breakdown file name: forces_breakdown.dat.
Surface flow coefficients file name: surface_flow.
Flow variables file name: flow.
Restart flow file name: restart_flow.dat.

------------------- Config File Boundary Information --------------------
Euler wall boundary marker(s): airfoil.
Far-field boundary marker(s): farfield.

---------------------- Read Grid File Information -----------------------
Two dimensional problem.
5233 points.
2 surface markers.
200 boundary elements in index 0 (Marker = airfoil).
50 boundary elements in index 1 (Marker = farfield).
10216 triangles.

------------------------- Geometry Preprocessing ------------------------
Setting point connectivity.
Renumbering points (Reverse Cuthill McKee Ordering).
Recomputing point connectivity.
Setting element connectivity.
Checking the numerical grid orientation.
Identifying edges and vertices.
Computing centers of gravity.
Setting the control volume structure.
Area of the computational grid: 1.25e+03.
Searching for the closest normal neighbors to the surfaces.
Compute the surface curvature.
Max K: 7.84e+03. Mean K: 35.7. Standard deviation K: 494.
Checking for periodicity.
Setting the multigrid structure.
MG level: 0 -> CVs: 5233. Agglomeration rate 1/1.00. CFL 10.
MG level: 1 -> CVs: 1533. Agglomeration rate 1/3.41. CFL 8.12.
MG level: 2 -> CVs: 443. Agglomeration rate 1/3.46. CFL 6.55.
Computing wall distances.
Wetted area = 2.03 m.
Area projection in the x-plane = 0.107 m, y-plane = 1 m.

------------------------- Driver information --------------------------
A Fluid driver has been instantiated.

------------------------ Iteration Preprocessing ------------------------
Zone 1: Euler/Navier-Stokes/RANS flow iteration.

------------------------- Solver Preprocessing --------------------------
Inviscid flow: Computing density based on free-stream
temperature and pressure using the ideal gas law.
Force coefficients computed using free-stream values.
-- Input conditions:
Fluid Model: STANDARD_AIR 
Specific gas constant: 287.058 N.m/kg.K.
Specific gas constant (non-dim): 1
Specific Heat Ratio: 1.4
Free-stream static pressure: 101325 Pa.
Free-stream total pressure: 154454 Pa.
Free-stream temperature: 288.15 K.
Free-stream density: 1.22498 kg/m^3.
Free-stream velocity: (272.173, 5.93883) m/s. Magnitude: 272.238 m/s (529.186 KTS).
Free-stream total energy per unit mass: 243846 m^2/s^2.
-- Reference values:
Reference specific gas constant: 287.058 N.m/kg.K.
Reference pressure: 101325 Pa.
Reference temperature: 288.15 K.
Reference density: 1.22498 kg/m^3.
Reference velocity: 287.603 m/s.
Reference energy per unit mass: 82715.8 m^2/s^2.
-- Resulting non-dimensional state:
Mach number (non-dim): 0.8
Specific gas constant (non-dim): 1
Free-stream temperature (non-dim): 1
Free-stream pressure (non-dim): 1
Free-stream density (non-dim): 1
Free-stream velocity (non-dim): (0.946348, 0.0206494). Magnitude: 0.946573
Free-stream total energy per unit mass (non-dim): 2.948

Initialize Jacobian structure (Euler). MG level: 0.
Initialize Jacobian structure (Euler). MG level: 1.
Initialize Jacobian structure (Euler). MG level: 2.

----------------- Integration and Numerics Preprocessing ----------------
Integration Preprocessing.
Numerics Preprocessing.

------------------------------ Begin Solver -----------------------------

---------------------- Local Time Stepping Summary ----------------------
MG level: 0 -> Min. DT: 0.000497851. Max. DT: 3.62895. CFL: 10.
MG level: 1 -> Min. DT: 0.000784787. Max. DT: 5.5474. CFL: 8.11871.
MG level: 2 -> Min. DT: 0.00104707. Max. DT: 7.41514. CFL: 6.5465.
-------------------------------------------------------------------------

----------------------- Residual Evolution Summary ----------------------
log10[Maximum residual]: -3.32994.
Maximum residual point 146, located at (0.44878, 0.046863).
-------------------------------------------------------------------------

 Iter    Time(s)     Res[Rho]     Res[RhoE]      CL(Total)      CD(Total)
 1465   0.055947    -4.467170     -3.870791       0.030022       0.002178
 1466   0.053016    -4.468028     -3.872144       0.034962       0.001582
 1467   0.053534    -4.489398     -3.892797       0.038509       0.002359
 1468   0.053647    -4.532759     -3.939196       0.041282       0.002427
 1469   0.053896    -4.545433     -3.959340       0.044491       0.002378
 1470   0.052975    -4.514594     -3.925791       0.047491       0.002332
 1471   0.052634    -4.493858     -3.902229       0.050169       0.002267
 1472   0.052370    -4.512510     -3.925055       0.052780       0.002143
 1473   0.052001    -4.569474     -3.996127       0.055305       0.002085
 1474   0.051938    -4.596446     -4.027230       0.057727       0.002009
 1475   0.051910    -4.626936     -4.058721       0.059951       0.001931
 1476   0.051636    -4.675833     -4.114446       0.062019       0.001893
 1477   0.051552    -4.717398     -4.163235       0.063914       0.001782
 1478   0.051720    -4.715288     -4.156212       0.065492       0.001691
 1479   0.051529    -4.700119     -4.133902       0.066815       0.001582
 1480   0.051476    -4.696911     -4.128187       0.067990       0.001450
 1481   0.051361    -4.713919     -4.149650       0.069053       0.001284
 1482   0.051258    -4.727308     -4.166806       0.069950       0.001160
 1483   0.051317    -4.734369     -4.174309       0.070705       0.001037
 1484   0.051193    -4.749440     -4.191946       0.071356       0.000903
 1485   0.051090    -4.773225     -4.221994       0.071904       0.000790
 1486   0.051025    -4.796328     -4.251175       0.072345       0.000706
 1487   0.051051    -4.815883     -4.275052       0.072684       0.000643
 1488   0.051191    -4.830274     -4.291951       0.072937       0.000601
 1489   0.051108    -4.831641     -4.291140       0.073127       0.000608
 1490   0.051021    -4.810787     -4.262380       0.073199       0.000577
 1491   0.051086    -4.810505     -4.263814       0.073240       0.000550
 1492   0.051058    -4.808828     -4.262700       0.073231       0.000544
 1493   0.050979    -4.800005     -4.249720       0.073174       0.000539
 1494   0.051087    -4.796081     -4.242802       0.073098       0.000534
 1495   0.051125    -4.793213     -4.237491       0.073000       0.000532
 1496   0.051090    -4.796239     -4.239501       0.072886       0.000532
 1497   0.051060    -4.805381     -4.248793       0.072760       0.000534
 1498   0.050983    -4.821318     -4.266078       0.072624       0.000536
 1499   0.050909    -4.843141     -4.290207       0.072481       0.000539
 1500   0.050885    -4.869723     -4.319869       0.072333       0.000542
 1501   0.050840    -4.899111     -4.352741       0.072184       0.000546
 1502   0.050765    -4.929144     -4.386176       0.072036       0.000549
 1503   0.050696    -4.957227     -4.416921       0.071896       0.000552
 1504   0.050637    -4.980146     -4.440937       0.071765       0.000554

---------------------- Local Time Stepping Summary ----------------------
MG level: 0 -> Min. DT: 0.000498109. Max. DT: 3.62892. CFL: 10.
MG level: 1 -> Min. DT: 0.000784458. Max. DT: 5.54703. CFL: 8.11871.
MG level: 2 -> Min. DT: 0.0010482. Max. DT: 7.41483. CFL: 6.5465.
-------------------------------------------------------------------------

----------------------- Residual Evolution Summary ----------------------
log10[Maximum residual]: -3.87359.
Maximum residual point 154, located at (0.57471, 0.0437578).
-------------------------------------------------------------------------

 Iter    Time(s)     Res[Rho]     Res[RhoE]      CL(Total)      CD(Total)
 1505   0.050641    -4.995844     -4.456042       0.071644       0.000556
 1506   0.050600    -5.007330     -4.466581       0.071536       0.000555
 1507   0.050668    -5.020121     -4.480381       0.071441       0.000555
 1508   0.050735    -5.033322     -4.495809       0.071357       0.000558
 1509   0.050741    -5.055109     -4.523338       0.071285       0.000566
 1510   0.050770    -5.084932     -4.559955       0.071234       0.000570
 1511   0.051032    -5.099665     -4.572503       0.071195       0.000573
 1512   0.050998    -5.112984     -4.583925       0.071164       0.000578
 1513   0.050944    -5.125952     -4.596204       0.071146       0.000581
 1514   0.050962    -5.135832     -4.604867       0.071139       0.000584
 1515   0.050969    -5.147281     -4.616288       0.071143       0.000587
 1516   0.050996    -5.158530     -4.627733       0.071156       0.000589
 1517   0.051022    -5.168770     -4.637839       0.071178       0.000590
 1518   0.050970    -5.177658     -4.646141       0.071209       0.000592
 1519   0.050952    -5.185499     -4.653064       0.071246       0.000593
 1520   0.050995    -5.193079     -4.659609       0.071291       0.000593
 1521   0.050958    -5.200925     -4.666373       0.071342       0.000592
 1522   0.050940    -5.209238     -4.673572       0.071398       0.000592
 1523   0.050894    -5.218101     -4.681302       0.071461       0.000590
 1524   0.050857    -5.227488     -4.689585       0.071528       0.000589
 1525   0.050818    -5.236937     -4.697864       0.071599       0.000587
 1526   0.050818    -5.246369     -4.706266       0.071675       0.000585
 1527   0.050868    -5.255557     -4.714644       0.071754       0.000582
 1528   0.050861    -5.264410     -4.722883       0.071836       0.000580
 1529   0.050874    -5.272988     -4.731097       0.071920       0.000578
 1530   0.050873    -5.281429     -4.739446       0.072007       0.000575
 1531   0.050864    -5.289961     -4.748168       0.072096       0.000573
 1532   0.050866    -5.299022     -4.757737       0.072186       0.000571
 1533   0.050824    -5.308806     -4.768288       0.072278       0.000569
 1534   0.050868    -5.319485     -4.779959       0.072370       0.000568
 1535   0.050844    -5.331424     -4.793155       0.072464       0.000566
 1536   0.050813    -5.344781     -4.808009       0.072560       0.000565
 1537   0.050784    -5.359612     -4.824596       0.072656       0.000564
 1538   0.050747    -5.375870     -4.842871       0.072753       0.000563
 1539   0.050771    -5.393698     -4.863036       0.072850       0.000562
 1540   0.050766    -5.413440     -4.885532       0.072946       0.000562
 1541   0.050731    -5.435145     -4.910620       0.073043       0.000561
 1542   0.050720    -5.458356     -4.937693       0.073138       0.000559
 1543   0.050682    -5.482338     -4.965660       0.073230       0.000558
 1544   0.050657    -5.505884     -4.992887       0.073319       0.000555

---------------------- Local Time Stepping Summary ----------------------
MG level: 0 -> Min. DT: 0.000497919. Max. DT: 3.62891. CFL: 10.
MG level: 1 -> Min. DT: 0.000784313. Max. DT: 5.54701. CFL: 8.11871.
MG level: 2 -> Min. DT: 0.00104841. Max. DT: 7.41482. CFL: 6.5465.
-------------------------------------------------------------------------

----------------------- Residual Evolution Summary ----------------------
log10[Maximum residual]: -4.35252.
Maximum residual point 408, located at (0.614367, 0.0556038).
-------------------------------------------------------------------------

 Iter    Time(s)     Res[Rho]     Res[RhoE]      CL(Total)      CD(Total)
 1545   0.050626    -5.526792     -5.016136       0.073401       0.000554
 1546   0.050607    -5.535313     -5.021402       0.073478       0.000581
 1547   0.050643    -5.542371     -5.028236       0.073573       0.000557
 1548   0.050686    -5.557481     -5.044312       0.073639       0.000557
 1549   0.050656    -5.566087     -5.052043       0.073698       0.000553
 1550   0.050629    -5.575885     -5.060089       0.073751       0.000548
 1551   0.050608    -5.575829     -5.053859       0.073801       0.000545
 1552   0.050635    -5.585378     -5.062059       0.073846       0.000543
 1553   0.050610    -5.601508     -5.079937       0.073885       0.000542
 1554   0.050616    -5.623791     -5.106081       0.073918       0.000542
 1555   0.050637    -5.651378     -5.138635       0.073949       0.000542
 1556   0.050897    -5.677559     -5.167944       0.073976       0.000535
 1557   0.051273    -5.700307     -5.191791       0.073993       0.000535
 1558   0.051341    -5.715590     -5.205032       0.074012       0.000531
 1559   0.051344    -5.730374     -5.218986       0.074029       0.000531
 1560   0.051315    -5.741108     -5.227726       0.074046       0.000529
 1561   0.051382    -5.756752     -5.244532       0.074061       0.000528
 1562   0.051376    -5.774934     -5.264992       0.074077       0.000525
 1563   0.051357    -5.792264     -5.283530       0.074091       0.000534
 1564   0.051349    -5.807690     -5.298947       0.074110       0.000527
 1565   0.051361    -5.783064     -5.258220       0.074123       0.000527
 1566   0.051394    -5.803920     -5.286677       0.074135       0.000527
 1567   0.051363    -5.800841     -5.280404       0.074149       0.000526
 1568   0.051334    -5.811089     -5.288172       0.074164       0.000526
 1569   0.051299    -5.820715     -5.295468       0.074181       0.000526
 1570   0.051281    -5.833666     -5.308452       0.074199       0.000526
 1571   0.051257    -5.848626     -5.324331       0.074217       0.000526
 1572   0.051268    -5.865206     -5.342090       0.074236       0.000527
 1573   0.051249    -5.882754     -5.360749       0.074256       0.000527
 1574   0.051222    -5.900836     -5.379837       0.074276       0.000527
 1575   0.051205    -5.918850     -5.398608       0.074297       0.000527
 1576   0.051192    -5.936920     -5.417328       0.074317       0.000527
 1577   0.051178    -5.954993     -5.435919       0.074336       0.000526
 1578   0.051156    -5.972652     -5.453860       0.074356       0.000526
 1579   0.051139    -5.989582     -5.470747       0.074375       0.000526
 1580   0.051118    -6.005931     -5.486850       0.074393       0.000526
 1581   0.051095    -6.021883     -5.502474       0.074410       0.000526
 1582   0.051076    -6.038039     -5.518497       0.074427       0.000526
 1583   0.051129    -6.055236     -5.536086       0.074443       0.000526
 1584   0.051353    -6.074286     -5.556312       0.074458       0.000526

---------------------- Local Time Stepping Summary ----------------------
MG level: 0 -> Min. DT: 0.000497824. Max. DT: 3.62891. CFL: 10.
MG level: 1 -> Min. DT: 0.000784265. Max. DT: 5.547. CFL: 8.11871.
MG level: 2 -> Min. DT: 0.00104841. Max. DT: 7.41481. CFL: 6.5465.
-------------------------------------------------------------------------

----------------------- Residual Evolution Summary ----------------------
log10[Maximum residual]: -4.93371.
Maximum residual point 407, located at (0.551902, 0.0589427).
-------------------------------------------------------------------------

 Iter    Time(s)     Res[Rho]     Res[RhoE]      CL(Total)      CD(Total)
 1585   0.051511    -6.095753     -5.579922       0.074472       0.000526
 1586   0.051551    -6.119641     -5.606802       0.074486       0.000525
 1587   0.051583    -6.145278     -5.635884       0.074499       0.000525
 1588   0.051599    -6.170404     -5.663908       0.074511       0.000526
 1589   0.051611    -6.193596     -5.689664       0.074522       0.000525
 1590   0.051630    -6.214299     -5.710117       0.074532       0.000524
 1591   0.051653    -6.225660     -5.716994       0.074540       0.000524
 1592   0.051662    -6.234393     -5.721604       0.074548       0.000524
 1593   0.051768    -6.244003     -5.728752       0.074554       0.000524
 1594   0.051883    -6.257791     -5.742481       0.074560       0.000524
 1595   0.051864    -6.276352     -5.762900       0.074565       0.000524
 1596   0.051857    -6.297954     -5.786991       0.074569       0.000524
 1597   0.051847    -6.319951     -5.810817       0.074572       0.000523
 1598   0.051829    -6.339828     -5.831085       0.074574       0.000523
 1599   0.051808    -6.356572     -5.846924       0.074576       0.000522
 1600   0.051794    -6.371116     -5.860090       0.074577       0.000522
 1601   0.051788    -6.385444     -5.873529       0.074577       0.000521
 1602   0.051783    -6.401419     -5.889741       0.074578       0.000521
 1603   0.051814    -6.420058     -5.909902       0.074578       0.000521
 1604   0.051859    -6.440834     -5.932999       0.074578       0.000520
 1605   0.051864    -6.462941     -5.957657       0.074577       0.000520
 1606   0.051860    -6.485334     -5.982337       0.074577       0.000520
 1607   0.051851    -6.507035     -6.005744       0.074575       0.000520
 1608   0.051845    -6.530957     -6.032823       0.074575       0.000520
 1609   0.051845    -6.547668     -6.047812       0.074575       0.000519
 1610   0.051853    -6.558664     -6.055261       0.074574       0.000519
 1611   0.051847    -6.567690     -6.061121       0.074574       0.000519
 1612   0.051840    -6.578230     -6.070186       0.074574       0.000519
 1613   0.051839    -6.589816     -6.081115       0.074574       0.000519
 1614   0.051827    -6.602258     -6.093190       0.074574       0.000519
 1615   0.051814    -6.611625     -6.100574       0.074574       0.000519
 1616   0.051810    -6.618934     -6.105374       0.074575       0.000519
 1617   0.051843    -6.624601     -6.108418       0.074575       0.000518
 1618   0.051827    -6.629625     -6.111020       0.074576       0.000518
 1619   0.051806    -6.634146     -6.113224       0.074577       0.000518
 1620   0.051806    -6.638790     -6.115845       0.074578       0.000518
 1621   0.051804    -6.643928     -6.119328       0.074579       0.000518
 1622   0.051850    -6.649715     -6.123784       0.074581       0.000518
 1623   0.051852    -6.656109     -6.129094       0.074582       0.000518
 1624   0.051841    -6.663069     -6.135187       0.074584       0.000518

---------------------- Local Time Stepping Summary ----------------------
MG level: 0 -> Min. DT: 0.0004978. Max. DT: 3.62891. CFL: 10.
MG level: 1 -> Min. DT: 0.000784244. Max. DT: 5.547. CFL: 8.11871.
MG level: 2 -> Min. DT: 0.00104839. Max. DT: 7.41481. CFL: 6.5465.
-------------------------------------------------------------------------

----------------------- Residual Evolution Summary ----------------------
log10[Maximum residual]: -5.46817.
Maximum residual point 814, located at (0.537728, 0.0931717).
-------------------------------------------------------------------------

 Iter    Time(s)     Res[Rho]     Res[RhoE]      CL(Total)      CD(Total)
 1625   0.051829    -6.670620     -6.142078       0.074585       0.000518
 1626   0.051814    -6.678799     -6.149794       0.074587       0.000518
 1627   0.051844    -6.687638     -6.158360       0.074589       0.000518
 1628   0.051929    -6.697153     -6.167786       0.074590       0.000518
 1629   0.052130    -6.707349     -6.178070       0.074592       0.000517
 1630   0.052304    -6.718216     -6.189192       0.074594       0.000517
 1631   0.052447    -6.729689     -6.201060       0.074595       0.000517
 1632   0.052474    -6.741726     -6.213622       0.074597       0.000517
 1633   0.052453    -6.754254     -6.226779       0.074599       0.000517
 1634   0.052470    -6.767204     -6.240432       0.074601       0.000517
 1635   0.052450    -6.780543     -6.254539       0.074602       0.000517
 1636   0.052431    -6.794265     -6.269096       0.074604       0.000517
 1637   0.052418    -6.808379     -6.284109       0.074605       0.000517
 1638   0.052396    -6.822816     -6.299481       0.074607       0.000517
 1639   0.052395    -6.837495     -6.315093       0.074609       0.000517
 1640   0.052390    -6.852344     -6.330850       0.074610       0.000517
 1641   0.052400    -6.867354     -6.346748       0.074611       0.000517
 1642   0.052382    -6.882481     -6.362727       0.074613       0.000517
 1643   0.052360    -6.897652     -6.378684       0.074614       0.000516
 1644   0.052336    -6.912795     -6.394525       0.074615       0.000516
 1645   0.052330    -6.927907     -6.410260       0.074617       0.000516
 1646   0.052329    -6.943033     -6.425968       0.074618       0.000516
 1647   0.052322    -6.958215     -6.441713       0.074619       0.000516
 1648   0.052444    -6.973462     -6.457501       0.074620       0.000516
 1649   0.052441    -6.988747     -6.473294       0.074621       0.000516
 1650   0.052425    -7.004023     -6.489027       0.074622       0.000516
 1651   0.052451    -7.019194     -6.504592       0.074623       0.000516
 1652   0.052485    -7.034243     -6.519962       0.074623       0.000516
 1653   0.052490    -7.049123     -6.535076       0.074624       0.000516
 1654   0.052491    -7.063835     -6.549937       0.074625       0.000516
 1655   0.052480    -7.078383     -6.564555       0.074626       0.000516
 1656   0.052491    -7.092756     -6.578919       0.074626       0.000516
 1657   0.052499    -7.106917     -6.592987       0.074627       0.000516
 1658   0.052503    -7.120817     -6.606693       0.074628       0.000515
 1659   0.052503    -7.134384     -6.619950       0.074629       0.000515
 1660   0.052485    -7.147585     -6.632728       0.074629       0.000515
 1661   0.052463    -7.160396     -6.645005       0.074630       0.000515
 1662   0.052443    -7.172789     -6.656749       0.074631       0.000515
 1663   0.052425    -7.184749     -6.667954       0.074631       0.000515
 1664   0.052409    -7.196297     -6.678656       0.074632       0.000515

---------------------- Local Time Stepping Summary ----------------------
MG level: 0 -> Min. DT: 0.000497771. Max. DT: 3.62891. CFL: 10.
MG level: 1 -> Min. DT: 0.000784228. Max. DT: 5.547. CFL: 8.11871.
MG level: 2 -> Min. DT: 0.00104838. Max. DT: 7.41481. CFL: 6.5465.
-------------------------------------------------------------------------

----------------------- Residual Evolution Summary ----------------------
log10[Maximum residual]: -5.87013.
Maximum residual point 357, located at (0.520296, 0.0600268).
-------------------------------------------------------------------------

 Iter    Time(s)     Res[Rho]     Res[RhoE]      CL(Total)      CD(Total)
 1665   0.052423    -7.207457     -6.688893       0.074633       0.000515
 1666   0.052416    -7.218269     -6.698723       0.074633       0.000515
 1667   0.052399    -7.228771     -6.708204       0.074634       0.000515
 1668   0.052394    -7.239017     -6.717407       0.074635       0.000515
 1669   0.052383    -7.249050     -6.726387       0.074635       0.000515
 1670   0.052360    -7.258907     -6.735192       0.074636       0.000515
 1671   0.052340    -7.268630     -6.743873       0.074637       0.000515
 1672   0.052321    -7.278256     -6.752477       0.074637       0.000515
 1673   0.052305    -7.287822     -6.761048       0.074638       0.000515
 1674   0.052298    -7.297356     -6.769619       0.074639       0.000515
 1675   0.052277    -7.306897     -6.778241       0.074640       0.000515
 1676   0.052261    -7.316480     -6.786954       0.074640       0.000515
 1677   0.052247    -7.326124     -6.795780       0.074641       0.000515
 1678   0.052258    -7.335835     -6.804724       0.074642       0.000515
 1679   0.052271    -7.345604     -6.813768       0.074643       0.000515
 1680   0.052339    -7.355435     -6.822919       0.074644       0.000515
 1681   0.052341    -7.365333     -6.832181       0.074644       0.000515
 1682   0.052322    -7.375307     -6.841564       0.074645       0.000515
 1683   0.052310    -7.385361     -6.851075       0.074646       0.000515
 1684   0.052296    -7.395500     -6.860719       0.074647       0.000515
 1685   0.052296    -7.405728     -6.870497       0.074648       0.000515
 1686   0.052285    -7.416046     -6.880412       0.074648       0.000515
 1687   0.052277    -7.426455     -6.890465       0.074649       0.000515
 1688   0.052265    -7.436959     -6.900658       0.074650       0.000515
 1689   0.052253    -7.447558     -6.910993       0.074651       0.000515
 1690   0.052240    -7.458255     -6.921471       0.074651       0.000515
 1691   0.052234    -7.469051     -6.932093       0.074652       0.000515
 1692   0.052218    -7.479947     -6.942861       0.074653       0.000515
 1693   0.052233    -7.490945     -6.953776       0.074654       0.000515
 1694   0.052223    -7.502046     -6.964838       0.074655       0.000515
 1695   0.052211    -7.513252     -6.976049       0.074655       0.000514
 1696   0.052195    -7.524565     -6.987411       0.074656       0.000514
 1697   0.052184    -7.535988     -6.998928       0.074657       0.000514
 1698   0.052188    -7.547523     -7.010600       0.074657       0.000514
 1699   0.052183    -7.559174     -7.022432       0.074658       0.000514
 1700   0.052171    -7.570942     -7.034426       0.074659       0.000514
 1701   0.052154    -7.582830     -7.046584       0.074660       0.000514
 1702   0.052140    -7.594841     -7.058907       0.074660       0.000514
 1703   0.052159    -7.606975     -7.071399       0.074661       0.000514
 1704   0.052186    -7.619237     -7.084060       0.074662       0.000514

---------------------- Local Time Stepping Summary ----------------------
MG level: 0 -> Min. DT: 0.000497759. Max. DT: 3.62891. CFL: 10.
MG level: 1 -> Min. DT: 0.000784225. Max. DT: 5.547. CFL: 8.11871.
MG level: 2 -> Min. DT: 0.00104838. Max. DT: 7.41481. CFL: 6.5465.
-------------------------------------------------------------------------

----------------------- Residual Evolution Summary ----------------------
log10[Maximum residual]: -6.37053.
Maximum residual point 1071, located at (0.548102, 0.134702).
-------------------------------------------------------------------------

 Iter    Time(s)     Res[Rho]     Res[RhoE]      CL(Total)      CD(Total)
 1705   0.052176    -7.631626     -7.096892       0.074662       0.000514
 1706   0.052162    -7.644147     -7.109900       0.074663       0.000514
 1707   0.052159    -7.656800     -7.123081       0.074663       0.000514
 1708   0.052166    -7.669584     -7.136433       0.074664       0.000514
 1709   0.052188    -7.682494     -7.149952       0.074665       0.000514
 1710   0.052177    -7.695530     -7.163636       0.074665       0.000514
 1711   0.052178    -7.708694     -7.177486       0.074666       0.000514
 1712   0.052183    -7.721985     -7.191502       0.074666       0.000514
 1713   0.052171    -7.735399     -7.205677       0.074667       0.000514
 1714   0.052157    -7.748929     -7.220002       0.074667       0.000514
 1715   0.052142    -7.762560     -7.234459       0.074668       0.000514

-------------------------- File Output Summary --------------------------
Writing comma-separated values (CSV) surface files.
Merging connectivities in the Master node.
Merging coordinates in the Master node.
Merging solution in the Master node.
Writing SU2 native restart file.
Writing Paraview ASCII volume solution file.
Writing Paraview ASCII surface solution file.
Writing the forces breakdown file.
-------------------------------------------------------------------------

 1716   0.052402    -7.776274     -7.249028       0.074668       0.000514
 1717   0.052396    -7.790014     -7.263643       0.074669       0.000514
 1718   0.052405    -7.803820     -7.278346       0.074669       0.000514
 1719   0.052444    -7.817675     -7.293108       0.074670       0.000514
 1720   0.052435    -7.831570     -7.307918       0.074670       0.000514
 1721   0.052429    -7.845495     -7.322763       0.074671       0.000514
 1722   0.052420    -7.859432     -7.337619       0.074671       0.000514
 1723   0.052417    -7.873360     -7.352458       0.074672       0.000514
 1724   0.052402    -7.887249     -7.367239       0.074672       0.000514
 1725   0.052394    -7.901071     -7.381923       0.074672       0.000514
 1726   0.052383    -7.914798     -7.396477       0.074673       0.000514
 1727   0.052377    -7.928409     -7.410874       0.074673       0.000514
 1728   0.052371    -7.941886     -7.425089       0.074674       0.000514
 1729   0.052365    -7.955211     -7.439102       0.074674       0.000514
 1730   0.052350    -7.968366     -7.452890       0.074674       0.000514
 1731   0.052337    -7.981336     -7.466430       0.074675       0.000514
 1732   0.052330    -7.994103     -7.479702       0.074675       0.000514
 1733   0.052317    -8.006654     -7.492687       0.074675       0.000514
 1734   0.052305    -8.018978     -7.505374       0.074675       0.000514
 1735   0.052305    -8.031051     -7.517737       0.074676       0.000514
 1736   0.052305    -8.042873     -7.529781       0.074676       0.000514
 1737   0.052300    -8.054478     -7.541550       0.074676       0.000514
 1738   0.052291    -8.065872     -7.553044       0.074676       0.000514
 1739   0.052292    -8.077058     -7.564269       0.074677       0.000514
 1740   0.052289    -8.088053     -7.575249       0.074677       0.000514
 1741   0.052277    -8.098886     -7.586028       0.074677       0.000514
 1742   0.052271    -8.109595     -7.596660       0.074677       0.000514
 1743   0.052265    -8.120215     -7.607192       0.074678       0.000514
 1744   0.052293    -8.130784     -7.617667       0.074678       0.000514

---------------------- Local Time Stepping Summary ----------------------
MG level: 0 -> Min. DT: 0.000497755. Max. DT: 3.62891. CFL: 10.
MG level: 1 -> Min. DT: 0.000784225. Max. DT: 5.547. CFL: 8.11871.
MG level: 2 -> Min. DT: 0.00104839. Max. DT: 7.41481. CFL: 6.5465.
-------------------------------------------------------------------------

----------------------- Residual Evolution Summary ----------------------
log10[Maximum residual]: -6.99377.
Maximum residual point 407, located at (0.551902, 0.0589427).
-------------------------------------------------------------------------

 Iter    Time(s)     Res[Rho]     Res[RhoE]      CL(Total)      CD(Total)
 1745   0.052319    -8.141312     -7.628099       0.074678       0.000514
 1746   0.052357    -8.151809     -7.638493       0.074678       0.000514
 1747   0.052381    -8.162291     -7.648871       0.074678       0.000514
 1748   0.052383    -8.172792     -7.659284       0.074679       0.000514
 1749   0.052378    -8.183359     -7.669797       0.074679       0.000514
 1750   0.052381    -8.194027     -7.680454       0.074679       0.000514
 1751   0.052386    -8.204817     -7.691277       0.074679       0.000514
 1752   0.052378    -8.215743     -7.702282       0.074679       0.000514
 1753   0.052365    -8.226824     -7.713492       0.074679       0.000514
 1754   0.052365    -8.238089     -7.724946       0.074680       0.000514
 1755   0.052364    -8.249570     -7.736688       0.074680       0.000514
 1756   0.052353    -8.261300     -7.748758       0.074680       0.000514
 1757   0.052339    -8.273307     -7.761190       0.074680       0.000514
 1758   0.052327    -8.285613     -7.774010       0.074680       0.000514
 1759   0.052324    -8.298237     -7.787238       0.074680       0.000514
 1760   0.052310    -8.311194     -7.800890       0.074680       0.000514
 1761   0.052316    -8.324495     -7.814977       0.074681       0.000514
 1762   0.052306    -8.338145     -7.829502       0.074681       0.000514
 1763   0.052294    -8.352146     -7.844460       0.074681       0.000514
 1764   0.052281    -8.366489     -7.859835       0.074681       0.000514
 1765   0.052271    -8.381155     -7.875597       0.074681       0.000514
 1766   0.052268    -8.396113     -7.891694       0.074681       0.000514
 1767   0.052255    -8.411309     -7.908049       0.074681       0.000514
 1768   0.052244    -8.426666     -7.924543       0.074681       0.000514
 1769   0.052231    -8.442070     -7.941015       0.074681       0.000514
 1770   0.052228    -8.457373     -7.957248       0.074682       0.000514
 1771   0.052223    -8.472334     -7.972897       0.074682       0.000514
 1772   0.052209    -8.486089     -7.986647       0.074682       0.000514
 1773   0.052200    -8.496990     -7.996072       0.074682       0.000514
 1774   0.052197    -8.506384     -8.003858       0.074682       0.000514
 1775   0.052197    -8.516932     -8.014018       0.074682       0.000514
 1776   0.052193    -8.527510     -8.024124       0.074682       0.000514
 1777   0.052188    -8.537111     -8.032531       0.074682       0.000514
 1778   0.052175    -8.545928     -8.039920       0.074682       0.000514
 1779   0.052163    -8.554269     -8.046893       0.074682       0.000514
 1780   0.052159    -8.562487     -8.053899       0.074682       0.000514
 1781   0.052158    -8.570863     -8.061256       0.074682       0.000514
 1782   0.052149    -8.579647     -8.069258       0.074682       0.000514
 1783   0.052139    -8.588984     -8.078044       0.074682       0.000514
 1784   0.052144    -8.598757     -8.087377       0.074682       0.000514

---------------------- Local Time Stepping Summary ----------------------
MG level: 0 -> Min. DT: 0.000497754. Max. DT: 3.62891. CFL: 10.
MG level: 1 -> Min. DT: 0.000784225. Max. DT: 5.547. CFL: 8.11871.
MG level: 2 -> Min. DT: 0.00104839. Max. DT: 7.41481. CFL: 6.5465.
-------------------------------------------------------------------------

----------------------- Residual Evolution Summary ----------------------
log10[Maximum residual]: -7.38274.
Maximum residual point 357, located at (0.520296, 0.0600268).
-------------------------------------------------------------------------

 Iter    Time(s)     Res[Rho]     Res[RhoE]      CL(Total)      CD(Total)
 1785   0.052141    -8.608669     -8.096803       0.074683       0.000514
 1786   0.052138    -8.618428     -8.105925       0.074683       0.000514
 1787   0.052130    -8.627881     -8.114587       0.074683       0.000514
 1788   0.052126    -8.637067     -8.122900       0.074683       0.000514
 1789   0.052115    -8.646182     -8.131175       0.074683       0.000514
 1790   0.052113    -8.655508     -8.139811       0.074683       0.000514
 1791   0.052110    -8.665318     -8.149168       0.074683       0.000514
 1792   0.052099    -8.675798     -8.159465       0.074683       0.000514
 1793   0.052089    -8.687009     -8.170738       0.074683       0.000514
 1794   0.052103    -8.698880     -8.182849       0.074683       0.000514
 1795   0.052100    -8.711235     -8.195524       0.074683       0.000514
 1796   0.052091    -8.723830     -8.208412       0.074683       0.000514
 1797   0.052082    -8.736404     -8.221159       0.074683       0.000514
 1798   0.052071    -8.748736     -8.233482       0.074683       0.000514
 1799   0.052060    -8.760688     -8.245229       0.074683       0.000514
 1800   0.052054    -8.772233     -8.256402       0.074683       0.000514
 1801   0.052052    -8.783453     -8.267148       0.074683       0.000514
 1802   0.052058    -8.794507     -8.277709       0.074683       0.000514
 1803   0.052056    -8.805587     -8.288355       0.074683       0.000514
 1804   0.052049    -8.816878     -8.299328       0.074683       0.000514
 1805   0.052040    -8.828516     -8.310797       0.074683       0.000514
 1806   0.052032    -8.840569     -8.322831       0.074683       0.000514
 1807   0.052021    -8.853037     -8.335406       0.074683       0.000514
 1808   0.052012    -8.865857     -8.348415       0.074683       0.000514
 1809   0.052003    -8.878925     -8.361701       0.074683       0.000514
 1810   0.052000    -8.892119     -8.375097       0.074683       0.000514
 1811   0.051994    -8.905324     -8.388447       0.074683       0.000514
 1812   0.052027    -8.918452     -8.401644       0.074683       0.000514
 1813   0.052022    -8.931449     -8.414630       0.074683       0.000514
 1814   0.052036    -8.944302     -8.427405       0.074683       0.000514
 1815   0.052037    -8.957030     -8.440009       0.074683       0.000514
 1816   0.052026    -8.969674     -8.452506       0.074683       0.000514
 1817   0.052015    -8.982280     -8.464966       0.074683       0.000514
 1818   0.052007    -8.994889     -8.477445       0.074683       0.000514
 1819   0.051997    -9.007528     -8.489977       0.074683       0.000514
 1820   0.051985    -9.020202     -8.502563       0.074683       0.000514
 1821   0.051992    -9.032896     -8.515179       0.074683       0.000514
 1822   0.051983    -9.045576     -8.527776       0.074683       0.000514
 1823   0.051981    -9.058197     -8.540294       0.074683       0.000514
 1824   0.051979    -9.070712     -8.552669       0.074683       0.000514

---------------------- Local Time Stepping Summary ----------------------
MG level: 0 -> Min. DT: 0.000497754. Max. DT: 3.62891. CFL: 10.
MG level: 1 -> Min. DT: 0.000784225. Max. DT: 5.547. CFL: 8.11871.
MG level: 2 -> Min. DT: 0.00104839. Max. DT: 7.41481. CFL: 6.5465.
-------------------------------------------------------------------------

----------------------- Residual Evolution Summary ----------------------
log10[Maximum residual]: -7.81801.
Maximum residual point 357, located at (0.520296, 0.0600268).
-------------------------------------------------------------------------

 Iter    Time(s)     Res[Rho]     Res[RhoE]      CL(Total)      CD(Total)
 1825   0.051971    -9.083075     -8.564844       0.074683       0.000514
 1826   0.052009    -9.095251     -8.576779       0.074683       0.000514
 1827   0.052019    -9.107217     -8.588453       0.074683       0.000514
 1828   0.052008    -9.118969     -8.599865       0.074683       0.000514
 1829   0.052005    -9.130513     -8.611033       0.074683       0.000514
 1830   0.051999    -9.141867     -8.621986       0.074683       0.000514
 1831   0.051998    -9.153054     -8.632757       0.074683       0.000514
 1832   0.051993    -9.164099     -8.643382       0.074683       0.000514
 1833   0.051996    -9.175023     -8.653888       0.074683       0.000514
 1834   0.051990    -9.185841     -8.664292       0.074683       0.000514
 1835   0.051987    -9.196559     -8.674604       0.074683       0.000514
 1836   0.051980    -9.207181     -8.684824       0.074683       0.000514
 1837   0.051971    -9.217702     -8.694947       0.074683       0.000514
 1838   0.051962    -9.228119     -8.704966       0.074683       0.000514
 1839   0.051951    -9.238429     -8.714878       0.074683       0.000514
 1840   0.051944    -9.248631     -8.724684       0.074683       0.000514
 1841   0.051946    -9.258731     -8.734389       0.074683       0.000514
 1842   0.052001    -9.268737     -8.744009       0.074683       0.000514
 1843   0.052026    -9.278664     -8.753560       0.074683       0.000514
 1844   0.052069    -9.288527     -8.763064       0.074683       0.000514
 1845   0.052072    -9.298343     -8.772542       0.074682       0.000514
 1846   0.052087    -9.308130     -8.782016       0.074682       0.000514
 1847   0.052089    -9.317901     -8.791504       0.074682       0.000514
 1848   0.052088    -9.327671     -8.801020       0.074682       0.000514
 1849   0.052087    -9.337449     -8.810576       0.074682       0.000514
 1850   0.052092    -9.347243     -8.820181       0.074682       0.000514
 1851   0.052089    -9.357059     -8.829840       0.074682       0.000514
 1852   0.052090    -9.366903     -8.839560       0.074682       0.000514
 1853   0.052087    -9.376779     -8.849345       0.074682       0.000514
 1854   0.052077    -9.386693     -8.859201       0.074682       0.000514
 1855   0.052071    -9.396649     -8.869133       0.074682       0.000514
 1856   0.052063    -9.406654     -8.879150       0.074682       0.000514
 1857   0.052054    -9.416715     -8.889257       0.074682       0.000514
 1858   0.052044    -9.426838     -8.899464       0.074682       0.000514
 1859   0.052039    -9.437030     -8.909778       0.074682       0.000514
 1860   0.052039    -9.447298     -8.920206       0.074682       0.000514
 1861   0.052078    -9.457646     -8.930753       0.074682       0.000514
 1862   0.052074    -9.468082     -8.941428       0.074682       0.000514
 1863   0.052069    -9.478610     -8.952234       0.074682       0.000514
 1864   0.052066    -9.489234     -8.963177       0.074682       0.000514

---------------------- Local Time Stepping Summary ----------------------
MG level: 0 -> Min. DT: 0.000497755. Max. DT: 3.62891. CFL: 10.
MG level: 1 -> Min. DT: 0.000784225. Max. DT: 5.547. CFL: 8.11871.
MG level: 2 -> Min. DT: 0.00104839. Max. DT: 7.41481. CFL: 6.5465.
-------------------------------------------------------------------------

----------------------- Residual Evolution Summary ----------------------
log10[Maximum residual]: -8.30622.
Maximum residual point 407, located at (0.551902, 0.0589427).
-------------------------------------------------------------------------

 Iter    Time(s)     Res[Rho]     Res[RhoE]      CL(Total)      CD(Total)
 1865   0.052062    -9.499961     -8.974262       0.074682       0.000514
 1866   0.052054    -9.510794     -8.985494       0.074682       0.000514
 1867   0.052045    -9.521737     -8.996876       0.074682       0.000514
 1868   0.052036    -9.532796     -9.008414       0.074682       0.000514
 1869   0.052032    -9.543976     -9.020113       0.074682       0.000514
 1870   0.052023    -9.555280     -9.031976       0.074682       0.000514
 1871   0.052026    -9.566715     -9.044010       0.074682       0.000514
 1872   0.052029    -9.578282     -9.056218       0.074682       0.000514
 1873   0.052026    -9.589988     -9.068603       0.074682       0.000514
 1874   0.052015    -9.601835     -9.081168       0.074682       0.000514
 1875   0.052007    -9.613827     -9.093917       0.074682       0.000514
 1876   0.051997    -9.625965     -9.106849       0.074682       0.000514
 1877   0.051992    -9.638251     -9.119965       0.074682       0.000514
 1878   0.051990    -9.650685     -9.133263       0.074682       0.000514
 1879   0.051993    -9.663267     -9.146740       0.074682       0.000514
 1880   0.051985    -9.675995     -9.160392       0.074682       0.000514
 1881   0.051977    -9.688865     -9.174213       0.074682       0.000514
 1882   0.051970    -9.701872     -9.188193       0.074682       0.000514
 1883   0.051961    -9.715009     -9.202321       0.074682       0.000514
 1884   0.051953    -9.728266     -9.216581       0.074682       0.000514
 1885   0.051944    -9.741631     -9.230954       0.074682       0.000514
 1886   0.051936    -9.755087     -9.245417       0.074682       0.000514
 1887   0.051930    -9.768615     -9.259941       0.074682       0.000514
 1888   0.051922    -9.782193     -9.274493       0.074682       0.000514
 1889   0.051913    -9.795792     -9.289033       0.074682       0.000514
 1890   0.051914    -9.809379     -9.303515       0.074682       0.000514
 1891   0.051910    -9.822919     -9.317887       0.074682       0.000514
 1892   0.051917    -9.836371     -9.332094       0.074682       0.000514
 1893   0.051914    -9.849691     -9.346074       0.074682       0.000514
 1894   0.051904    -9.862841     -9.359776       0.074682       0.000514
 1895   0.051898    -9.875801     -9.373184       0.074682       0.000514
 1896   0.051890    -9.888601     -9.386363       0.074682       0.000514
 1897   0.051882    -9.901308     -9.399429       0.074682       0.000514
 1898   0.051874    -9.913763     -9.412080       0.074682       0.000514
 1899   0.051874    -9.925431     -9.423446       0.074682       0.000514
 1900   0.051871    -9.936620     -9.434221       0.074682       0.000514
 1901   0.051872    -9.948223     -9.445851       0.074682       0.000514
 1902   0.051868    -9.960007     -9.457699       0.074682       0.000514
 1903   0.051862    -9.971437     -9.468858       0.074682       0.000514
 1904   0.051855    -9.982249     -9.479112       0.074682       0.000514

---------------------- Local Time Stepping Summary ----------------------
MG level: 0 -> Min. DT: 0.000497755. Max. DT: 3.62891. CFL: 10.
MG level: 1 -> Min. DT: 0.000784225. Max. DT: 5.547. CFL: 8.11871.
MG level: 2 -> Min. DT: 0.00104839. Max. DT: 7.41481. CFL: 6.5465.
-------------------------------------------------------------------------

----------------------- Residual Evolution Summary ----------------------
log10[Maximum residual]: -8.8615.
Maximum residual point 814, located at (0.537728, 0.0931717).
-------------------------------------------------------------------------

 Iter    Time(s)     Res[Rho]     Res[RhoE]      CL(Total)      CD(Total)
 1905   0.051850    -9.992507     -9.488712       0.074682       0.000514
 1906   0.051841   -10.002582     -9.498241       0.074682       0.000514

-------------------------- File Output Summary --------------------------
Writing comma-separated values (CSV) surface files.
Merging connectivities in the Master node.
Merging coordinates in the Master node.
Merging solution in the Master node.
Writing SU2 native restart file.
Writing Paraview ASCII volume solution file.
Writing Paraview ASCII surface solution file.
Writing the forces breakdown file.
-------------------------------------------------------------------------

History file, closed.

------------------------- Solver Postprocessing -------------------------
Deleted CNumerics container.
Deleted CIntegration container.
Deleted CSolver container.
Deleted CIteration container.
Deleted CInterpolator container.
Deleted CTransfer container.
Deleted CGeometry container.
Deleted CFreeFormDefBox class.
Deleted CSurfaceMovement class.
Deleted CVolumetricMovement class.
Deleted CConfig container.
Deleted COutput class.
-------------------------------------------------------------------------

Completed in 22.995259 seconds on 1 core.

------------------------- Exit Success (SU2_CFD) ------------------------

