
-------------------------------------------------------------------------
|    ___ _   _ ___                                                      |
|   / __| | | |_  )   Release 5.0.0  "Raven"                            |
|   \__ \ |_| |/ /                                                      |
|   |___/\___//___|   Suite (Computational Fluid Dynamics Code)         |
|                                                                       |
-------------------------------------------------------------------------
| SU2 Original Developers: Dr. Francisco D. Palacios.                   |
|                          Dr. Thomas D. Economon.                      |
-------------------------------------------------------------------------
| SU2 Developers:                                                       |
| - Prof. Juan J. Alonso's group at Stanford University.                |
| - Prof. Piero Colonna's group at Delft University of Technology.      |
| - Prof. Nicolas R. Gauger's group at Kaiserslautern U. of Technology. |
| - Prof. Alberto Guardone's group at Polytechnic University of Milan.  |
| - Prof. Rafael Palacios' group at Imperial College London.            |
| - Prof. Edwin van der Weide's group at the University of Twente.      |
| - Prof. Vincent Terrapon's group at the University of Liege.          |
-------------------------------------------------------------------------
| Copyright (C) 2012-2017 SU2, the open-source CFD code.                |
|                                                                       |
| SU2 is free software; you can redistribute it and/or                  |
| modify it under the terms of the GNU Lesser General Public            |
| License as published by the Free Software Foundation; either          |
| version 2.1 of the License, or (at your option) any later version.    |
|                                                                       |
| SU2 is distributed in the hope that it will be useful,                |
| but WITHOUT ANY WARRANTY; without even the implied warranty of        |
| MERCHANTABILITY or FITNESS FOR A PARTICULAR PURPOSE. See the GNU      |
| Lesser General Public License for more details.                       |
|                                                                       |
| You should have received a copy of the GNU Lesser General Public      |
| License along with SU2. If not, see <http://www.gnu.org/licenses/>.   |
-------------------------------------------------------------------------

------------------------ Physical Case Definition -----------------------
Compressible Euler equations.
Mach number: 0.8.
Angle of attack (AoA): 1.25 deg, and angle of sideslip (AoS): 0 deg.
Read flow solution from: solution_flow.dat.
Non-Dimensional simulation (P=1.0, Rho=1.0, T=1.0 at the farfield).
The reference length/area (force coefficient) is 1.
The reference length (moment computation) is 1.
Reference origin (moment computation) is (0.25, 0, 0).
Surface(s) where the force coefficients are evaluated: airfoil.
Surface(s) plotted in the output file: airfoil.
Surface(s) affected by the design variables: airfoil.
Input mesh file name: mesh_NACA0012_inv_deform.su2

---------------------- Space Numerical Integration ----------------------
Jameson-Schmidt-Turkel scheme for the flow inviscid terms.
JST viscous coefficients (1st, 2nd & 4th): 0.15, 0.5, 0.02.
The method includes a grid stretching correction (p = 0.3).
Second order integration.
Gradient computation using Green-Gauss theorem.

---------------------- Time Numerical Integration -----------------------
Local time stepping (steady state simulation).
Euler implicit method for the flow equations.
V Multigrid Cycle, with 2 multigrid levels.
Damping factor for the residual restriction: 1.
Damping factor for the correction prolongation: 1.
No CFL adaptation.
Multigrid Level:                       0     1     2
Courant-Friedrichs-Lewy number:       10
MG PreSmooth coefficients:             1     2     3
MG PostSmooth coefficients:            0     0     0
MG CorrecSmooth coefficients:          0     0     0

------------------------- Convergence Criteria --------------------------
Maximum number of iterations: 1000.
Reduce the density residual 6 orders of magnitude.
The minimum bound for the density residual is 10^(-10).
Start convergence criteria at iteration 10.

-------------------------- Output Information ---------------------------
Writing a flow solution every 250 iterations.
Writing the convergence history every 1 iterations.
The output file format is Paraview ASCII (.vtk).
Convergence history file name: history_direct.
Forces breakdown file name: forces_breakdown.dat.
Surface flow coefficients file name: surface_flow.
Flow variables file name: flow.
Restart flow file name: restart_flow.dat.

------------------- Config File Boundary Information --------------------
Euler wall boundary marker(s): airfoil.
Far-field boundary marker(s): farfield.

---------------------- Read Grid File Information -----------------------
Two dimensional problem.
5233 points.
2 surface markers.
200 boundary elements in index 0 (Marker = airfoil).
50 boundary elements in index 1 (Marker = farfield).
10216 triangles.

------------------------- Geometry Preprocessing ------------------------
Setting point connectivity.
Renumbering points (Reverse Cuthill McKee Ordering).
Recomputing point connectivity.
Setting element connectivity.
Checking the numerical grid orientation.
Identifying edges and vertices.
Computing centers of gravity.
Setting the control volume structure.
Area of the computational grid: 1.25e+03.
Searching for the closest normal neighbors to the surfaces.
Compute the surface curvature.
Max K: 7.84e+03. Mean K: 35.7. Standard deviation K: 494.
Checking for periodicity.
Setting the multigrid structure.
MG level: 0 -> CVs: 5233. Agglomeration rate 1/1.00. CFL 10.
MG level: 1 -> CVs: 1533. Agglomeration rate 1/3.41. CFL 8.12.
MG level: 2 -> CVs: 443. Agglomeration rate 1/3.46. CFL 6.55.
Computing wall distances.
Wetted area = 2.03 m.
Area projection in the x-plane = 0.107 m, y-plane = 1 m.

------------------------- Driver information --------------------------
A Fluid driver has been instantiated.

------------------------ Iteration Preprocessing ------------------------
Zone 1: Euler/Navier-Stokes/RANS flow iteration.

------------------------- Solver Preprocessing --------------------------
Inviscid flow: Computing density based on free-stream
temperature and pressure using the ideal gas law.
Force coefficients computed using free-stream values.
-- Input conditions:
Fluid Model: STANDARD_AIR 
Specific gas constant: 287.058 N.m/kg.K.
Specific gas constant (non-dim): 1
Specific Heat Ratio: 1.4
Free-stream static pressure: 101325 Pa.
Free-stream total pressure: 154454 Pa.
Free-stream temperature: 288.15 K.
Free-stream density: 1.22498 kg/m^3.
Free-stream velocity: (272.173, 5.93883) m/s. Magnitude: 272.238 m/s (529.186 KTS).
Free-stream total energy per unit mass: 243846 m^2/s^2.
-- Reference values:
Reference specific gas constant: 287.058 N.m/kg.K.
Reference pressure: 101325 Pa.
Reference temperature: 288.15 K.
Reference density: 1.22498 kg/m^3.
Reference velocity: 287.603 m/s.
Reference energy per unit mass: 82715.8 m^2/s^2.
-- Resulting non-dimensional state:
Mach number (non-dim): 0.8
Specific gas constant (non-dim): 1
Free-stream temperature (non-dim): 1
Free-stream pressure (non-dim): 1
Free-stream density (non-dim): 1
Free-stream velocity (non-dim): (0.946348, 0.0206494). Magnitude: 0.946573
Free-stream total energy per unit mass (non-dim): 2.948

Initialize Jacobian structure (Euler). MG level: 0.
Initialize Jacobian structure (Euler). MG level: 1.
Initialize Jacobian structure (Euler). MG level: 2.

----------------- Integration and Numerics Preprocessing ----------------
Integration Preprocessing.
Numerics Preprocessing.

------------------------------ Begin Solver -----------------------------

---------------------- Local Time Stepping Summary ----------------------
MG level: 0 -> Min. DT: 0.000497807. Max. DT: 3.62869. CFL: 10.
MG level: 1 -> Min. DT: 0.000784441. Max. DT: 5.54686. CFL: 8.11871.
MG level: 2 -> Min. DT: 0.00104891. Max. DT: 7.41458. CFL: 6.5465.
-------------------------------------------------------------------------

----------------------- Residual Evolution Summary ----------------------
log10[Maximum residual]: -5.89524.
Maximum residual point 105, located at (0.00752, 0.0115569).
-------------------------------------------------------------------------

 Iter    Time(s)     Res[Rho]     Res[RhoE]      CL(Total)      CD(Total)
 3281   0.059298    -6.997760     -6.401380       0.066246       0.000402
 3282   0.058043    -7.061275     -6.458753       0.066259       0.000419
 3283   0.057409    -7.076211     -6.479249       0.066271       0.000425
 3284   0.055335    -7.045355     -6.444703       0.066285       0.000431
 3285   0.053943    -6.989608     -6.386956       0.066299       0.000435
 3286   0.053076    -6.955939     -6.355110       0.066315       0.000439
 3287   0.052466    -6.940918     -6.342640       0.066331       0.000442
 3288   0.051962    -6.929791     -6.332780       0.066346       0.000443
 3289   0.051688    -6.921508     -6.325268       0.066359       0.000445
 3290   0.051962    -6.911924     -6.315461       0.066371       0.000446
 3291   0.053102    -6.902772     -6.305689       0.066383       0.000447
 3292   0.054770    -6.902786     -6.305904       0.066393       0.000448
 3293   0.054971    -6.911207     -6.314913       0.066403       0.000449
 3294   0.056450    -6.925814     -6.330059       0.066412       0.000449
 3295   0.058003    -6.944505     -6.348839       0.066421       0.000450
 3296   0.058041    -6.964991     -6.368422       0.066429       0.000450
 3297   0.057897    -6.985104     -6.386244       0.066436       0.000451
 3298   0.057379    -7.003956     -6.401614       0.066444       0.000451
 3299   0.057013    -7.023127     -6.417006       0.066450       0.000452
 3300   0.056876    -7.046177     -6.437158       0.066457       0.000452
 3301   0.056543    -7.077281     -6.467298       0.066463       0.000453
 3302   0.056201    -7.118569     -6.510301       0.066470       0.000453
 3303   0.055850    -7.166833     -6.563062       0.066476       0.000453
 3304   0.055642    -7.214932     -6.617595       0.066481       0.000454
 3305   0.055380    -7.255891     -6.665336       0.066487       0.000454
 3306   0.055118    -7.287163     -6.702559       0.066492       0.000454
 3307   0.055066    -7.309171     -6.729307       0.066496       0.000454
 3308   0.054898    -7.323790     -6.747689       0.066501       0.000454
 3309   0.054776    -7.332837     -6.759771       0.066504       0.000453
 3310   0.054634    -7.338441     -6.767837       0.066508       0.000453
 3311   0.054524    -7.341611     -6.772648       0.066511       0.000453
 3312   0.054536    -7.343519     -6.775355       0.066514       0.000453
 3313   0.054405    -7.346199     -6.778490       0.066517       0.000453
 3314   0.054224    -7.350532     -6.783284       0.066520       0.000453
 3315   0.054086    -7.356429     -6.789736       0.066522       0.000453
 3316   0.053936    -7.364392     -6.798530       0.066525       0.000453
 3317   0.053903    -7.375475     -6.811027       0.066527       0.000453
 3318   0.053768    -7.390729     -6.828629       0.066529       0.000453
 3319   0.053737    -7.410976     -6.852569       0.066531       0.000453
 3320   0.053695    -7.436154     -6.883091       0.066534       0.000452

---------------------- Local Time Stepping Summary ----------------------
MG level: 0 -> Min. DT: 0.000497808. Max. DT: 3.62869. CFL: 10.
MG level: 1 -> Min. DT: 0.000784439. Max. DT: 5.54686. CFL: 8.11871.
MG level: 2 -> Min. DT: 0.00104891. Max. DT: 7.41457. CFL: 6.5465.
-------------------------------------------------------------------------

----------------------- Residual Evolution Summary ----------------------
log10[Maximum residual]: -6.42132.
Maximum residual point 1906, located at (0.603231, 0.284618).
-------------------------------------------------------------------------

 Iter    Time(s)     Res[Rho]     Res[RhoE]      CL(Total)      CD(Total)
 3321   0.053622    -7.465039     -6.918917       0.066536       0.000452
 3322   0.053484    -7.495366     -6.957099       0.066537       0.000452
 3323   0.053358    -7.524342     -6.993541       0.066539       0.000452
 3324   0.053252    -7.549305     -7.024376       0.066541       0.000452
 3325   0.053201    -7.567237     -7.045748       0.066543       0.000452
 3326   0.053097    -7.574881     -7.053022       0.066544       0.000452
 3327   0.053152    -7.576178     -7.051694       0.066546       0.000452
 3328   0.053061    -7.578171     -7.052034       0.066547       0.000452
 3329   0.052982    -7.583008     -7.056804       0.066548       0.000452
 3330   0.052891    -7.590097     -7.064734       0.066549       0.000452
 3331   0.052805    -7.592999     -7.066135       0.066550       0.000452
 3332   0.052759    -7.584871     -7.052778       0.066550       0.000452
 3333   0.052692    -7.579519     -7.044650       0.066551       0.000452
 3334   0.052611    -7.576403     -7.039691       0.066552       0.000452
 3335   0.052535    -7.575770     -7.037586       0.066552       0.000452
 3336   0.052476    -7.578790     -7.040138       0.066553       0.000452
 3337   0.052414    -7.584123     -7.045606       0.066553       0.000452
 3338   0.052346    -7.591313     -7.053328       0.066553       0.000452
 3339   0.052329    -7.600029     -7.062880       0.066554       0.000452
 3340   0.052376    -7.610161     -7.074150       0.066554       0.000452
 3341   0.052425    -7.621782     -7.087272       0.066554       0.000452
 3342   0.052404    -7.635035     -7.102429       0.066554       0.000452
 3343   0.052341    -7.650026     -7.119754       0.066554       0.000452
 3344   0.052285    -7.666790     -7.139303       0.066554       0.000452
 3345   0.052233    -7.685222     -7.160953       0.066555       0.000452
 3346   0.052179    -7.704826     -7.184053       0.066555       0.000452
 3347   0.052135    -7.724704     -7.207380       0.066555       0.000452
 3348   0.052110    -7.743811     -7.229498       0.066555       0.000452
 3349   0.052098    -7.760552     -7.248049       0.066555       0.000452
 3350   0.052053    -7.771323     -7.257820       0.066555       0.000452
 3351   0.051997    -7.781365     -7.268828       0.066555       0.000452
 3352   0.052039    -7.784537     -7.268248       0.066555       0.000452
 3353   0.052098    -7.777840     -7.255888       0.066555       0.000452
 3354   0.052054    -7.775630     -7.250385       0.066555       0.000452
 3355   0.052038    -7.788268     -7.264221       0.066555       0.000452
 3356   0.052008    -7.797175     -7.271993       0.066555       0.000452
 3357   0.051953    -7.809779     -7.284485       0.066555       0.000452
 3358   0.051902    -7.822976     -7.297858       0.066555       0.000452
 3359   0.051926    -7.835953     -7.310777       0.066555       0.000452
 3360   0.051981    -7.848349     -7.322654       0.066555       0.000452

---------------------- Local Time Stepping Summary ----------------------
MG level: 0 -> Min. DT: 0.000497808. Max. DT: 3.62869. CFL: 10.
MG level: 1 -> Min. DT: 0.00078444. Max. DT: 5.54686. CFL: 8.11871.
MG level: 2 -> Min. DT: 0.00104891. Max. DT: 7.41457. CFL: 6.5465.
-------------------------------------------------------------------------

----------------------- Residual Evolution Summary ----------------------
log10[Maximum residual]: -6.69488.
Maximum residual point 1183, located at (0.596856, 0.13153).
-------------------------------------------------------------------------

 Iter    Time(s)     Res[Rho]     Res[RhoE]      CL(Total)      CD(Total)
 3361   0.051972    -7.859518     -7.332768       0.066555       0.000452
 3362   0.051935    -7.870359     -7.342549       0.066556       0.000452
 3363   0.051921    -7.881760     -7.353250       0.066556       0.000452
 3364   0.051893    -7.894565     -7.365944       0.066556       0.000452
 3365   0.051906    -7.909161     -7.381084       0.066556       0.000452
 3366   0.051972    -7.925604     -7.398705       0.066556       0.000452
 3367   0.051962    -7.943789     -7.418650       0.066556       0.000452
 3368   0.051932    -7.963527     -7.440645       0.066557       0.000452
 3369   0.051906    -7.984585     -7.464352       0.066557       0.000452
 3370   0.051880    -8.006701     -7.489390       0.066557       0.000452
 3371   0.051863    -8.029516     -7.515230       0.066557       0.000452
 3372   0.051883    -8.052524     -7.541127       0.066557       0.000452
 3373   0.051864    -8.074767     -7.565655       0.066558       0.000452
 3374   0.051833    -8.093784     -7.585171       0.066558       0.000452
 3375   0.051806    -8.104751     -7.593121       0.066558       0.000452
 3376   0.051784    -8.112425     -7.597395       0.066558       0.000452
 3377   0.051756    -8.124096     -7.608527       0.066558       0.000452
 3378   0.051728    -8.140117     -7.626682       0.066558       0.000452
 3379   0.051732    -8.159679     -7.649007       0.066558       0.000452
 3380   0.051724    -8.178617     -7.668866       0.066559       0.000452
 3381   0.051687    -8.194700     -7.683509       0.066559       0.000452
 3382   0.051657    -8.208753     -7.695122       0.066559       0.000452
 3383   0.051628    -8.223216     -7.707645       0.066559       0.000452
 3384   0.051615    -8.238877     -7.722127       0.066559       0.000452
 3385   0.051593    -8.256212     -7.739017       0.066559       0.000452
 3386   0.051566    -8.275078     -7.757921       0.066559       0.000452
 3387   0.051555    -8.294623     -7.777541       0.066559       0.000452
 3388   0.051624    -8.313958     -7.796642       0.066559       0.000452
 3389   0.051738    -8.332509     -7.814531       0.066559       0.000452
 3390   0.051834    -8.350279     -7.831365       0.066559       0.000452
 3391   0.051906    -8.367805     -7.848001       0.066559       0.000452
 3392   0.052063    -8.385884     -7.865579       0.066559       0.000452
 3393   0.052190    -8.405250     -7.885076       0.066559       0.000452
 3394   0.052324    -8.426377     -7.907060       0.066559       0.000452
 3395   0.052301    -8.449419     -7.931635       0.066559       0.000452
 3396   0.052277    -8.474253     -7.958534       0.066559       0.000452
 3397   0.052302    -8.500589     -7.987280       0.066559       0.000452
 3398   0.052289    -8.528064     -8.017327       0.066559       0.000452
 3399   0.052275    -8.556327     -8.048168       0.066559       0.000452
 3400   0.052246    -8.585072     -8.079378       0.066559       0.000452

---------------------- Local Time Stepping Summary ----------------------
MG level: 0 -> Min. DT: 0.000497807. Max. DT: 3.62869. CFL: 10.
MG level: 1 -> Min. DT: 0.000784441. Max. DT: 5.54685. CFL: 8.11871.
MG level: 2 -> Min. DT: 0.00104891. Max. DT: 7.41457. CFL: 6.5465.
-------------------------------------------------------------------------

----------------------- Residual Evolution Summary ----------------------
log10[Maximum residual]: -7.36708.
Maximum residual point 407, located at (0.551932, 0.0591096).
-------------------------------------------------------------------------

 Iter    Time(s)     Res[Rho]     Res[RhoE]      CL(Total)      CD(Total)
 3401   0.052214    -8.614042     -8.110606       0.066559       0.000452
 3402   0.052181    -8.643026     -8.141572       0.066559       0.000452
 3403   0.052147    -8.671909     -8.172145       0.066559       0.000452
 3404   0.052121    -8.700766     -8.202482       0.066559       0.000452
 3405   0.052098    -8.729897     -8.233067       0.066559       0.000452
 3406   0.052089    -8.759715     -8.264507       0.066559       0.000452
 3407   0.052072    -8.790497     -8.297141       0.066559       0.000452
 3408   0.052047    -8.822006     -8.330469       0.066559       0.000452
 3409   0.052037    -8.852310     -8.361369       0.066559       0.000452
 3410   0.052013    -8.873534     -8.379573       0.066559       0.000452
 3411   0.052013    -8.860703     -8.349541       0.066559       0.000452
 3412   0.052035    -8.904402     -8.408193       0.066559       0.000452
 3413   0.052013    -8.919013     -8.419065       0.066559       0.000452
 3414   0.051991    -8.910026     -8.397982       0.066559       0.000452
 3415   0.051964    -8.922863     -8.406625       0.066559       0.000452
 3416   0.051942    -8.932632     -8.411734       0.066559       0.000452
 3417   0.051974    -8.951931     -8.430441       0.066559       0.000452
 3418   0.051983    -8.977693     -8.458309       0.066559       0.000452
 3419   0.051964    -9.008130     -8.492356       0.066559       0.000452
 3420   0.051941    -9.042336     -8.531141       0.066559       0.000452
 3421   0.051914    -9.078043     -8.571347       0.066559       0.000452
 3422   0.051894    -9.113767     -8.610907       0.066559       0.000452
 3423   0.051873    -9.149997     -8.651011       0.066559       0.000452
 3424   0.051861    -9.186698     -8.691646       0.066559       0.000452
 3425   0.051833    -9.222538     -8.730644       0.066559       0.000452
 3426   0.051816    -9.251377     -8.759254       0.066559       0.000452
 3427   0.051800    -9.272564     -8.776665       0.066559       0.000452
 3428   0.051799    -9.291229     -8.790446       0.066559       0.000452
 3429   0.051804    -9.302094     -8.794281       0.066559       0.000452
 3430   0.051811    -9.311566     -8.797924       0.066559       0.000452
 3431   0.051806    -9.322983     -8.805519       0.066559       0.000452
 3432   0.051786    -9.337018     -8.817341       0.066559       0.000452
 3433   0.051765    -9.353755     -8.832940       0.066559       0.000452
 3434   0.051749    -9.371254     -8.849313       0.066559       0.000452
 3435   0.051731    -9.387418     -8.863579       0.066559       0.000452
 3436   0.051710    -9.400361     -8.873422       0.066559       0.000452
 3437   0.051714    -9.409869     -8.878935       0.066559       0.000452
 3438   0.051730    -9.417020     -8.881822       0.066559       0.000452
 3439   0.051715    -9.423264     -8.884045       0.066559       0.000452
 3440   0.051703    -9.429729     -8.886976       0.066559       0.000452

---------------------- Local Time Stepping Summary ----------------------
MG level: 0 -> Min. DT: 0.000497808. Max. DT: 3.62869. CFL: 10.
MG level: 1 -> Min. DT: 0.000784441. Max. DT: 5.54685. CFL: 8.11871.
MG level: 2 -> Min. DT: 0.00104891. Max. DT: 7.41457. CFL: 6.5465.
-------------------------------------------------------------------------

----------------------- Residual Evolution Summary ----------------------
log10[Maximum residual]: -8.24155.
Maximum residual point 362, located at (0.488641, 0.0611344).
-------------------------------------------------------------------------

 Iter    Time(s)     Res[Rho]     Res[RhoE]      CL(Total)      CD(Total)
 3441   0.051685    -9.437048     -8.891281       0.066559       0.000452
 3442   0.051669    -9.445416     -8.897081       0.066559       0.000452
 3443   0.051673    -9.454739     -8.904175       0.066559       0.000452
 3444   0.051671    -9.464803     -8.912263       0.066559       0.000452
 3445   0.051653    -9.475411     -8.921093       0.066559       0.000452
 3446   0.051643    -9.486447     -8.930531       0.066559       0.000452
 3447   0.051630    -9.497872     -8.940532       0.066559       0.000452
 3448   0.051612    -9.509678     -8.951083       0.066559       0.000452
 3449   0.051594    -9.521848     -8.962156       0.066559       0.000452
 3450   0.051579    -9.534341     -8.973688       0.066559       0.000452
 3451   0.051636    -9.547101     -8.985600       0.066559       0.000452
 3452   0.051623    -9.560073     -8.997823       0.066559       0.000452
 3453   0.051617    -9.573222     -9.010312       0.066559       0.000452
 3454   0.051611    -9.586535     -9.023054       0.066559       0.000452
 3455   0.051595    -9.600012     -9.036053       0.066559       0.000452
 3456   0.051590    -9.613659     -9.049317       0.066559       0.000452
 3457   0.051632    -9.627475     -9.062847       0.066559       0.000452
 3458   0.051625    -9.641452     -9.076629       0.066559       0.000452
 3459   0.051619    -9.655570     -9.090640       0.066559       0.000452
 3460   0.051602    -9.669809     -9.104846       0.066559       0.000452
 3461   0.051594    -9.684143     -9.119217       0.066559       0.000452
 3462   0.051584    -9.698553     -9.133721       0.066559       0.000452
 3463   0.051565    -9.713022     -9.148335       0.066559       0.000452
 3464   0.051550    -9.727536     -9.163039       0.066559       0.000452
 3465   0.051548    -9.742089     -9.177822       0.066559       0.000452
 3466   0.051555    -9.756676     -9.192676       0.066559       0.000452
 3467   0.051543    -9.771300     -9.207603       0.066559       0.000452
 3468   0.051534    -9.785967     -9.222606       0.066559       0.000452
 3469   0.051530    -9.800685     -9.237700       0.066559       0.000452
 3470   0.051530    -9.815470     -9.252899       0.066559       0.000452
 3471   0.051514    -9.830337     -9.268225       0.066559       0.000452
 3472   0.051503    -9.845304     -9.283699       0.066559       0.000452
 3473   0.051485    -9.860390     -9.299345       0.066559       0.000452
 3474   0.051502    -9.875609     -9.315181       0.066559       0.000452
 3475   0.051564    -9.890977     -9.331227       0.066559       0.000452
 3476   0.051581    -9.906503     -9.347494       0.066559       0.000452
 3477   0.051598    -9.922193     -9.363990       0.066559       0.000452
 3478   0.051590    -9.938050     -9.380717       0.066559       0.000452
 3479   0.051578    -9.954069     -9.397671       0.066559       0.000452
 3480   0.051574    -9.970243     -9.414841       0.066559       0.000452

---------------------- Local Time Stepping Summary ----------------------
MG level: 0 -> Min. DT: 0.000497808. Max. DT: 3.62869. CFL: 10.
MG level: 1 -> Min. DT: 0.000784441. Max. DT: 5.54685. CFL: 8.11871.
MG level: 2 -> Min. DT: 0.00104891. Max. DT: 7.41457. CFL: 6.5465.
-------------------------------------------------------------------------

----------------------- Residual Evolution Summary ----------------------
log10[Maximum residual]: -8.84202.
Maximum residual point 436, located at (0.36366, 0.0609869).
-------------------------------------------------------------------------

 Iter    Time(s)     Res[Rho]     Res[RhoE]      CL(Total)      CD(Total)
 3481   0.051565    -9.986561     -9.432211       0.066559       0.000452
 3482   0.051551   -10.003006     -9.449761       0.066559       0.000452

-------------------------- File Output Summary --------------------------
Writing comma-separated values (CSV) surface files.
Merging connectivities in the Master node.
Merging coordinates in the Master node.
Merging solution in the Master node.
Writing SU2 native restart file.
Writing Paraview ASCII volume solution file.
Writing Paraview ASCII surface solution file.
Writing the forces breakdown file.
-------------------------------------------------------------------------

History file, closed.

------------------------- Solver Postprocessing -------------------------
Deleted CNumerics container.
Deleted CIntegration container.
Deleted CSolver container.
Deleted CIteration container.
Deleted CInterpolator container.
Deleted CTransfer container.
Deleted CGeometry container.
Deleted CFreeFormDefBox class.
Deleted CSurfaceMovement class.
Deleted CVolumetricMovement class.
Deleted CConfig container.
Deleted COutput class.
-------------------------------------------------------------------------

Completed in 10.504716 seconds on 1 core.

------------------------- Exit Success (SU2_CFD) ------------------------

