
-------------------------------------------------------------------------
|    ___ _   _ ___                                                      |
|   / __| | | |_  )   Release 5.0.0  "Raven"                            |
|   \__ \ |_| |/ /                                                      |
|   |___/\___//___|   Suite (Computational Fluid Dynamics Code)         |
|                                                                       |
-------------------------------------------------------------------------
| SU2 Original Developers: Dr. Francisco D. Palacios.                   |
|                          Dr. Thomas D. Economon.                      |
-------------------------------------------------------------------------
| SU2 Developers:                                                       |
| - Prof. Juan J. Alonso's group at Stanford University.                |
| - Prof. Piero Colonna's group at Delft University of Technology.      |
| - Prof. Nicolas R. Gauger's group at Kaiserslautern U. of Technology. |
| - Prof. Alberto Guardone's group at Polytechnic University of Milan.  |
| - Prof. Rafael Palacios' group at Imperial College London.            |
| - Prof. Edwin van der Weide's group at the University of Twente.      |
| - Prof. Vincent Terrapon's group at the University of Liege.          |
-------------------------------------------------------------------------
| Copyright (C) 2012-2017 SU2, the open-source CFD code.                |
|                                                                       |
| SU2 is free software; you can redistribute it and/or                  |
| modify it under the terms of the GNU Lesser General Public            |
| License as published by the Free Software Foundation; either          |
| version 2.1 of the License, or (at your option) any later version.    |
|                                                                       |
| SU2 is distributed in the hope that it will be useful,                |
| but WITHOUT ANY WARRANTY; without even the implied warranty of        |
| MERCHANTABILITY or FITNESS FOR A PARTICULAR PURPOSE. See the GNU      |
| Lesser General Public License for more details.                       |
|                                                                       |
| You should have received a copy of the GNU Lesser General Public      |
| License along with SU2. If not, see <http://www.gnu.org/licenses/>.   |
-------------------------------------------------------------------------

------------------------ Physical Case Definition -----------------------
Compressible Euler equations.
Mach number: 0.8.
Angle of attack (AoA): 1.25 deg, and angle of sideslip (AoS): 0 deg.
Read flow solution from: solution_flow.dat.
Non-Dimensional simulation (P=1.0, Rho=1.0, T=1.0 at the farfield).
The reference length/area (force coefficient) is 1.
The reference length (moment computation) is 1.
Reference origin (moment computation) is (0.25, 0, 0).
Surface(s) where the force coefficients are evaluated: airfoil.
Surface(s) plotted in the output file: airfoil.
Surface(s) affected by the design variables: airfoil.
Input mesh file name: mesh_deform.su2

---------------------- Space Numerical Integration ----------------------
Jameson-Schmidt-Turkel scheme for the flow inviscid terms.
JST viscous coefficients (1st, 2nd & 4th): 0.15, 0.5, 0.02.
The method includes a grid stretching correction (p = 0.3).
Second order integration.
Gradient computation using Green-Gauss theorem.

---------------------- Time Numerical Integration -----------------------
Local time stepping (steady state simulation).
Euler implicit method for the flow equations.
V Multigrid Cycle, with 2 multigrid levels.
Damping factor for the residual restriction: 1.
Damping factor for the correction prolongation: 1.
No CFL adaptation.
Multigrid Level:                       0     1     2
Courant-Friedrichs-Lewy number:       10
MG PreSmooth coefficients:             1     2     3
MG PostSmooth coefficients:            0     0     0
MG CorrecSmooth coefficients:          0     0     0

------------------------- Convergence Criteria --------------------------
Maximum number of iterations: 1000.
Reduce the density residual 6 orders of magnitude.
The minimum bound for the density residual is 10^(-10).
Start convergence criteria at iteration 10.

-------------------------- Output Information ---------------------------
Writing a flow solution every 250 iterations.
Writing the convergence history every 1 iterations.
The output file format is Paraview ASCII (.vtk).
Convergence history file name: history_direct.
Forces breakdown file name: forces_breakdown.dat.
Surface flow coefficients file name: surface_flow.
Flow variables file name: flow.
Restart flow file name: restart_flow.dat.

------------------- Config File Boundary Information --------------------
Euler wall boundary marker(s): airfoil.
Far-field boundary marker(s): farfield.

---------------------- Read Grid File Information -----------------------
Two dimensional problem.
5233 points before parallel partitioning.
Performing linear partitioning of the grid nodes.
10216 interior elements before parallel partitioning.
Calling the partitioning functions.
Building the graph adjacency structure.
Distributing elements across all ranks.
2 surface markers.
200 boundary elements in index 0 (Marker = airfoil).
50 boundary elements in index 1 (Marker = farfield).
Calling ParMETIS...
Finished partitioning using ParMETIS (547 edge cuts).
Communicating partition data and creating halo layers.
10763 interior elements including halo cells. 
10763 triangles.
5796 vertices including ghost points. 
Establishing MPI communication patterns.

------------------------- Geometry Preprocessing ------------------------
Setting point connectivity.
Renumbering points (Reverse Cuthill McKee Ordering).
Recomputing point connectivity.
Setting element connectivity.
Checking the numerical grid orientation.
Identifying edges and vertices.
Computing centers of gravity.
Setting the control volume structure.
Area of the computational grid: 1.3e+03.
Searching for the closest normal neighbors to the surfaces.
Compute the surface curvature.
Max K: 7.84e+03. Mean K: 35.7. Standard deviation K: 494.
Checking for periodicity.
Setting the multigrid structure.
MG level: 0 -> CVs: 5796. Agglomeration rate 1/1.00. CFL 10.
MG level: 1 -> CVs: 1800. Agglomeration rate 1/3.22. CFL 8.36.
MG level: 2 -> CVs: 626. Agglomeration rate 1/2.88. CFL 7.39.
Computing wall distances.
Wetted area = 2.03 m.
Area projection in the x-plane = 0.107 m, y-plane = 1 m.

------------------------- Driver information --------------------------
A Fluid driver has been instantiated.

------------------------ Iteration Preprocessing ------------------------
Zone 1: Euler/Navier-Stokes/RANS flow iteration.

------------------------- Solver Preprocessing --------------------------
Inviscid flow: Computing density based on free-stream
temperature and pressure using the ideal gas law.
Force coefficients computed using free-stream values.
-- Input conditions:
Fluid Model: STANDARD_AIR 
Specific gas constant: 287.058 N.m/kg.K.
Specific gas constant (non-dim): 1
Specific Heat Ratio: 1.4
Free-stream static pressure: 101325 Pa.
Free-stream total pressure: 154454 Pa.
Free-stream temperature: 288.15 K.
Free-stream density: 1.22498 kg/m^3.
Free-stream velocity: (272.173, 5.93883) m/s. Magnitude: 272.238 m/s (529.186 KTS).
Free-stream total energy per unit mass: 243846 m^2/s^2.
-- Reference values:
Reference specific gas constant: 287.058 N.m/kg.K.
Reference pressure: 101325 Pa.
Reference temperature: 288.15 K.
Reference density: 1.22498 kg/m^3.
Reference velocity: 287.603 m/s.
Reference energy per unit mass: 82715.8 m^2/s^2.
-- Resulting non-dimensional state:
Mach number (non-dim): 0.8
Specific gas constant (non-dim): 1
Free-stream temperature (non-dim): 1
Free-stream pressure (non-dim): 1
Free-stream density (non-dim): 1
Free-stream velocity (non-dim): (0.946348, 0.0206494). Magnitude: 0.946573
Free-stream total energy per unit mass (non-dim): 2.948

Initialize Jacobian structure (Euler). MG level: 0.
Initialize Jacobian structure (Euler). MG level: 1.
Initialize Jacobian structure (Euler). MG level: 2.

----------------- Integration and Numerics Preprocessing ----------------
Integration Preprocessing.
Numerics Preprocessing.

------------------------------ Begin Solver -----------------------------

---------------------- Local Time Stepping Summary ----------------------
MG level: 0 -> Min. DT: 0.000497808. Max. DT: 3.62868. CFL: 10.
MG level: 1 -> Min. DT: 0.000799996. Max. DT: 5.71113. CFL: 8.35917.
MG level: 2 -> Min. DT: 0.00155936. Max. DT: 8.31069. CFL: 7.39444.
-------------------------------------------------------------------------

----------------------- Residual Evolution Summary ----------------------
log10[Maximum residual]: -5.5595.
Maximum residual point 105, located at (0.00752, 0.0115671).
-------------------------------------------------------------------------

 Iter    Time(s)     Res[Rho]     Res[RhoE]      CL(Total)      CD(Total)
  339   0.021210    -6.680605     -6.084226       0.066864       0.000538
  340   0.019700    -6.722638     -6.120241       0.066832       0.000511
  341   0.019610    -6.705315     -6.107756       0.066808       0.000497
  342   0.019204    -6.689674     -6.089882       0.066784       0.000486
  343   0.019055    -6.663545     -6.062390       0.066756       0.000478
  344   0.018818    -6.628172     -6.027524       0.066725       0.000473
  345   0.018617    -6.593361     -5.993110       0.066694       0.000468
  346   0.018442    -6.564401     -5.963964       0.066665       0.000465
  347   0.018287    -6.542643     -5.942025       0.066639       0.000463
  348   0.018257    -6.526568     -5.925864       0.066616       0.000461
  349   0.018175    -6.514897     -5.914137       0.066596       0.000459
  350   0.018055    -6.506445     -5.905618       0.066577       0.000458
  351   0.018297    -6.499982     -5.899051       0.066561       0.000457
  352   0.018414    -6.494599     -5.893509       0.066546       0.000457
  353   0.018649    -6.489837     -5.888500       0.066532       0.000457
  354   0.019154    -6.485423     -5.883675       0.066520       0.000457
  355   0.019381    -6.481106     -5.878680       0.066509       0.000456
  356   0.019685    -6.476674     -5.873216       0.066499       0.000456
  357   0.019654    -6.472023     -5.867160       0.066491       0.000456
  358   0.019649    -6.467218     -5.860630       0.066483       0.000457
  359   0.019617    -6.462474     -5.853940       0.066475       0.000457
  360   0.019632    -6.458130     -5.847538       0.066469       0.000457
  361   0.019565    -6.454621     -5.841955       0.066463       0.000457
  362   0.019495    -6.452509     -5.837833       0.066457       0.000457
  363   0.019423    -6.452557     -5.836012       0.066452       0.000456
  364   0.019379    -6.455870     -5.837687       0.066448       0.000456
  365   0.019460    -6.464141     -5.844687       0.066443       0.000456
  366   0.019522    -6.480172     -5.860051       0.066439       0.000455
  367   0.019505    -6.509099     -5.889409       0.066435       0.000454
  368   0.019488    -6.561683     -5.944823       0.066432       0.000453
  369   0.019482    -6.660041     -6.052593       0.066430       0.000453
  370   0.019445    -6.753594     -6.160072       0.066424       0.000452
  371   0.019434    -6.771145     -6.180592       0.066415       0.000451
  372   0.019395    -6.790327     -6.203878       0.066406       0.000450
  373   0.019364    -6.825624     -6.247427       0.066396       0.000449
  374   0.019334    -6.853996     -6.282334       0.066386       0.000448
  375   0.019327    -6.852387     -6.280539       0.066375       0.000448
  376   0.019292    -6.846402     -6.274151       0.066364       0.000447
  377   0.019278    -6.858440     -6.289931       0.066353       0.000446
  378   0.019238    -6.880547     -6.318121       0.066343       0.000446

---------------------- Local Time Stepping Summary ----------------------
MG level: 0 -> Min. DT: 0.000497818. Max. DT: 3.62868. CFL: 10.
MG level: 1 -> Min. DT: 0.000799998. Max. DT: 5.71114. CFL: 8.35917.
MG level: 2 -> Min. DT: 0.00155939. Max. DT: 8.3107. CFL: 7.39444.
-------------------------------------------------------------------------

----------------------- Residual Evolution Summary ----------------------
log10[Maximum residual]: -5.78065.
Maximum residual point 2352, located at (0.474492, 0.429877).
-------------------------------------------------------------------------

 Iter    Time(s)     Res[Rho]     Res[RhoE]      CL(Total)      CD(Total)
  379   0.019215    -6.883657     -6.323048       0.066333       0.000446
  380   0.019204    -6.876034     -6.315342       0.066324       0.000446
  381   0.019178    -6.883462     -6.325773       0.066315       0.000445
  382   0.019158    -6.906982     -6.355566       0.066307       0.000446
  383   0.019128    -6.910754     -6.360434       0.066300       0.000446
  384   0.019088    -6.904465     -6.353106       0.066293       0.000446
  385   0.019112    -6.923791     -6.376925       0.066287       0.000446
  386   0.019221    -6.959841     -6.421365       0.066282       0.000447
  387   0.019207    -6.963667     -6.424174       0.066277       0.000447
  388   0.019164    -6.979565     -6.442174       0.066272       0.000448
  389   0.019127    -7.027224     -6.502123       0.066268       0.000448
  390   0.019080    -7.057277     -6.535860       0.066265       0.000449
  391   0.019041    -7.070529     -6.546040       0.066262       0.000449
  392   0.019112    -7.069110     -6.539680       0.066260       0.000449
  393   0.019065    -7.047912     -6.511103       0.066258       0.000450
  394   0.019027    -7.051096     -6.516099       0.066258       0.000450
  395   0.018992    -7.045329     -6.507480       0.066257       0.000450
  396   0.018958    -7.016686     -6.470309       0.066256       0.000450
  397   0.018920    -7.022807     -6.478955       0.066256       0.000451
  398   0.018892    -7.040584     -6.502283       0.066257       0.000451
  399   0.018857    -7.045185     -6.506243       0.066256       0.000451
  400   0.018827    -7.060662     -6.524890       0.066257       0.000451
  401   0.018807    -7.061042     -6.522816       0.066257       0.000452
  402   0.018785    -7.054104     -6.511733       0.066257       0.000452
  403   0.018753    -7.049469     -6.504836       0.066257       0.000452
  404   0.018726    -7.048606     -6.503245       0.066257       0.000452
  405   0.018708    -7.049242     -6.503400       0.066258       0.000452
  406   0.018691    -7.049824     -6.503239       0.066258       0.000452
  407   0.018678    -7.050576     -6.503232       0.066258       0.000452
  408   0.018665    -7.052333     -6.504552       0.066258       0.000452
  409   0.018645    -7.055547     -6.507751       0.066258       0.000452
  410   0.018621    -7.060325     -6.512899       0.066258       0.000452
  411   0.018603    -7.066765     -6.520071       0.066258       0.000452
  412   0.018580    -7.075024     -6.529441       0.066258       0.000452
  413   0.018563    -7.085224     -6.541139       0.066258       0.000452
  414   0.018549    -7.097391     -6.555173       0.066258       0.000452
  415   0.018535    -7.111464     -6.571442       0.066258       0.000452
  416   0.018571    -7.127388     -6.589867       0.066258       0.000452
  417   0.018653    -7.145125     -6.610395       0.066258       0.000452
  418   0.018664    -7.164615     -6.632943       0.066258       0.000452

---------------------- Local Time Stepping Summary ----------------------
MG level: 0 -> Min. DT: 0.000497803. Max. DT: 3.62868. CFL: 10.
MG level: 1 -> Min. DT: 0.000799996. Max. DT: 5.71114. CFL: 8.35917.
MG level: 2 -> Min. DT: 0.00155936. Max. DT: 8.3107. CFL: 7.39444.
-------------------------------------------------------------------------

----------------------- Residual Evolution Summary ----------------------
log10[Maximum residual]: -6.06016.
Maximum residual point 1582, located at (0.537282, 0.217729).
-------------------------------------------------------------------------

 Iter    Time(s)     Res[Rho]     Res[RhoE]      CL(Total)      CD(Total)
  419   0.018640    -7.185687     -6.657281       0.066258       0.000452
  420   0.018614    -7.207950     -6.682900       0.066258       0.000452
  421   0.018618    -7.230590     -6.708773       0.066258       0.000452
  422   0.018664    -7.251829     -6.732527       0.066258       0.000452
  423   0.018652    -7.267616     -6.748306       0.066258       0.000452
  424   0.018666    -7.276455     -6.755201       0.066258       0.000452
  425   0.018665    -7.278081     -6.753768       0.066258       0.000452
  426   0.018650    -7.273154     -6.744830       0.066258       0.000452
  427   0.018632    -7.266049     -6.734295       0.066258       0.000452
  428   0.018613    -7.260287     -6.726440       0.066258       0.000452
  429   0.018595    -7.257854     -6.723325       0.066258       0.000452
  430   0.018572    -7.259046     -6.724903       0.066258       0.000452
  431   0.018551    -7.263371     -6.730271       0.066258       0.000452
  432   0.018533    -7.270519     -6.738914       0.066258       0.000452
  433   0.018517    -7.280377     -6.750659       0.066258       0.000452
  434   0.018499    -7.292727     -6.765184       0.066257       0.000452
  435   0.018488    -7.307371     -6.782190       0.066257       0.000452
  436   0.018470    -7.324297     -6.801649       0.066257       0.000452
  437   0.018453    -7.343575     -6.823640       0.066256       0.000452
  438   0.018441    -7.365084     -6.847980       0.066256       0.000452
  439   0.018424    -7.388248     -6.873886       0.066256       0.000452
  440   0.018407    -7.411999     -6.899963       0.066256       0.000452
  441   0.018393    -7.435205     -6.924827       0.066256       0.000452
  442   0.018429    -7.457184     -6.947799       0.066255       0.000452
  443   0.018426    -7.477664     -6.968728       0.066255       0.000452
  444   0.018433    -7.496692     -6.987799       0.066255       0.000452
  445   0.018422    -7.514979     -7.006089       0.066255       0.000452
  446   0.018409    -7.533427     -7.024826       0.066254       0.000452
  447   0.018402    -7.552021     -7.043776       0.066254       0.000452
  448   0.018392    -7.570432     -7.062327       0.066254       0.000452
  449   0.018381    -7.588578     -7.080416       0.066253       0.000452
  450   0.018369    -7.606385     -7.098030       0.066253       0.000452
  451   0.018359    -7.623823     -7.115193       0.066253       0.000452
  452   0.018348    -7.640918     -7.131950       0.066252       0.000452
  453   0.018338    -7.657788     -7.148508       0.066252       0.000452
  454   0.018325    -7.674651     -7.165266       0.066252       0.000452
  455   0.018314    -7.693347     -7.184801       0.066251       0.000452
  456   0.018298    -7.711409     -7.202923       0.066251       0.000452
  457   0.018290    -7.727007     -7.217407       0.066250       0.000452
  458   0.018277    -7.750254     -7.243836       0.066250       0.000452

---------------------- Local Time Stepping Summary ----------------------
MG level: 0 -> Min. DT: 0.000497807. Max. DT: 3.62868. CFL: 10.
MG level: 1 -> Min. DT: 0.000799995. Max. DT: 5.71114. CFL: 8.35917.
MG level: 2 -> Min. DT: 0.00155937. Max. DT: 8.3107. CFL: 7.39444.
-------------------------------------------------------------------------

----------------------- Residual Evolution Summary ----------------------
log10[Maximum residual]: -6.54482.
Maximum residual point 407, located at (0.551932, 0.0590904).
-------------------------------------------------------------------------

 Iter    Time(s)     Res[Rho]     Res[RhoE]      CL(Total)      CD(Total)
  459   0.018268    -7.766129     -7.258170       0.066250       0.000452
  460   0.018255    -7.789554     -7.284118       0.066249       0.000452
  461   0.018244    -7.810742     -7.305988       0.066249       0.000452
  462   0.018234    -7.831858     -7.327234       0.066249       0.000452
  463   0.018265    -7.851783     -7.346792       0.066249       0.000452
  464   0.018326    -7.872165     -7.367324       0.066248       0.000452
  465   0.018373    -7.892353     -7.387381       0.066248       0.000452
  466   0.018398    -7.911741     -7.406442       0.066248       0.000452
  467   0.018391    -7.931837     -7.426383       0.066248       0.000452
  468   0.018376    -7.953024     -7.448160       0.066248       0.000452
  469   0.018368    -7.974610     -7.469917       0.066248       0.000452
  470   0.018369    -7.996019     -7.491297       0.066248       0.000452
  471   0.018438    -8.018488     -7.514046       0.066248       0.000452
  472   0.018518    -8.042356     -7.538760       0.066248       0.000452
  473   0.018571    -8.066738     -7.563639       0.066248       0.000452
  474   0.018605    -8.091529     -7.588815       0.066248       0.000452
  475   0.018629    -8.116885     -7.614565       0.066248       0.000452
  476   0.018662    -8.143064     -7.641387       0.066248       0.000452
  477   0.018707    -8.169527     -7.668219       0.066248       0.000452
  478   0.018730    -8.196324     -7.695400       0.066248       0.000452
  479   0.018751    -8.222731     -7.721759       0.066248       0.000452
  480   0.018767    -8.249540     -7.748716       0.066248       0.000452
  481   0.018780    -8.275504     -7.774205       0.066248       0.000452
  482   0.018799    -8.301932     -7.800460       0.066249       0.000452
  483   0.018831    -8.327317     -7.825113       0.066249       0.000452
  484   0.018866    -8.350608     -7.846682       0.066249       0.000452
  485   0.018883    -8.372251     -7.866480       0.066249       0.000452
  486   0.018901    -8.398798     -7.894189       0.066249       0.000452
  487   0.018929    -8.418416     -7.910939       0.066249       0.000452
  488   0.018952    -8.440195     -7.931504       0.066249       0.000452
  489   0.018990    -8.462326     -7.953211       0.066249       0.000452
  490   0.019024    -8.488069     -7.980120       0.066249       0.000452
  491   0.019060    -8.511062     -8.002198       0.066249       0.000452
  492   0.019068    -8.534719     -8.025374       0.066249       0.000452
  493   0.019083    -8.560997     -8.052575       0.066249       0.000452
  494   0.019090    -8.588176     -8.080569       0.066250       0.000452
  495   0.019095    -8.613825     -8.105684       0.066250       0.000452
  496   0.019111    -8.639233     -8.130677       0.066250       0.000452
  497   0.019101    -8.665142     -8.156668       0.066250       0.000452
  498   0.019090    -8.691006     -8.182576       0.066250       0.000452

---------------------- Local Time Stepping Summary ----------------------
MG level: 0 -> Min. DT: 0.000497806. Max. DT: 3.62868. CFL: 10.
MG level: 1 -> Min. DT: 0.000799996. Max. DT: 5.71114. CFL: 8.35917.
MG level: 2 -> Min. DT: 0.00155936. Max. DT: 8.3107. CFL: 7.39444.
-------------------------------------------------------------------------

----------------------- Residual Evolution Summary ----------------------
log10[Maximum residual]: -7.55912.
Maximum residual point 252, located at (0.425554, 0.0616966).
-------------------------------------------------------------------------

 Iter    Time(s)     Res[Rho]     Res[RhoE]      CL(Total)      CD(Total)
  499   0.019076    -8.714935     -8.205603       0.066250       0.000452
  500   0.019059    -8.738011     -8.227804       0.066250       0.000452
  501   0.019047    -8.761571     -8.251147       0.066250       0.000452
  502   0.019040    -8.785712     -8.275448       0.066250       0.000452
  503   0.019032    -8.809853     -8.299634       0.066250       0.000452
  504   0.019020    -8.835576     -8.326116       0.066250       0.000452
  505   0.019009    -8.862961     -8.354736       0.066250       0.000452
  506   0.019000    -8.890850     -8.383570       0.066250       0.000452
  507   0.018984    -8.918046     -8.411025       0.066250       0.000452
  508   0.018972    -8.944509     -8.437482       0.066250       0.000452
  509   0.018961    -8.970483     -8.463454       0.066250       0.000452
  510   0.018947    -8.995324     -8.487986       0.066250       0.000452
  511   0.018938    -9.018429     -8.510294       0.066250       0.000452
  512   0.018935    -9.040551     -8.531703       0.066250       0.000452
  513   0.018927    -9.062585     -8.553422       0.066251       0.000452
  514   0.018920    -9.084240     -8.574801       0.066251       0.000452
  515   0.018913    -9.105215     -8.595337       0.066251       0.000452
  516   0.018902    -9.125459     -8.615067       0.066251       0.000452
  517   0.018893    -9.144659     -8.633569       0.066251       0.000452
  518   0.018882    -9.163107     -8.651333       0.066251       0.000452
  519   0.018876    -9.181347     -8.669091       0.066251       0.000452
  520   0.018865    -9.199604     -8.687064       0.066251       0.000452
  521   0.018856    -9.217634     -8.704791       0.066251       0.000452
  522   0.018845    -9.235106     -8.721815       0.066251       0.000452
  523   0.018837    -9.251456     -8.737392       0.066251       0.000452
  524   0.018828    -9.266664     -8.751626       0.066251       0.000452
  525   0.018822    -9.281432     -8.765554       0.066251       0.000452
  526   0.018819    -9.296228     -8.779752       0.066251       0.000452
  527   0.018815    -9.310926     -8.793916       0.066251       0.000452
  528   0.018808    -9.325613     -8.808134       0.066251       0.000452
  529   0.018802    -9.340546     -8.822757       0.066251       0.000452
  530   0.018830    -9.355610     -8.837575       0.066251       0.000452
  531   0.018821    -9.370655     -8.852363       0.066251       0.000452
  532   0.018813    -9.386097     -8.867713       0.066251       0.000452
  533   0.018804    -9.402163     -8.883897       0.066251       0.000452
  534   0.018795    -9.418444     -8.900274       0.066251       0.000452
  535   0.018786    -9.434790     -8.916641       0.066251       0.000452
  536   0.018779    -9.451461     -8.933407       0.066251       0.000452
  537   0.018773    -9.468026     -8.949950       0.066251       0.000452
  538   0.018768    -9.483928     -8.965525       0.066251       0.000452

---------------------- Local Time Stepping Summary ----------------------
MG level: 0 -> Min. DT: 0.000497806. Max. DT: 3.62868. CFL: 10.
MG level: 1 -> Min. DT: 0.000799996. Max. DT: 5.71114. CFL: 8.35917.
MG level: 2 -> Min. DT: 0.00155936. Max. DT: 8.3107. CFL: 7.39444.
-------------------------------------------------------------------------

----------------------- Residual Evolution Summary ----------------------
log10[Maximum residual]: -8.36052.
Maximum residual point 436, located at (0.363661, 0.0609617).
-------------------------------------------------------------------------

 Iter    Time(s)     Res[Rho]     Res[RhoE]      CL(Total)      CD(Total)
  539   0.018759    -9.499671     -8.980938       0.066251       0.000452
  540   0.018751    -9.515412     -8.996410       0.066251       0.000452
  541   0.018744    -9.530453     -9.010923       0.066251       0.000452
  542   0.018737    -9.545149     -9.025038       0.066251       0.000452
  543   0.018726    -9.560333     -9.039935       0.066251       0.000452
  544   0.018720    -9.575199     -9.054382       0.066251       0.000452
  545   0.018712    -9.589365     -9.067870       0.066251       0.000452
  546   0.018707    -9.604115     -9.082277       0.066251       0.000452
  547   0.018718    -9.619266     -9.097249       0.066251       0.000452
  548   0.018721    -9.633394     -9.110740       0.066251       0.000452
  549   0.018714    -9.647566     -9.124378       0.066252       0.000452
  550   0.018704    -9.662826     -9.139609       0.066252       0.000452
  551   0.018695    -9.677266     -9.153624       0.066252       0.000452
  552   0.018687    -9.690560     -9.166093       0.066252       0.000452
  553   0.018680    -9.705059     -9.180421       0.066252       0.000452
  554   0.018671    -9.719981     -9.195337       0.066252       0.000452
  555   0.018663    -9.732761     -9.207233       0.066252       0.000452
  556   0.018653    -9.745449     -9.219229       0.066252       0.000452
  557   0.018649    -9.760266     -9.234340       0.066252       0.000452
  558   0.018642    -9.773893     -9.247681       0.066252       0.000452
  559   0.018635    -9.784658     -9.257159       0.066252       0.000452
  560   0.018627    -9.797070     -9.269267       0.066252       0.000452
  561   0.018619    -9.811648     -9.284428       0.066252       0.000452
  562   0.018612    -9.822701     -9.294595       0.066252       0.000452
  563   0.018607    -9.831089     -9.301425       0.066252       0.000452
  564   0.018603    -9.842898     -9.313348       0.066252       0.000452
  565   0.018600    -9.855566     -9.326455       0.066252       0.000452
  566   0.018592    -9.863641     -9.333239       0.066252       0.000452
  567   0.018586    -9.871058     -9.339460       0.066252       0.000452
  568   0.018595    -9.881872     -9.350596       0.066252       0.000452
  569   0.018618    -9.893096     -9.362203       0.066252       0.000452
  570   0.018639    -9.901748     -9.370159       0.066252       0.000452
  571   0.018649    -9.910147     -9.377908       0.066252       0.000452
  572   0.018663    -9.921604     -9.389898       0.066252       0.000452
  573   0.018663    -9.934574     -9.403728       0.066252       0.000452
  574   0.018659    -9.945317     -9.414280       0.066252       0.000452
  575   0.018654    -9.955337     -9.423892       0.066252       0.000452
  576   0.018646    -9.968603     -9.437951       0.066252       0.000452
  577   0.018639    -9.983608     -9.454130       0.066252       0.000452
  578   0.018636    -9.995045     -9.465234       0.066252       0.000452

---------------------- Local Time Stepping Summary ----------------------
MG level: 0 -> Min. DT: 0.000497806. Max. DT: 3.62868. CFL: 10.
MG level: 1 -> Min. DT: 0.000799996. Max. DT: 5.71114. CFL: 8.35917.
MG level: 2 -> Min. DT: 0.00155936. Max. DT: 8.3107. CFL: 7.39444.
-------------------------------------------------------------------------

----------------------- Residual Evolution Summary ----------------------
log10[Maximum residual]: -8.849.
Maximum residual point 435, located at (0.333461, 0.0601359).
-------------------------------------------------------------------------

 Iter    Time(s)     Res[Rho]     Res[RhoE]      CL(Total)      CD(Total)
  579   0.018628   -10.005635     -9.475314       0.066252       0.000452

-------------------------- File Output Summary --------------------------
Writing comma-separated values (CSV) surface files.
Merging coordinates in the Master node.
Merging solution in the Master node.
Writing SU2 native restart file.
Writing the forces breakdown file.
-------------------------------------------------------------------------

History file, closed.

------------------------- Solver Postprocessing -------------------------
Deleted CNumerics container.
Deleted CIntegration container.
Deleted CSolver container.
Deleted CIteration container.
Deleted CInterpolator container.
Deleted CTransfer container.
Deleted CGeometry container.
Deleted CFreeFormDefBox class.
Deleted CSurfaceMovement class.
Deleted CVolumetricMovement class.
Deleted CConfig container.
Deleted COutput class.
-------------------------------------------------------------------------

Completed in 4.544191 seconds on 8 cores.

------------------------- Exit Success (SU2_CFD) ------------------------


-------------------------------------------------------------------------
|    ___ _   _ ___                                                      |
|   / __| | | |_  )   Release 5.0.0  "Raven"                            |
|   \__ \ |_| |/ /                                                      |
|   |___/\___//___|   Suite (Solution Exporting Code)                   |
|                                                                       |
-------------------------------------------------------------------------
| SU2 Original Developers: Dr. Francisco D. Palacios.                   |
|                          Dr. Thomas D. Economon.                      |
-------------------------------------------------------------------------
| SU2 Developers:                                                       |
| - Prof. Juan J. Alonso's group at Stanford University.                |
| - Prof. Piero Colonna's group at Delft University of Technology.      |
| - Prof. Nicolas R. Gauger's group at Kaiserslautern U. of Technology. |
| - Prof. Alberto Guardone's group at Polytechnic University of Milan.  |
| - Prof. Rafael Palacios' group at Imperial College London.            |
| - Prof. Edwin van der Weide's group at the University of Twente.      |
| - Prof. Vincent Terrapon's group at the University of Liege.          |
-------------------------------------------------------------------------
| Copyright (C) 2012-2017 SU2, the open-source CFD code.                |
|                                                                       |
| SU2 is free software; you can redistribute it and/or                  |
| modify it under the terms of the GNU Lesser General Public            |
| License as published by the Free Software Foundation; either          |
| version 2.1 of the License, or (at your option) any later version.    |
|                                                                       |
| SU2 is distributed in the hope that it will be useful,                |
| but WITHOUT ANY WARRANTY; without even the implied warranty of        |
| MERCHANTABILITY or FITNESS FOR A PARTICULAR PURPOSE. See the GNU      |
| Lesser General Public License for more details.                       |
|                                                                       |
| You should have received a copy of the GNU Lesser General Public      |
| License along with SU2. If not, see <http://www.gnu.org/licenses/>.   |
-------------------------------------------------------------------------

------------------------ Physical Case Definition -----------------------
Input mesh file name: mesh_deform.su2

-------------------------- Output Information ---------------------------
The output file format is Paraview ASCII (.vtk).
Flow variables file name: flow.

------------------- Config File Boundary Information --------------------
Euler wall boundary marker(s): airfoil.
Far-field boundary marker(s): farfield.

---------------------- Read Grid File Information -----------------------
Two dimensional problem.
5233 points before parallel partitioning.
Performing linear partitioning of the grid nodes.
10216 interior elements before parallel partitioning.
Calling the partitioning functions.
Building the graph adjacency structure.
Distributing elements across all ranks.
2 surface markers.
200 boundary elements in index 0 (Marker = airfoil).
50 boundary elements in index 1 (Marker = farfield).
Calling ParMETIS...
Finished partitioning using ParMETIS (547 edge cuts).
Communicating partition data and creating halo layers.
10763 interior elements including halo cells. 
10763 triangles.
5796 vertices including ghost points. 
Establishing MPI communication patterns.
Identify vertices.

------------------------- Solution Postprocessing -----------------------
Reading and storing the solution from restart_flow.dat.
Merging connectivities in the Master node.
Merging solution in the Master node.
Writing Paraview ASCII file (volume grid).
Writing Paraview ASCII file (surface grid).

Completed in 0.067067 seconds on 8 cores.

------------------------- Exit Success (SU2_SOL) ------------------------

