
-------------------------------------------------------------------------
|    ___ _   _ ___                                                      |
|   / __| | | |_  )   Release 5.0.0  "Raven"                            |
|   \__ \ |_| |/ /                                                      |
|   |___/\___//___|   Suite (Computational Fluid Dynamics Code)         |
|                                                                       |
-------------------------------------------------------------------------
| SU2 Original Developers: Dr. Francisco D. Palacios.                   |
|                          Dr. Thomas D. Economon.                      |
-------------------------------------------------------------------------
| SU2 Developers:                                                       |
| - Prof. Juan J. Alonso's group at Stanford University.                |
| - Prof. Piero Colonna's group at Delft University of Technology.      |
| - Prof. Nicolas R. Gauger's group at Kaiserslautern U. of Technology. |
| - Prof. Alberto Guardone's group at Polytechnic University of Milan.  |
| - Prof. Rafael Palacios' group at Imperial College London.            |
| - Prof. Edwin van der Weide's group at the University of Twente.      |
| - Prof. Vincent Terrapon's group at the University of Liege.          |
-------------------------------------------------------------------------
| Copyright (C) 2012-2017 SU2, the open-source CFD code.                |
|                                                                       |
| SU2 is free software; you can redistribute it and/or                  |
| modify it under the terms of the GNU Lesser General Public            |
| License as published by the Free Software Foundation; either          |
| version 2.1 of the License, or (at your option) any later version.    |
|                                                                       |
| SU2 is distributed in the hope that it will be useful,                |
| but WITHOUT ANY WARRANTY; without even the implied warranty of        |
| MERCHANTABILITY or FITNESS FOR A PARTICULAR PURPOSE. See the GNU      |
| Lesser General Public License for more details.                       |
|                                                                       |
| You should have received a copy of the GNU Lesser General Public      |
| License along with SU2. If not, see <http://www.gnu.org/licenses/>.   |
-------------------------------------------------------------------------

------------------------ Physical Case Definition -----------------------
Compressible Euler equations.
Mach number: 0.8.
Angle of attack (AoA): 1.25 deg, and angle of sideslip (AoS): 0 deg.
Read flow solution from: solution_flow.dat.
Non-Dimensional simulation (P=1.0, Rho=1.0, T=1.0 at the farfield).
The reference length/area (force coefficient) is 1.
The reference length (moment computation) is 1.
Reference origin (moment computation) is (0.25, 0, 0).
Surface(s) where the force coefficients are evaluated: airfoil.
Surface(s) plotted in the output file: airfoil.
Surface(s) affected by the design variables: airfoil.
Input mesh file name: mesh_NACA0012_inv_deform.su2

---------------------- Space Numerical Integration ----------------------
Jameson-Schmidt-Turkel scheme for the flow inviscid terms.
JST viscous coefficients (1st, 2nd & 4th): 0.15, 0.5, 0.02.
The method includes a grid stretching correction (p = 0.3).
Second order integration.
Gradient computation using Green-Gauss theorem.

---------------------- Time Numerical Integration -----------------------
Local time stepping (steady state simulation).
Euler implicit method for the flow equations.
V Multigrid Cycle, with 2 multigrid levels.
Damping factor for the residual restriction: 1.
Damping factor for the correction prolongation: 1.
No CFL adaptation.
Multigrid Level:                       0     1     2
Courant-Friedrichs-Lewy number:       10
MG PreSmooth coefficients:             1     2     3
MG PostSmooth coefficients:            0     0     0
MG CorrecSmooth coefficients:          0     0     0

------------------------- Convergence Criteria --------------------------
Maximum number of iterations: 1000.
Reduce the density residual 6 orders of magnitude.
The minimum bound for the density residual is 10^(-10).
Start convergence criteria at iteration 10.

-------------------------- Output Information ---------------------------
Writing a flow solution every 250 iterations.
Writing the convergence history every 1 iterations.
The output file format is Paraview ASCII (.vtk).
Convergence history file name: history_direct.
Forces breakdown file name: forces_breakdown.dat.
Surface flow coefficients file name: surface_flow.
Flow variables file name: flow.
Restart flow file name: restart_flow.dat.

------------------- Config File Boundary Information --------------------
Euler wall boundary marker(s): airfoil.
Far-field boundary marker(s): farfield.

---------------------- Read Grid File Information -----------------------
Two dimensional problem.
5233 points.
2 surface markers.
200 boundary elements in index 0 (Marker = airfoil).
50 boundary elements in index 1 (Marker = farfield).
10216 triangles.

------------------------- Geometry Preprocessing ------------------------
Setting point connectivity.
Renumbering points (Reverse Cuthill McKee Ordering).
Recomputing point connectivity.
Setting element connectivity.
Checking the numerical grid orientation.
Identifying edges and vertices.
Computing centers of gravity.
Setting the control volume structure.
Area of the computational grid: 1.25e+03.
Searching for the closest normal neighbors to the surfaces.
Compute the surface curvature.
Max K: 7.84e+03. Mean K: 35.7. Standard deviation K: 494.
Checking for periodicity.
Setting the multigrid structure.
MG level: 0 -> CVs: 5233. Agglomeration rate 1/1.00. CFL 10.
MG level: 1 -> CVs: 1533. Agglomeration rate 1/3.41. CFL 8.12.
MG level: 2 -> CVs: 443. Agglomeration rate 1/3.46. CFL 6.55.
Computing wall distances.
Wetted area = 2.03 m.
Area projection in the x-plane = 0.107 m, y-plane = 1 m.

------------------------- Driver information --------------------------
A Fluid driver has been instantiated.

------------------------ Iteration Preprocessing ------------------------
Zone 1: Euler/Navier-Stokes/RANS flow iteration.

------------------------- Solver Preprocessing --------------------------
Inviscid flow: Computing density based on free-stream
temperature and pressure using the ideal gas law.
Force coefficients computed using free-stream values.
-- Input conditions:
Fluid Model: STANDARD_AIR 
Specific gas constant: 287.058 N.m/kg.K.
Specific gas constant (non-dim): 1
Specific Heat Ratio: 1.4
Free-stream static pressure: 101325 Pa.
Free-stream total pressure: 154454 Pa.
Free-stream temperature: 288.15 K.
Free-stream density: 1.22498 kg/m^3.
Free-stream velocity: (272.173, 5.93883) m/s. Magnitude: 272.238 m/s (529.186 KTS).
Free-stream total energy per unit mass: 243846 m^2/s^2.
-- Reference values:
Reference specific gas constant: 287.058 N.m/kg.K.
Reference pressure: 101325 Pa.
Reference temperature: 288.15 K.
Reference density: 1.22498 kg/m^3.
Reference velocity: 287.603 m/s.
Reference energy per unit mass: 82715.8 m^2/s^2.
-- Resulting non-dimensional state:
Mach number (non-dim): 0.8
Specific gas constant (non-dim): 1
Free-stream temperature (non-dim): 1
Free-stream pressure (non-dim): 1
Free-stream density (non-dim): 1
Free-stream velocity (non-dim): (0.946348, 0.0206494). Magnitude: 0.946573
Free-stream total energy per unit mass (non-dim): 2.948

Initialize Jacobian structure (Euler). MG level: 0.
Initialize Jacobian structure (Euler). MG level: 1.
Initialize Jacobian structure (Euler). MG level: 2.

----------------- Integration and Numerics Preprocessing ----------------
Integration Preprocessing.
Numerics Preprocessing.

------------------------------ Begin Solver -----------------------------

---------------------- Local Time Stepping Summary ----------------------
MG level: 0 -> Min. DT: 0.000497793. Max. DT: 3.62883. CFL: 10.
MG level: 1 -> Min. DT: 0.000784303. Max. DT: 5.54694. CFL: 8.11871.
MG level: 2 -> Min. DT: 0.00104872. Max. DT: 7.41474. CFL: 6.5465.
-------------------------------------------------------------------------

----------------------- Residual Evolution Summary ----------------------
log10[Maximum residual]: -4.48552.
Maximum residual point 151, located at (0.52761, 0.0456839).
-------------------------------------------------------------------------

 Iter    Time(s)     Res[Rho]     Res[RhoE]      CL(Total)      CD(Total)
 1907   0.055845    -5.621826     -5.025447       0.074396       0.000612
 1908   0.053190    -5.735642     -5.134378       0.074263       0.000515
 1909   0.052245    -5.737430     -5.142849       0.074234       0.000526
 1910   0.051513    -5.723432     -5.128192       0.074144       0.000532
 1911   0.051290    -5.686078     -5.091270       0.074022       0.000530
 1912   0.050884    -5.647968     -5.052845       0.073883       0.000527
 1913   0.050648    -5.635359     -5.043152       0.073726       0.000522
 1914   0.050444    -5.645509     -5.058632       0.073567       0.000526
 1915   0.050237    -5.648915     -5.064354       0.073426       0.000518
 1916   0.050110    -5.665630     -5.083961       0.073290       0.000510
 1917   0.050052    -5.726613     -5.156711       0.073167       0.000511
 1918   0.049992    -5.733174     -5.163061       0.073046       0.000503
 1919   0.049919    -5.826518     -5.283351       0.072938       0.000509
 1920   0.050104    -5.788705     -5.236342       0.072846       0.000501
 1921   0.050082    -5.847147     -5.313931       0.072758       0.000506
 1922   0.050297    -5.798629     -5.252331       0.072691       0.000500
 1923   0.050464    -5.785854     -5.233645       0.072628       0.000499
 1924   0.050523    -5.767658     -5.211030       0.072574       0.000496
 1925   0.050446    -5.763875     -5.205678       0.072525       0.000494
 1926   0.050356    -5.762267     -5.202400       0.072480       0.000492
 1927   0.050264    -5.761840     -5.200041       0.072441       0.000490
 1928   0.050233    -5.762986     -5.199164       0.072404       0.000488
 1929   0.050209    -5.766957     -5.201448       0.072370       0.000487
 1930   0.050190    -5.775248     -5.208961       0.072338       0.000486
 1931   0.050151    -5.787927     -5.222008       0.072307       0.000485
 1932   0.050270    -5.804806     -5.240443       0.072277       0.000485
 1933   0.050255    -5.825679     -5.264012       0.072248       0.000485
 1934   0.050210    -5.850445     -5.292609       0.072220       0.000485
 1935   0.050184    -5.879298     -5.326624       0.072192       0.000485
 1936   0.050123    -5.912195     -5.366329       0.072166       0.000485
 1937   0.050057    -5.947845     -5.410397       0.072140       0.000485
 1938   0.050013    -5.982838     -5.454213       0.072115       0.000485
 1939   0.050006    -6.012533     -5.490755       0.072090       0.000486
 1940   0.050094    -6.033597     -5.514867       0.072067       0.000486
 1941   0.050101    -6.046254     -5.527349       0.072043       0.000485
 1942   0.050301    -6.051777     -5.530761       0.072020       0.000485
 1943   0.050308    -6.050971     -5.526629       0.071997       0.000485
 1944   0.050261    -6.046107     -5.518194       0.071973       0.000485
 1945   0.050263    -6.040725     -5.510032       0.071948       0.000484
 1946   0.050240    -6.037016     -5.504581       0.071923       0.000483

---------------------- Local Time Stepping Summary ----------------------
MG level: 0 -> Min. DT: 0.000497801. Max. DT: 3.62883. CFL: 10.
MG level: 1 -> Min. DT: 0.000784378. Max. DT: 5.54696. CFL: 8.11871.
MG level: 2 -> Min. DT: 0.00104869. Max. DT: 7.41475. CFL: 6.5465.
-------------------------------------------------------------------------

----------------------- Residual Evolution Summary ----------------------
log10[Maximum residual]: -4.98803.
Maximum residual point 1272, located at (0.562227, 0.158615).
-------------------------------------------------------------------------

 Iter    Time(s)     Res[Rho]     Res[RhoE]      CL(Total)      CD(Total)
 1947   0.050220    -6.035526     -5.502134       0.071897       0.000483
 1948   0.050179    -6.036421     -5.502727       0.071870       0.000482
 1949   0.050150    -6.039603     -5.506189       0.071843       0.000481
 1950   0.050206    -6.044497     -5.511723       0.071816       0.000481
 1951   0.050213    -6.050827     -5.518993       0.071789       0.000480
 1952   0.050251    -6.058561     -5.528008       0.071761       0.000479
 1953   0.050220    -6.067646     -5.538733       0.071734       0.000478
 1954   0.050185    -6.077890     -5.550928       0.071707       0.000477
 1955   0.050179    -6.089394     -5.564786       0.071680       0.000477
 1956   0.050151    -6.102372     -5.580642       0.071654       0.000476
 1957   0.050158    -6.116765     -5.598424       0.071629       0.000475
 1958   0.050155    -6.130260     -5.614726       0.071604       0.000475
 1959   0.050135    -6.135306     -5.618232       0.071581       0.000475
 1960   0.050141    -6.142772     -5.626409       0.071560       0.000474
 1961   0.050203    -6.148617     -5.632783       0.071540       0.000474
 1962   0.050249    -6.146979     -5.627377       0.071520       0.000473
 1963   0.050320    -6.151319     -5.631090       0.071502       0.000472
 1964   0.050291    -6.160274     -5.641670       0.071485       0.000472
 1965   0.050254    -6.169276     -5.651105       0.071469       0.000471
 1966   0.050225    -6.176539     -5.657447       0.071455       0.000471
 1967   0.050192    -6.183394     -5.663439       0.071442       0.000471
 1968   0.050159    -6.189962     -5.669227       0.071429       0.000470
 1969   0.050135    -6.196202     -5.674610       0.071418       0.000470
 1970   0.050201    -6.203515     -5.681624       0.071407       0.000470
 1971   0.050450    -6.213104     -5.691857       0.071398       0.000470
 1972   0.050685    -6.224955     -5.705021       0.071389       0.000470
 1973   0.050842    -6.238507     -5.720169       0.071381       0.000470
 1974   0.050862    -6.253010     -5.736252       0.071373       0.000470
 1975   0.050871    -6.267694     -5.752279       0.071366       0.000469
 1976   0.050897    -6.282108     -5.767753       0.071360       0.000469
 1977   0.050898    -6.296316     -5.782884       0.071353       0.000469
 1978   0.050874    -6.310558     -5.798049       0.071348       0.000468
 1979   0.050845    -6.325051     -5.813528       0.071342       0.000468
 1980   0.050938    -6.339976     -5.829525       0.071337       0.000468
 1981   0.050974    -6.355384     -5.846097       0.071332       0.000468
 1982   0.050951    -6.371160     -5.863052       0.071328       0.000467
 1983   0.050925    -6.387211     -5.880237       0.071323       0.000467
 1984   0.050913    -6.403358     -5.897412       0.071319       0.000467
 1985   0.050880    -6.418811     -5.913474       0.071316       0.000467
 1986   0.050850    -6.431251     -5.925156       0.071312       0.000467

---------------------- Local Time Stepping Summary ----------------------
MG level: 0 -> Min. DT: 0.000497811. Max. DT: 3.62883. CFL: 10.
MG level: 1 -> Min. DT: 0.000784351. Max. DT: 5.54696. CFL: 8.11871.
MG level: 2 -> Min. DT: 0.00104866. Max. DT: 7.41476. CFL: 6.5465.
-------------------------------------------------------------------------

----------------------- Residual Evolution Summary ----------------------
log10[Maximum residual]: -5.3188.
Maximum residual point 1071, located at (0.548189, 0.134841).
-------------------------------------------------------------------------

 Iter    Time(s)     Res[Rho]     Res[RhoE]      CL(Total)      CD(Total)
 1987   0.050814    -6.437798     -5.928497       0.071310       0.000467
 1988   0.050796    -6.438266     -5.923650       0.071307       0.000467
 1989   0.050796    -6.445936     -5.930528       0.071306       0.000467
 1990   0.050787    -6.474381     -5.969947       0.071303       0.000466
 1991   0.050755    -6.494413     -5.991895       0.071301       0.000466
 1992   0.050726    -6.501941     -5.993644       0.071299       0.000466
 1993   0.050700    -6.515626     -6.006930       0.071297       0.000465
 1994   0.050695    -6.532885     -6.028277       0.071296       0.000466
 1995   0.050675    -6.544077     -6.038199       0.071294       0.000465
 1996   0.050662    -6.555023     -6.047832       0.071293       0.000465
 1997   0.050650    -6.564663     -6.055043       0.071291       0.000465
 1998   0.050630    -6.578620     -6.069239       0.071290       0.000465
 1999   0.050605    -6.597001     -6.090569       0.071289       0.000465
 2000   0.050675    -6.617653     -6.114379       0.071289       0.000465
 2001   0.050714    -6.638580     -6.137576       0.071288       0.000465
 2002   0.050704    -6.658429     -6.158824       0.071288       0.000465
 2003   0.050687    -6.676001     -6.176657       0.071288       0.000465
 2004   0.050662    -6.690827     -6.190663       0.071288       0.000465
 2005   0.050641    -6.702385     -6.200301       0.071289       0.000465
 2006   0.050637    -6.711030     -6.206118       0.071289       0.000465
 2007   0.050616    -6.718011     -6.210059       0.071290       0.000465
 2008   0.050599    -6.724335     -6.213656       0.071290       0.000465
 2009   0.050600    -6.730904     -6.218104       0.071291       0.000465
 2010   0.050588    -6.738287     -6.224003       0.071292       0.000465
 2011   0.050599    -6.746569     -6.231267       0.071293       0.000465
 2012   0.050612    -6.755613     -6.239576       0.071294       0.000465
 2013   0.050592    -6.765297     -6.248714       0.071295       0.000465
 2014   0.050573    -6.775494     -6.258492       0.071296       0.000465
 2015   0.050557    -6.786139     -6.268835       0.071297       0.000465
 2016   0.050536    -6.797194     -6.279697       0.071298       0.000465
 2017   0.050518    -6.808663     -6.291087       0.071300       0.000465
 2018   0.050499    -6.820512     -6.302953       0.071301       0.000465
 2019   0.050480    -6.832611     -6.315117       0.071302       0.000465
 2020   0.050487    -6.844813     -6.327369       0.071304       0.000465
 2021   0.050512    -6.856932     -6.339456       0.071305       0.000465
 2022   0.050533    -6.868835     -6.351212       0.071307       0.000465
 2023   0.050521    -6.880469     -6.362593       0.071308       0.000465
 2024   0.050502    -6.891880     -6.373694       0.071309       0.000465
 2025   0.050487    -6.903241     -6.384769       0.071311       0.000465
 2026   0.050465    -6.914739     -6.396078       0.071312       0.000465

---------------------- Local Time Stepping Summary ----------------------
MG level: 0 -> Min. DT: 0.0004978. Max. DT: 3.62883. CFL: 10.
MG level: 1 -> Min. DT: 0.000784349. Max. DT: 5.54696. CFL: 8.11871.
MG level: 2 -> Min. DT: 0.00104867. Max. DT: 7.41476. CFL: 6.5465.
-------------------------------------------------------------------------

----------------------- Residual Evolution Summary ----------------------
log10[Maximum residual]: -5.83137.
Maximum residual point 1206, located at (0.393987, 0.135525).
-------------------------------------------------------------------------

 Iter    Time(s)     Res[Rho]     Res[RhoE]      CL(Total)      CD(Total)
 2027   0.050458    -6.926524     -6.407811       0.071314       0.000465
 2028   0.050453    -6.938672     -6.420048       0.071315       0.000465
 2029   0.050445    -6.951203     -6.432795       0.071317       0.000465
 2030   0.050429    -6.964081     -6.445990       0.071318       0.000465
 2031   0.050409    -6.977243     -6.459536       0.071320       0.000465
 2032   0.050391    -6.990603     -6.473307       0.071321       0.000465
 2033   0.050383    -7.004070     -6.487172       0.071323       0.000465
 2034   0.050386    -7.017554     -6.501014       0.071324       0.000465
 2035   0.050391    -7.031003     -6.514761       0.071326       0.000465
 2036   0.050387    -7.044356     -6.528346       0.071327       0.000465
 2037   0.050375    -7.057635     -6.541820       0.071329       0.000465
 2038   0.050370    -7.070914     -6.555296       0.071330       0.000465
 2039   0.050357    -7.084291     -6.568914       0.071331       0.000465
 2040   0.050392    -7.097882     -6.582822       0.071333       0.000465
 2041   0.050440    -7.111733     -6.597087       0.071334       0.000465
 2042   0.050448    -7.125898     -6.611771       0.071336       0.000465
 2043   0.050435    -7.140384     -6.626870       0.071337       0.000465
 2044   0.050431    -7.155165     -6.642338       0.071338       0.000465
 2045   0.050421    -7.170227     -6.658146       0.071340       0.000465
 2046   0.050408    -7.185557     -6.674274       0.071341       0.000465
 2047   0.050396    -7.201115     -6.690663       0.071342       0.000465
 2048   0.050387    -7.216852     -6.707240       0.071344       0.000465
 2049   0.050376    -7.232745     -6.723979       0.071345       0.000465
 2050   0.050377    -7.248793     -6.740882       0.071346       0.000465
 2051   0.050385    -7.264996     -6.757954       0.071347       0.000465
 2052   0.050391    -7.281346     -6.775181       0.071348       0.000465
 2053   0.050376    -7.297823     -6.792533       0.071350       0.000465
 2054   0.050364    -7.314420     -6.809999       0.071351       0.000465
 2055   0.050349    -7.331148     -6.827599       0.071352       0.000465
 2056   0.050348    -7.348042     -6.845385       0.071353       0.000465
 2057   0.050338    -7.365113     -6.863365       0.071354       0.000465
 2058   0.050333    -7.382320     -6.881466       0.071355       0.000465
 2059   0.050322    -7.399583     -6.899566       0.071355       0.000465
 2060   0.050338    -7.416816     -6.917549       0.071356       0.000465
 2061   0.050367    -7.433959     -6.935341       0.071357       0.000465
 2062   0.050380    -7.451000     -6.952941       0.071358       0.000465
 2063   0.050367    -7.467945     -6.970372       0.071359       0.000465
 2064   0.050361    -7.484803     -6.987657       0.071359       0.000465
 2065   0.050347    -7.501574     -7.004794       0.071360       0.000465
 2066   0.050339    -7.518247     -7.021772       0.071361       0.000465

---------------------- Local Time Stepping Summary ----------------------
MG level: 0 -> Min. DT: 0.000497789. Max. DT: 3.62883. CFL: 10.
MG level: 1 -> Min. DT: 0.000784348. Max. DT: 5.54696. CFL: 8.11871.
MG level: 2 -> Min. DT: 0.00104867. Max. DT: 7.41476. CFL: 6.5465.
-------------------------------------------------------------------------

----------------------- Residual Evolution Summary ----------------------
log10[Maximum residual]: -6.36983.
Maximum residual point 377, located at (0.457001, 0.0614245).
-------------------------------------------------------------------------

 Iter    Time(s)     Res[Rho]     Res[RhoE]      CL(Total)      CD(Total)
 2067   0.050325    -7.534811     -7.038577       0.071361       0.000465
 2068   0.050325    -7.551255     -7.055198       0.071362       0.000465
 2069   0.050363    -7.567573     -7.071632       0.071362       0.000465
 2070   0.050420    -7.583752     -7.087870       0.071363       0.000465
 2071   0.050464    -7.599799     -7.103925       0.071363       0.000465
 2072   0.050535    -7.615718     -7.119808       0.071364       0.000465
 2073   0.050548    -7.631517     -7.135537       0.071364       0.000465
 2074   0.050561    -7.647214     -7.151135       0.071365       0.000465
 2075   0.050581    -7.662820     -7.166623       0.071365       0.000465
 2076   0.050608    -7.678344     -7.182011       0.071365       0.000465
 2077   0.050614    -7.693785     -7.197296       0.071366       0.000465
 2078   0.050603    -7.709140     -7.212471       0.071366       0.000465
 2079   0.050601    -7.724404     -7.227532       0.071366       0.000465
 2080   0.050649    -7.739584     -7.242493       0.071367       0.000465
 2081   0.050649    -7.754696     -7.257381       0.071367       0.000465
 2082   0.050638    -7.769768     -7.272240       0.071367       0.000465
 2083   0.050627    -7.784832     -7.287115       0.071368       0.000465
 2084   0.050616    -7.799921     -7.302050       0.071368       0.000465
 2085   0.050608    -7.815057     -7.317068       0.071368       0.000465
 2086   0.050594    -7.830243     -7.332164       0.071368       0.000465
 2087   0.050587    -7.845465     -7.347308       0.071369       0.000465
 2088   0.050581    -7.860698     -7.362459       0.071369       0.000465
 2089   0.050577    -7.875920     -7.377589       0.071369       0.000465
 2090   0.050587    -7.891124     -7.392693       0.071369       0.000465
 2091   0.050596    -7.906313     -7.407786       0.071369       0.000465
 2092   0.050585    -7.921504     -7.422896       0.071370       0.000465
 2093   0.050582    -7.936724     -7.438060       0.071370       0.000465
 2094   0.050578    -7.952003     -7.453323       0.071370       0.000465
 2095   0.050567    -7.967371     -7.468720       0.071370       0.000465
 2096   0.050557    -7.982844     -7.484265       0.071370       0.000465
 2097   0.050546    -7.998407     -7.499925       0.071370       0.000465
 2098   0.050532    -8.014024     -7.515638       0.071371       0.000465
 2099   0.050530    -8.029646     -7.531330       0.071371       0.000465
 2100   0.050544    -8.045230     -7.546946       0.071371       0.000465
 2101   0.050562    -8.060748     -7.562459       0.071371       0.000465
 2102   0.050559    -8.076190     -7.577862       0.071371       0.000465
 2103   0.050547    -8.091565     -7.593179       0.071371       0.000465
 2104   0.050537    -8.106902     -7.608461       0.071371       0.000465
 2105   0.050533    -8.122258     -7.623793       0.071371       0.000465
 2106   0.050520    -8.137690     -7.639252       0.071372       0.000465

---------------------- Local Time Stepping Summary ----------------------
MG level: 0 -> Min. DT: 0.000497788. Max. DT: 3.62883. CFL: 10.
MG level: 1 -> Min. DT: 0.000784348. Max. DT: 5.54696. CFL: 8.11871.
MG level: 2 -> Min. DT: 0.00104867. Max. DT: 7.41476. CFL: 6.5465.
-------------------------------------------------------------------------

----------------------- Residual Evolution Summary ----------------------
log10[Maximum residual]: -6.94399.
Maximum residual point 377, located at (0.457001, 0.0614245).
-------------------------------------------------------------------------

 Iter    Time(s)     Res[Rho]     Res[RhoE]      CL(Total)      CD(Total)
 2107   0.050518    -8.153224     -7.654866       0.071372       0.000465
 2108   0.050508    -8.168839     -7.670584       0.071372       0.000465
 2109   0.050497    -8.184462     -7.686285       0.071372       0.000465
 2110   0.050487    -8.199995     -7.701821       0.071372       0.000465
 2111   0.050482    -8.215339     -7.717061       0.071372       0.000465
 2112   0.050476    -8.230420     -7.731916       0.071372       0.000465
 2113   0.050468    -8.245204     -7.746363       0.071372       0.000465
 2114   0.050461    -8.259713     -7.760459       0.071372       0.000465
 2115   0.050455    -8.274036     -7.774354       0.071372       0.000465
 2116   0.050447    -8.288315     -7.788264       0.071373       0.000465
 2117   0.050437    -8.302696     -7.802398       0.071373       0.000465
 2118   0.050426    -8.317272     -7.816858       0.071373       0.000465
 2119   0.050427    -8.332035     -7.831596       0.071373       0.000465
 2120   0.050457    -8.346890     -7.846440       0.071373       0.000465
 2121   0.050464    -8.361707     -7.861186       0.071373       0.000465
 2122   0.050454    -8.376379     -7.875692       0.071373       0.000465
 2123   0.050445    -8.390857     -7.889912       0.071373       0.000465
 2124   0.050433    -8.405157     -7.903894       0.071373       0.000465
 2125   0.050426    -8.419340     -7.917747       0.071373       0.000465
 2126   0.050420    -8.433495     -7.931604       0.071373       0.000465
 2127   0.050414    -8.447720     -7.945604       0.071373       0.000465
 2128   0.050411    -8.462110     -7.959870       0.071373       0.000465
 2129   0.050421    -8.476750     -7.974507       0.071373       0.000465
 2130   0.050426    -8.491702     -7.989586       0.071373       0.000465
 2131   0.050431    -8.507002     -8.005138       0.071373       0.000465
 2132   0.050428    -8.522646     -8.021138       0.071373       0.000465
 2133   0.050420    -8.538577     -8.037484       0.071373       0.000465
 2134   0.050414    -8.554685     -8.054001       0.071373       0.000465
 2135   0.050407    -8.570839     -8.070493       0.071373       0.000465
 2136   0.050398    -8.586922     -8.086798       0.071373       0.000465
 2137   0.050390    -8.602861     -8.102833       0.071373       0.000465
 2138   0.050385    -8.618629     -8.118589       0.071374       0.000465
 2139   0.050382    -8.634245     -8.134116       0.071374       0.000465
 2140   0.050424    -8.649767     -8.149521       0.071374       0.000465
 2141   0.050446    -8.665300     -8.164966       0.071374       0.000465
 2142   0.050437    -8.680979     -8.180650       0.071374       0.000465
 2143   0.050426    -8.696928     -8.196743       0.071374       0.000465
 2144   0.050422    -8.713205     -8.213300       0.071374       0.000465
 2145   0.050416    -8.729765     -8.230217       0.071374       0.000465
 2146   0.050413    -8.746481     -8.247273       0.071374       0.000465

---------------------- Local Time Stepping Summary ----------------------
MG level: 0 -> Min. DT: 0.000497788. Max. DT: 3.62883. CFL: 10.
MG level: 1 -> Min. DT: 0.000784348. Max. DT: 5.54696. CFL: 8.11871.
MG level: 2 -> Min. DT: 0.00104867. Max. DT: 7.41476. CFL: 6.5465.
-------------------------------------------------------------------------

----------------------- Residual Evolution Summary ----------------------
log10[Maximum residual]: -7.54765.
Maximum residual point 357, located at (0.520312, 0.0602136).
-------------------------------------------------------------------------

 Iter    Time(s)     Res[Rho]     Res[RhoE]      CL(Total)      CD(Total)
 2147   0.050409    -8.763198     -8.264238       0.071374       0.000465
 2148   0.050410    -8.779790     -8.280948       0.071374       0.000465
 2149   0.050407    -8.796183     -8.297325       0.071374       0.000465
 2150   0.050401    -8.812341     -8.313354       0.071374       0.000465
 2151   0.050393    -8.828264     -8.329058       0.071374       0.000465
 2152   0.050385    -8.843986     -8.344502       0.071374       0.000465
 2153   0.050381    -8.859591     -8.359827       0.071374       0.000465
 2154   0.050378    -8.875218     -8.375238       0.071374       0.000465
 2155   0.050371    -8.891018     -8.390952       0.071374       0.000465
 2156   0.050363    -8.907103     -8.407106       0.071374       0.000465
 2157   0.050355    -8.923491     -8.423685       0.071374       0.000465

-------------------------- File Output Summary --------------------------
Writing comma-separated values (CSV) surface files.
Merging connectivities in the Master node.
Merging coordinates in the Master node.
Merging solution in the Master node.
Writing SU2 native restart file.
Writing Paraview ASCII volume solution file.
Writing Paraview ASCII surface solution file.
Writing the forces breakdown file.
-------------------------------------------------------------------------

 2158   0.050606    -8.940099     -8.440533       0.071374       0.000465
 2159   0.050627    -8.956784     -8.457417       0.071374       0.000465
 2160   0.050637    -8.973391     -8.474116       0.071374       0.000465
 2161   0.050630    -8.989798     -8.490472       0.071374       0.000465
 2162   0.050625    -9.005929     -8.506409       0.071374       0.000465
 2163   0.050618    -9.021761     -8.521925       0.071374       0.000465
 2164   0.050611    -9.037315     -8.537078       0.071374       0.000465
 2165   0.050602    -9.052657     -8.551983       0.071374       0.000465
 2166   0.050602    -9.067877     -8.566787       0.071374       0.000465
 2167   0.050607    -9.083074     -8.581630       0.071374       0.000465
 2168   0.050667    -9.098322     -8.596612       0.071374       0.000465
 2169   0.050693    -9.113659     -8.611769       0.071374       0.000465
 2170   0.050750    -9.129085     -8.627085       0.071374       0.000465
 2171   0.050765    -9.144594     -8.642548       0.071374       0.000465
 2172   0.050777    -9.160268     -8.658296       0.071374       0.000465
 2173   0.050784    -9.176437     -8.674864       0.071374       0.000465
 2174   0.050795    -9.194057     -8.693723       0.071374       0.000465
 2175   0.050801    -9.215263     -8.717998       0.071374       0.000465
 2176   0.050792    -9.241947     -8.749938       0.071374       0.000465
 2177   0.050798    -9.268596     -8.779963       0.071374       0.000465
 2178   0.050815    -9.289205     -8.799297       0.071374       0.000465
 2179   0.050866    -9.308422     -8.817033       0.071374       0.000465
 2180   0.050940    -9.327176     -8.835190       0.071374       0.000465
 2181   0.050966    -9.345750     -8.853444       0.071374       0.000465
 2182   0.050983    -9.363814     -8.870962       0.071374       0.000465
 2183   0.051010    -9.380772     -8.886986       0.071374       0.000465
 2184   0.051028    -9.396938     -8.902150       0.071374       0.000465
 2185   0.051052    -9.413330     -8.917982       0.071374       0.000465
 2186   0.051048    -9.430707     -8.935428       0.071374       0.000465

---------------------- Local Time Stepping Summary ----------------------
MG level: 0 -> Min. DT: 0.000497788. Max. DT: 3.62883. CFL: 10.
MG level: 1 -> Min. DT: 0.000784348. Max. DT: 5.54696. CFL: 8.11871.
MG level: 2 -> Min. DT: 0.00104867. Max. DT: 7.41476. CFL: 6.5465.
-------------------------------------------------------------------------

----------------------- Residual Evolution Summary ----------------------
log10[Maximum residual]: -8.21581.
Maximum residual point 1072, located at (0.515667, 0.13607).
-------------------------------------------------------------------------

 Iter    Time(s)     Res[Rho]     Res[RhoE]      CL(Total)      CD(Total)
 2187   0.051047    -9.449252     -8.954521       0.071374       0.000465
 2188   0.051039    -9.468541     -8.974470       0.071374       0.000465
 2189   0.051034    -9.487963     -8.994353       0.071374       0.000465
 2190   0.051041    -9.507058     -9.013583       0.071374       0.000465
 2191   0.051051    -9.525525     -9.031829       0.071374       0.000465
 2192   0.051047    -9.543266     -9.049040       0.071374       0.000465
 2193   0.051041    -9.560381     -9.065445       0.071374       0.000465
 2194   0.051034    -9.577190     -9.081576       0.071374       0.000465
 2195   0.051031    -9.594178     -9.098155       0.071374       0.000465
 2196   0.051042    -9.611827     -9.115835       0.071374       0.000465
 2197   0.051086    -9.630451     -9.134970       0.071374       0.000465
 2198   0.051203    -9.650118     -9.155530       0.071374       0.000465
 2199   0.051311    -9.670642     -9.177135       0.071374       0.000465
 2200   0.051424    -9.691630     -9.199152       0.071374       0.000465
 2201   0.051590    -9.712596     -9.220874       0.071374       0.000465
 2202   0.051813    -9.733088     -9.241709       0.071374       0.000465
 2203   0.051980    -9.752651     -9.261074       0.071374       0.000465
 2204   0.052087    -9.770952     -9.278599       0.071374       0.000465
 2205   0.052105    -9.788491     -9.295208       0.071374       0.000465
 2206   0.052114    -9.805997     -9.312073       0.071374       0.000465
 2207   0.052135    -9.823952     -9.329807       0.071374       0.000465
 2208   0.052175    -9.841804     -9.347355       0.071374       0.000465
 2209   0.052255    -9.859083     -9.363994       0.071374       0.000465
 2210   0.052350    -9.876190     -9.380491       0.071374       0.000465
 2211   0.052501    -9.893952     -9.398152       0.071374       0.000465
 2212   0.052667    -9.912957     -9.417735       0.071374       0.000465
 2213   0.052884    -9.933173     -9.438975       0.071374       0.000465
 2214   0.053064    -9.953735     -9.460389       0.071374       0.000465
 2215   0.053256    -9.968404     -9.472513       0.071374       0.000465
 2216   0.053391    -9.989129     -9.495812       0.071374       0.000465
 2217   0.053482    -9.996607     -9.497906       0.071374       0.000465
 2218   0.053570   -10.020452     -9.525932       0.071374       0.000465

-------------------------- File Output Summary --------------------------
Writing comma-separated values (CSV) surface files.
Merging connectivities in the Master node.
Merging coordinates in the Master node.
Merging solution in the Master node.
Writing SU2 native restart file.
Writing Paraview ASCII volume solution file.
Writing Paraview ASCII surface solution file.
Writing the forces breakdown file.
-------------------------------------------------------------------------

History file, closed.

------------------------- Solver Postprocessing -------------------------
Deleted CNumerics container.
Deleted CIntegration container.
Deleted CSolver container.
Deleted CIteration container.
Deleted CInterpolator container.
Deleted CTransfer container.
Deleted CGeometry container.
Deleted CFreeFormDefBox class.
Deleted CSurfaceMovement class.
Deleted CVolumetricMovement class.
Deleted CConfig container.
Deleted COutput class.
-------------------------------------------------------------------------

Completed in 16.840816 seconds on 1 core.

------------------------- Exit Success (SU2_CFD) ------------------------

