
-------------------------------------------------------------------------
|    ___ _   _ ___                                                      |
|   / __| | | |_  )   Release 5.0.0  "Raven"                            |
|   \__ \ |_| |/ /                                                      |
|   |___/\___//___|   Suite (Computational Fluid Dynamics Code)         |
|                                                                       |
-------------------------------------------------------------------------
| SU2 Original Developers: Dr. Francisco D. Palacios.                   |
|                          Dr. Thomas D. Economon.                      |
-------------------------------------------------------------------------
| SU2 Developers:                                                       |
| - Prof. Juan J. Alonso's group at Stanford University.                |
| - Prof. Piero Colonna's group at Delft University of Technology.      |
| - Prof. Nicolas R. Gauger's group at Kaiserslautern U. of Technology. |
| - Prof. Alberto Guardone's group at Polytechnic University of Milan.  |
| - Prof. Rafael Palacios' group at Imperial College London.            |
| - Prof. Edwin van der Weide's group at the University of Twente.      |
| - Prof. Vincent Terrapon's group at the University of Liege.          |
-------------------------------------------------------------------------
| Copyright (C) 2012-2017 SU2, the open-source CFD code.                |
|                                                                       |
| SU2 is free software; you can redistribute it and/or                  |
| modify it under the terms of the GNU Lesser General Public            |
| License as published by the Free Software Foundation; either          |
| version 2.1 of the License, or (at your option) any later version.    |
|                                                                       |
| SU2 is distributed in the hope that it will be useful,                |
| but WITHOUT ANY WARRANTY; without even the implied warranty of        |
| MERCHANTABILITY or FITNESS FOR A PARTICULAR PURPOSE. See the GNU      |
| Lesser General Public License for more details.                       |
|                                                                       |
| You should have received a copy of the GNU Lesser General Public      |
| License along with SU2. If not, see <http://www.gnu.org/licenses/>.   |
-------------------------------------------------------------------------

------------------------ Physical Case Definition -----------------------
Compressible Euler equations.
Mach number: 0.8.
Angle of attack (AoA): 1.25 deg, and angle of sideslip (AoS): 0 deg.
No restart solution, use the values at infinity (freestream).
Non-Dimensional simulation (P=1.0, Rho=1.0, T=1.0 at the farfield).
The reference length/area (force coefficient) is 1.
The reference length (moment computation) is 1.
Reference origin (moment computation) is (0.25, 0, 0).
Surface(s) where the force coefficients are evaluated: airfoil.
Surface(s) plotted in the output file: airfoil.
Surface(s) affected by the design variables: airfoil.
Input mesh file name: mesh_NACA0012_inv.su2

---------------------- Space Numerical Integration ----------------------
Jameson-Schmidt-Turkel scheme for the flow inviscid terms.
JST viscous coefficients (1st, 2nd & 4th): 0.15, 0.5, 0.02.
The method includes a grid stretching correction (p = 0.3).
Second order integration.
Gradient computation using Green-Gauss theorem.

---------------------- Time Numerical Integration -----------------------
Local time stepping (steady state simulation).
Euler implicit method for the flow equations.
V Multigrid Cycle, with 2 multigrid levels.
Damping factor for the residual restriction: 1.
Damping factor for the correction prolongation: 1.
No CFL adaptation.
Multigrid Level:                       0     1     2
Courant-Friedrichs-Lewy number:       10
MG PreSmooth coefficients:             1     2     3
MG PostSmooth coefficients:            0     0     0
MG CorrecSmooth coefficients:          0     0     0

------------------------- Convergence Criteria --------------------------
Maximum number of iterations: 1000.
Reduce the density residual 6 orders of magnitude.
The minimum bound for the density residual is 10^(-10).
Start convergence criteria at iteration 10.

-------------------------- Output Information ---------------------------
Writing a flow solution every 250 iterations.
Writing the convergence history every 1 iterations.
The output file format is Paraview ASCII (.vtk).
Convergence history file name: history_direct.
Forces breakdown file name: forces_breakdown.dat.
Surface flow coefficients file name: surface_flow.
Flow variables file name: flow.
Restart flow file name: restart_flow.dat.

------------------- Config File Boundary Information --------------------
Euler wall boundary marker(s): airfoil.
Far-field boundary marker(s): farfield.

---------------------- Read Grid File Information -----------------------
Two dimensional problem.
5233 points.
2 surface markers.
200 boundary elements in index 0 (Marker = airfoil).
50 boundary elements in index 1 (Marker = farfield).
10216 triangles.

------------------------- Geometry Preprocessing ------------------------
Setting point connectivity.
Renumbering points (Reverse Cuthill McKee Ordering).
Recomputing point connectivity.
Setting element connectivity.
Checking the numerical grid orientation.
Identifying edges and vertices.
Computing centers of gravity.
Setting the control volume structure.
Area of the computational grid: 1.25e+03.
Searching for the closest normal neighbors to the surfaces.
Compute the surface curvature.
Max K: 7.84e+03. Mean K: 34.8. Standard deviation K: 494.
Checking for periodicity.
Setting the multigrid structure.
MG level: 0 -> CVs: 5233. Agglomeration rate 1/1.00. CFL 10.
MG level: 1 -> CVs: 1533. Agglomeration rate 1/3.41. CFL 8.12.
MG level: 2 -> CVs: 443. Agglomeration rate 1/3.46. CFL 6.55.
Computing wall distances.
Wetted area = 2.04 m.
Area projection in the x-plane = 0.12 m, y-plane = 1 m.

------------------------- Driver information --------------------------
A Fluid driver has been instantiated.

------------------------ Iteration Preprocessing ------------------------
Zone 1: Euler/Navier-Stokes/RANS flow iteration.

------------------------- Solver Preprocessing --------------------------
Inviscid flow: Computing density based on free-stream
temperature and pressure using the ideal gas law.
Force coefficients computed using free-stream values.
-- Input conditions:
Fluid Model: STANDARD_AIR 
Specific gas constant: 287.058 N.m/kg.K.
Specific gas constant (non-dim): 1
Specific Heat Ratio: 1.4
Free-stream static pressure: 101325 Pa.
Free-stream total pressure: 154454 Pa.
Free-stream temperature: 288.15 K.
Free-stream density: 1.22498 kg/m^3.
Free-stream velocity: (272.173, 5.93883) m/s. Magnitude: 272.238 m/s (529.186 KTS).
Free-stream total energy per unit mass: 243846 m^2/s^2.
-- Reference values:
Reference specific gas constant: 287.058 N.m/kg.K.
Reference pressure: 101325 Pa.
Reference temperature: 288.15 K.
Reference density: 1.22498 kg/m^3.
Reference velocity: 287.603 m/s.
Reference energy per unit mass: 82715.8 m^2/s^2.
-- Resulting non-dimensional state:
Mach number (non-dim): 0.8
Specific gas constant (non-dim): 1
Free-stream temperature (non-dim): 1
Free-stream pressure (non-dim): 1
Free-stream density (non-dim): 1
Free-stream velocity (non-dim): (0.946348, 0.0206494). Magnitude: 0.946573
Free-stream total energy per unit mass (non-dim): 2.948

Initialize Jacobian structure (Euler). MG level: 0.
Initialize Jacobian structure (Euler). MG level: 1.
Initialize Jacobian structure (Euler). MG level: 2.

----------------- Integration and Numerics Preprocessing ----------------
Integration Preprocessing.
Numerics Preprocessing.

------------------------------ Begin Solver -----------------------------

---------------------- Local Time Stepping Summary ----------------------
MG level: 0 -> Min. DT: 0.000444693. Max. DT: 3.62283. CFL: 10.
MG level: 1 -> Min. DT: 0.000717904. Max. DT: 5.54174. CFL: 8.11871.
MG level: 2 -> Min. DT: 0.000995459. Max. DT: 7.4064. CFL: 6.5465.
-------------------------------------------------------------------------

----------------------- Residual Evolution Summary ----------------------
log10[Maximum residual]: -2.57874.
Maximum residual point 97, located at (0.00056, -0.00417316).
-------------------------------------------------------------------------

 Iter    Time(s)     Res[Rho]     Res[RhoE]      CL(Total)      CD(Total)
    0   0.068146    -3.585391     -2.989014       0.098582       0.169991
    1   0.063769    -3.650085     -3.026768       0.097325       0.095541
    2   0.061028    -3.710610     -3.102438       0.108222       0.082955
    3   0.059240    -3.682068     -3.077388       0.117810       0.075222
    4   0.058646    -3.617984     -3.011585       0.126962       0.064163
    5   0.058610    -3.571617     -2.965997       0.139201       0.055763
    6   0.057788    -3.535339     -2.931386       0.151205       0.048858
    7   0.057421    -3.515757     -2.912829       0.161464       0.044783
    8   0.057302    -3.509491     -2.907175       0.170512       0.041148
    9   0.057091    -3.512567     -2.910311       0.178626       0.038000
   10   0.056642    -3.525143     -2.922704       0.186006       0.036187
   11   0.056040    -3.548570     -2.945810       0.193336       0.036610
   12   0.055755    -3.611997     -3.017177       0.203393       0.027712
   13   0.055441    -3.637631     -3.042872       0.210609       0.030889
   14   0.055040    -3.652677     -3.056408       0.216818       0.030442
   15   0.055268    -3.664420     -3.065862       0.223234       0.028872
   16   0.055814    -3.678531     -3.077445       0.229069       0.027628
   17   0.055738    -3.695783     -3.091895       0.234419       0.026694
   18   0.055504    -3.717049     -3.110158       0.239334       0.025819
   19   0.055375    -3.744677     -3.134700       0.244068       0.024727
   20   0.055309    -3.787204     -3.175292       0.248889       0.024016
   21   0.055091    -3.859253     -3.249667       0.254613       0.024518
   22   0.054882    -3.991097     -3.398475       0.261022       0.021763
   23   0.054641    -4.062625     -3.479482       0.265557       0.019468
   24   0.054396    -4.086961     -3.501900       0.268581       0.022197
   25   0.054640    -4.087462     -3.496830       0.272316       0.022022
   26   0.054553    -4.089659     -3.497617       0.276634       0.021595
   27   0.054538    -4.108215     -3.519394       0.281032       0.021759
   28   0.054460    -4.145148     -3.563575       0.285505       0.021944
   29   0.054301    -4.188196     -3.614518       0.289818       0.020881
   30   0.054114    -4.245411     -3.690481       0.293425       0.022176
   31   0.053945    -4.287054     -3.742102       0.296972       0.021767
   32   0.053848    -4.283135     -3.731417       0.300367       0.021421
   33   0.053727    -4.276412     -3.717313       0.303280       0.021344
   34   0.053647    -4.273765     -3.707887       0.305808       0.021192
   35   0.053522    -4.270748     -3.698155       0.308017       0.021014
   36   0.053382    -4.263252     -3.684527       0.310044       0.020854
   37   0.053249    -4.259543     -3.676602       0.311885       0.020706
   38   0.053125    -4.262835     -3.677493       0.313558       0.020590
   39   0.053061    -4.274326     -3.687803       0.315105       0.020512

---------------------- Local Time Stepping Summary ----------------------
MG level: 0 -> Min. DT: 0.000494363. Max. DT: 3.62292. CFL: 10.
MG level: 1 -> Min. DT: 0.000779682. Max. DT: 5.53914. CFL: 8.11871.
MG level: 2 -> Min. DT: 0.00103755. Max. DT: 7.40407. CFL: 6.5465.
-------------------------------------------------------------------------

----------------------- Residual Evolution Summary ----------------------
log10[Maximum residual]: -3.01907.
Maximum residual point 816, located at (0.617811, 0.0916158).
-------------------------------------------------------------------------

 Iter    Time(s)     Res[Rho]     Res[RhoE]      CL(Total)      CD(Total)
   40   0.052978    -4.296061     -3.709555       0.316527       0.020472
   41   0.052934    -4.333001     -3.748164       0.317840       0.020483
   42   0.052831    -4.393487     -3.814250       0.319026       0.020560
   43   0.052756    -4.475202     -3.905507       0.320087       0.020656
   44   0.052673    -4.545705     -3.977632       0.320967       0.020737
   45   0.052594    -4.591659     -4.013444       0.321673       0.020829
   46   0.052550    -4.622189     -4.030880       0.322228       0.020925
   47   0.052664    -4.644244     -4.042195       0.322681       0.021018
   48   0.052649    -4.665568     -4.056236       0.323082       0.021104
   49   0.052578    -4.690899     -4.077655       0.323450       0.021178
   50   0.052494    -4.723654     -4.109414       0.323801       0.021239
   51   0.052432    -4.761409     -4.147941       0.324137       0.021286
   52   0.052393    -4.799032     -4.186909       0.324461       0.021321
   53   0.052356    -4.832163     -4.221508       0.324778       0.021346
   54   0.052375    -4.859328     -4.250384       0.325095       0.021364
   55   0.052378    -4.884157     -4.277983       0.325421       0.021377
   56   0.052297    -4.914212     -4.313102       0.325762       0.021385
   57   0.052237    -4.960463     -4.369149       0.326113       0.021386
   58   0.052227    -5.025150     -4.449799       0.326459       0.021381
   59   0.052230    -5.086160     -4.525429       0.326793       0.021379
   60   0.052215    -5.134639     -4.582672       0.327117       0.021377
   61   0.052208    -5.179158     -4.637762       0.327427       0.021376
   62   0.052218    -5.222923     -4.696454       0.327706       0.021378
   63   0.052267    -5.255143     -4.737306       0.327943       0.021417
   64   0.052282    -5.267721     -4.744390       0.328180       0.021409
   65   0.052275    -5.284852     -4.762058       0.328375       0.021418
   66   0.052300    -5.297023     -4.771058       0.328534       0.021428
   67   0.052289    -5.314929     -4.786341       0.328661       0.021436
   68   0.052386    -5.338112     -4.808600       0.328763       0.021444
   69   0.052373    -5.364915     -4.835756       0.328838       0.021454
   70   0.052364    -5.386440     -4.855916       0.328889       0.021463
   71   0.052366    -5.406659     -4.875532       0.328919       0.021472
   72   0.052398    -5.425107     -4.893795       0.328932       0.021480
   73   0.052390    -5.445184     -4.914378       0.328931       0.021487
   74   0.052410    -5.462018     -4.929876       0.328922       0.021490
   75   0.052430    -5.470119     -4.933545       0.328907       0.021491
   76   0.052454    -5.473505     -4.931712       0.328888       0.021490
   77   0.052457    -5.473727     -4.926862       0.328867       0.021488
   78   0.052510    -5.472959     -4.921723       0.328844       0.021485
   79   0.052528    -5.472700     -4.917952       0.328821       0.021481

---------------------- Local Time Stepping Summary ----------------------
MG level: 0 -> Min. DT: 0.000492764. Max. DT: 3.62294. CFL: 10.
MG level: 1 -> Min. DT: 0.000777497. Max. DT: 5.53907. CFL: 8.11871.
MG level: 2 -> Min. DT: 0.00103555. Max. DT: 7.40395. CFL: 6.5465.
-------------------------------------------------------------------------

----------------------- Residual Evolution Summary ----------------------
log10[Maximum residual]: -4.32335.
Maximum residual point 1197, located at (0.517941, -0.142836).
-------------------------------------------------------------------------

 Iter    Time(s)     Res[Rho]     Res[RhoE]      CL(Total)      CD(Total)
   80   0.052558    -5.474038     -4.916636       0.328798       0.021476
   81   0.052554    -5.478426     -4.919386       0.328774       0.021471
   82   0.052548    -5.487245     -4.927737       0.328748       0.021466
   83   0.052527    -5.502041     -4.943502       0.328721       0.021460
   84   0.052502    -5.523872     -4.968025       0.328691       0.021455
   85   0.052501    -5.554171     -5.003405       0.328658       0.021450
   86   0.052474    -5.596186     -5.054560       0.328623       0.021445
   87   0.052451    -5.638810     -5.107259       0.328588       0.021440
   88   0.052429    -5.643645     -5.108684       0.328544       0.021438
   89   0.052418    -5.694337     -5.171750       0.328507       0.021431
   90   0.052398    -5.689535     -5.157346       0.328456       0.021432
   91   0.052446    -5.735138     -5.215796       0.328414       0.021424
   92   0.052459    -5.737426     -5.209932       0.328363       0.021426
   93   0.052526    -5.767103     -5.244010       0.328315       0.021420
   94   0.052584    -5.780142     -5.253699       0.328261       0.021421
   95   0.052702    -5.805877     -5.281820       0.328208       0.021417
   96   0.052934    -5.828304     -5.304098       0.328153       0.021417
   97   0.053009    -5.849116     -5.324196       0.328097       0.021415
   98   0.053114    -5.876022     -5.352684       0.328043       0.021413
   99   0.053140    -5.886805     -5.358266       0.327989       0.021412
  100   0.053176    -5.909870     -5.382400       0.327939       0.021409
  101   0.053163    -5.913513     -5.379754       0.327889       0.021408
  102   0.053138    -5.927868     -5.393186       0.327842       0.021405
  103   0.053153    -5.930454     -5.391227       0.327797       0.021403
  104   0.053133    -5.940585     -5.400121       0.327755       0.021400
  105   0.053089    -5.943551     -5.399805       0.327714       0.021397
  106   0.053044    -5.951947     -5.407001       0.327675       0.021394
  107   0.052999    -5.956686     -5.409625       0.327638       0.021392
  108   0.052954    -5.965124     -5.417233       0.327602       0.021389
  109   0.052974    -5.971880     -5.422742       0.327568       0.021387
  110   0.052947    -5.980591     -5.430835       0.327535       0.021384
  111   0.052929    -5.988833     -5.438352       0.327503       0.021382
  112   0.052896    -5.998012     -5.447089       0.327473       0.021380
  113   0.052855    -6.007337     -5.456006       0.327443       0.021378
  114   0.052818    -6.017317     -5.465727       0.327415       0.021376
  115   0.052786    -6.027651     -5.475820       0.327387       0.021375
  116   0.052747    -6.038437     -5.486383       0.327360       0.021373
  117   0.052723    -6.049644     -5.497354       0.327334       0.021372
  118   0.052702    -6.061318     -5.508773       0.327309       0.021371
  119   0.052680    -6.073456     -5.520617       0.327284       0.021369

---------------------- Local Time Stepping Summary ----------------------
MG level: 0 -> Min. DT: 0.000491935. Max. DT: 3.62294. CFL: 10.
MG level: 1 -> Min. DT: 0.000776229. Max. DT: 5.53908. CFL: 8.11871.
MG level: 2 -> Min. DT: 0.00103424. Max. DT: 7.40396. CFL: 6.5465.
-------------------------------------------------------------------------

----------------------- Residual Evolution Summary ----------------------
log10[Maximum residual]: -4.90039.
Maximum residual point 545, located at (0.482064, -0.0845953).
-------------------------------------------------------------------------

 Iter    Time(s)     Res[Rho]     Res[RhoE]      CL(Total)      CD(Total)
  120   0.052674    -6.085957     -5.532740       0.327261       0.021368
  121   0.052651    -6.098713     -5.545002       0.327238       0.021367
  122   0.052631    -6.111496     -5.557109       0.327216       0.021366
  123   0.052650    -6.124150     -5.568884       0.327195       0.021365
  124   0.052640    -6.136608     -5.580268       0.327175       0.021364
  125   0.052610    -6.148826     -5.591239       0.327156       0.021363
  126   0.052573    -6.160835     -5.601868       0.327138       0.021362
  127   0.052542    -6.172610     -5.612150       0.327121       0.021361
  128   0.052509    -6.184140     -5.622092       0.327105       0.021360
  129   0.052508    -6.195489     -5.631803       0.327089       0.021359
  130   0.052498    -6.206758     -5.641424       0.327075       0.021358
  131   0.052486    -6.217990     -5.651024       0.327061       0.021357
  132   0.052452    -6.229245     -5.660684       0.327048       0.021357
  133   0.052428    -6.240629     -5.670538       0.327036       0.021356
  134   0.052394    -6.252208     -5.680677       0.327024       0.021355
  135   0.052365    -6.264112     -5.691263       0.327014       0.021354
  136   0.052339    -6.276418     -5.702392       0.327004       0.021354
  137   0.052315    -6.289162     -5.714102       0.326994       0.021353
  138   0.052291    -6.302353     -5.726388       0.326985       0.021353
  139   0.052274    -6.316021     -5.739288       0.326977       0.021352
  140   0.052244    -6.330174     -5.752809       0.326969       0.021352
  141   0.052224    -6.344875     -5.767030       0.326962       0.021351
  142   0.052198    -6.360174     -5.782008       0.326955       0.021351
  143   0.052219    -6.376112     -5.797788       0.326949       0.021350
  144   0.052215    -6.392670     -5.814343       0.326943       0.021350
  145   0.052204    -6.409852     -5.831677       0.326937       0.021350
  146   0.052187    -6.427676     -5.849816       0.326932       0.021350
  147   0.052173    -6.446171     -5.868799       0.326927       0.021349
  148   0.052154    -6.465287     -5.888572       0.326922       0.021349
  149   0.052148    -6.484928     -5.909010       0.326918       0.021349
  150   0.052135    -6.505039     -5.930056       0.326913       0.021349
  151   0.052133    -6.525602     -5.951703       0.326909       0.021348
  152   0.052108    -6.546622     -5.973960       0.326906       0.021348
  153   0.052093    -6.568007     -5.996716       0.326902       0.021348
  154   0.052069    -6.589673     -6.019872       0.326899       0.021348
  155   0.052049    -6.611619     -6.043426       0.326896       0.021348
  156   0.052024    -6.633758     -6.067269       0.326893       0.021348
  157   0.052020    -6.656029     -6.091320       0.326890       0.021347
  158   0.052010    -6.678250     -6.115326       0.326887       0.021347
  159   0.051987    -6.700428     -6.139292       0.326884       0.021347

---------------------- Local Time Stepping Summary ----------------------
MG level: 0 -> Min. DT: 0.000491821. Max. DT: 3.62294. CFL: 10.
MG level: 1 -> Min. DT: 0.000776059. Max. DT: 5.53909. CFL: 8.11871.
MG level: 2 -> Min. DT: 0.00103412. Max. DT: 7.40396. CFL: 6.5465.
-------------------------------------------------------------------------

----------------------- Residual Evolution Summary ----------------------
log10[Maximum residual]: -5.55195.
Maximum residual point 545, located at (0.482064, -0.0845953).
-------------------------------------------------------------------------

 Iter    Time(s)     Res[Rho]     Res[RhoE]      CL(Total)      CD(Total)
  160   0.051964    -6.722513     -6.163144       0.326882       0.021347
  161   0.051942    -6.744467     -6.186812       0.326880       0.021347
  162   0.051920    -6.766137     -6.210075       0.326877       0.021347
  163   0.051931    -6.787655     -6.233100       0.326875       0.021347
  164   0.051997    -6.808889     -6.255701       0.326873       0.021347
  165   0.051978    -6.829890     -6.277937       0.326871       0.021347
  166   0.051955    -6.850634     -6.299755       0.326870       0.021346
  167   0.051934    -6.871020     -6.321016       0.326868       0.021346
  168   0.051913    -6.891078     -6.341761       0.326866       0.021346
  169   0.051908    -6.910721     -6.361896       0.326865       0.021346
  170   0.051915    -6.930089     -6.381609       0.326864       0.021346
  171   0.051919    -6.949133     -6.400831       0.326863       0.021346
  172   0.051900    -6.967793     -6.419474       0.326862       0.021346
  173   0.051885    -6.986061     -6.437532       0.326861       0.021346
  174   0.051861    -7.003883     -6.454943       0.326860       0.021346
  175   0.051927    -7.021336     -6.471818       0.326860       0.021346
  176   0.051905    -7.038360     -6.488088       0.326859       0.021346
  177   0.051881    -7.054982     -6.503798       0.326859       0.021346
  178   0.051858    -7.071238     -6.519001       0.326859       0.021346
  179   0.051843    -7.087094     -6.533655       0.326859       0.021346
  180   0.051827    -7.102510     -6.547715       0.326859       0.021346
  181   0.051810    -7.117489     -6.561195       0.326859       0.021346
  182   0.051797    -7.132110     -6.574209       0.326859       0.021346
  183   0.051814    -7.146341     -6.586729       0.326860       0.021346
  184   0.051801    -7.160244     -6.598839       0.326860       0.021346
  185   0.051780    -7.173819     -6.610550       0.326861       0.021346
  186   0.051765    -7.187108     -6.621926       0.326862       0.021346
  187   0.051753    -7.200123     -6.632986       0.326862       0.021346
  188   0.051738    -7.212973     -6.643866       0.326863       0.021346
  189   0.051723    -7.225579     -6.654492       0.326864       0.021346
  190   0.051713    -7.237959     -6.664895       0.326865       0.021346
  191   0.051700    -7.250155     -6.675134       0.326866       0.021346
  192   0.051718    -7.262160     -6.685222       0.326867       0.021346
  193   0.051761    -7.273970     -6.695171       0.326868       0.021346
  194   0.051801    -7.285562     -6.704961       0.326869       0.021346
  195   0.051794    -7.296957     -6.714623       0.326870       0.021346
  196   0.051777    -7.308132     -6.724145       0.326871       0.021346
  197   0.051761    -7.319081     -6.733534       0.326873       0.021346
  198   0.051754    -7.329783     -6.742772       0.326874       0.021347
  199   0.051819    -7.340273     -6.751912       0.326875       0.021347

---------------------- Local Time Stepping Summary ----------------------
MG level: 0 -> Min. DT: 0.000491793. Max. DT: 3.62294. CFL: 10.
MG level: 1 -> Min. DT: 0.000776009. Max. DT: 5.53909. CFL: 8.11871.
MG level: 2 -> Min. DT: 0.00103408. Max. DT: 7.40396. CFL: 6.5465.
-------------------------------------------------------------------------

----------------------- Residual Evolution Summary ----------------------
log10[Maximum residual]: -6.0699.
Maximum residual point 298, located at (0.504879, -0.0670534).
-------------------------------------------------------------------------

 Iter    Time(s)     Res[Rho]     Res[RhoE]      CL(Total)      CD(Total)
  200   0.051807    -7.350553     -6.760955       0.326876       0.021347
  201   0.051788    -7.360603     -6.769888       0.326878       0.021347
  202   0.051790    -7.370429     -6.778719       0.326879       0.021347
  203   0.051791    -7.380047     -6.787471       0.326880       0.021347
  204   0.051779    -7.389485     -6.796175       0.326881       0.021347
  205   0.051761    -7.398771     -6.804864       0.326883       0.021347
  206   0.051749    -7.407930     -6.813560       0.326884       0.021347
  207   0.051734    -7.416990     -6.822290       0.326885       0.021347
  208   0.051729    -7.425981     -6.831084       0.326887       0.021347
  209   0.051717    -7.434920     -6.839956       0.326888       0.021347
  210   0.051729    -7.443823     -6.848912       0.326889       0.021347
  211   0.051721    -7.452707     -6.857958       0.326891       0.021347
  212   0.051711    -7.461615     -6.867133       0.326892       0.021347
  213   0.051696    -7.470631     -6.876528       0.326893       0.021347
  214   0.051679    -7.479771     -6.886157       0.326894       0.021348
  215   0.051665    -7.489049     -6.896016       0.326896       0.021348
  216   0.051651    -7.498461     -6.906083       0.326897       0.021348
  217   0.051636    -7.508029     -6.916375       0.326898       0.021348
  218   0.051621    -7.517806     -6.926949       0.326899       0.021348
  219   0.051606    -7.527826     -6.937838       0.326901       0.021348
  220   0.051594    -7.538105     -6.949048       0.326902       0.021348
  221   0.051580    -7.548648     -6.960579       0.326903       0.021348
  222   0.051580    -7.559464     -6.972434       0.326904       0.021348
  223   0.051586    -7.570572     -6.984629       0.326905       0.021348
  224   0.051573    -7.581988     -6.997182       0.326907       0.021348
  225   0.051559    -7.593735     -7.010113       0.326908       0.021348
  226   0.051544    -7.605829     -7.023438       0.326909       0.021348
  227   0.051530    -7.618289     -7.037177       0.326910       0.021348
  228   0.051524    -7.631131     -7.051345       0.326911       0.021348
  229   0.051514    -7.644369     -7.065960       0.326912       0.021348
  230   0.051509    -7.658026     -7.081044       0.326913       0.021349
  231   0.051500    -7.672120     -7.096620       0.326914       0.021349
  232   0.051487    -7.686671     -7.112710       0.326915       0.021349
  233   0.051475    -7.701698     -7.129336       0.326916       0.021349
  234   0.051459    -7.717220     -7.146519       0.326917       0.021349
  235   0.051447    -7.733253     -7.164277       0.326918       0.021349
  236   0.051437    -7.749816     -7.182633       0.326919       0.021349
  237   0.051423    -7.766932     -7.201613       0.326920       0.021349
  238   0.051429    -7.784626     -7.221249       0.326921       0.021349
  239   0.051484    -7.802924     -7.241571       0.326922       0.021349

---------------------- Local Time Stepping Summary ----------------------
MG level: 0 -> Min. DT: 0.000491797. Max. DT: 3.62294. CFL: 10.
MG level: 1 -> Min. DT: 0.000776013. Max. DT: 5.53909. CFL: 8.11871.
MG level: 2 -> Min. DT: 0.00103409. Max. DT: 7.40396. CFL: 6.5465.
-------------------------------------------------------------------------

----------------------- Residual Evolution Summary ----------------------
log10[Maximum residual]: -6.67361.
Maximum residual point 1469, located at (0.637077, 0.182749).
-------------------------------------------------------------------------

 Iter    Time(s)     Res[Rho]     Res[RhoE]      CL(Total)      CD(Total)
  240   0.051473    -7.821852     -7.262610       0.326923       0.021349
  241   0.051460    -7.841434     -7.284395       0.326924       0.021349
  242   0.051460    -7.861689     -7.306947       0.326924       0.021349
  243   0.051466    -7.882648     -7.330299       0.326925       0.021349
  244   0.051463    -7.904326     -7.354469       0.326926       0.021349
  245   0.051447    -7.926719     -7.379448       0.326927       0.021349
  246   0.051435    -7.949835     -7.405240       0.326927       0.021349
  247   0.051421    -7.973679     -7.431847       0.326928       0.021349
  248   0.051420    -7.998248     -7.459257       0.326929       0.021349
  249   0.051413    -8.023500     -7.487402       0.326929       0.021349
  250   0.051423    -8.049327     -7.516123       0.326930       0.021349

-------------------------- File Output Summary --------------------------
Writing comma-separated values (CSV) surface files.
Merging connectivities in the Master node.
Merging coordinates in the Master node.
Merging solution in the Master node.
Writing SU2 native restart file.
Writing Paraview ASCII volume solution file.
Writing Paraview ASCII surface solution file.
Writing the forces breakdown file.
-------------------------------------------------------------------------

  251   0.051658    -8.075521     -7.545119       0.326930       0.021350
  252   0.051644    -8.101638     -7.573757       0.326931       0.021350
  253   0.051639    -8.126683     -7.600642       0.326932       0.021350
  254   0.051632    -8.148420     -7.622705       0.326932       0.021350
  255   0.051622    -8.163919     -7.636485       0.326932       0.021350
  256   0.051610    -8.175547     -7.647299       0.326933       0.021350
  257   0.051600    -8.191885     -7.667939       0.326933       0.021350
  258   0.051588    -8.212744     -7.694971       0.326934       0.021350
  259   0.051578    -8.226946     -7.709001       0.326934       0.021350
  260   0.051564    -8.235769     -7.713939       0.326934       0.021350
  261   0.051572    -8.243573     -7.717799       0.326935       0.021350
  262   0.051593    -8.251345     -7.722137       0.326935       0.021350
  263   0.051593    -8.260480     -7.728637       0.326935       0.021350
  264   0.051583    -8.271398     -7.737563       0.326935       0.021350
  265   0.051570    -8.283388     -7.747697       0.326936       0.021350
  266   0.051556    -8.295348     -7.757479       0.326936       0.021350
  267   0.051550    -8.306549     -7.766023       0.326936       0.021350
  268   0.051551    -8.316920     -7.773373       0.326936       0.021350
  269   0.051547    -8.326923     -7.780229       0.326936       0.021350
  270   0.051537    -8.337209     -7.787451       0.326936       0.021350
  271   0.051528    -8.348329     -7.795702       0.326936       0.021350
  272   0.051515    -8.360597     -7.805306       0.326936       0.021350
  273   0.051510    -8.374075     -7.816263       0.326937       0.021350
  274   0.051497    -8.388649     -7.828380       0.326937       0.021350
  275   0.051486    -8.404140     -7.841405       0.326937       0.021350
  276   0.051476    -8.420382     -7.855131       0.326937       0.021350
  277   0.051465    -8.437266     -7.869434       0.326937       0.021350
  278   0.051457    -8.454733     -7.884258       0.326937       0.021350
  279   0.051444    -8.472760     -7.899592       0.326937       0.021350

---------------------- Local Time Stepping Summary ----------------------
MG level: 0 -> Min. DT: 0.000491797. Max. DT: 3.62294. CFL: 10.
MG level: 1 -> Min. DT: 0.000776012. Max. DT: 5.53909. CFL: 8.11871.
MG level: 2 -> Min. DT: 0.00103409. Max. DT: 7.40396. CFL: 6.5465.
-------------------------------------------------------------------------

----------------------- Residual Evolution Summary ----------------------
log10[Maximum residual]: -7.40156.
Maximum residual point 1429, located at (0.606764, 0.187176).
-------------------------------------------------------------------------

 Iter    Time(s)     Res[Rho]     Res[RhoE]      CL(Total)      CD(Total)
  280   0.051433    -8.491336     -7.915438       0.326937       0.021350
  281   0.051434    -8.510447     -7.931797       0.326937       0.021350
  282   0.051448    -8.530077     -7.948663       0.326937       0.021350
  283   0.051444    -8.550197     -7.966022       0.326937       0.021350
  284   0.051432    -8.570772     -7.983852       0.326937       0.021350
  285   0.051422    -8.591759     -8.002125       0.326937       0.021350
  286   0.051411    -8.613104     -8.020802       0.326937       0.021350
  287   0.051408    -8.634743     -8.039837       0.326937       0.021350
  288   0.051397    -8.656601     -8.059173       0.326937       0.021350
  289   0.051396    -8.678592     -8.078746       0.326937       0.021350
  290   0.051411    -8.700623     -8.098481       0.326937       0.021350
  291   0.051451    -8.722591     -8.118305       0.326937       0.021350
  292   0.051474    -8.744391     -8.138139       0.326937       0.021350
  293   0.051505    -8.765917     -8.157907       0.326937       0.021350
  294   0.051509    -8.787064     -8.177536       0.326937       0.021350
  295   0.051507    -8.807730     -8.196959       0.326937       0.021350
  296   0.051505    -8.827823     -8.216114       0.326936       0.021350
  297   0.051507    -8.847257     -8.234947       0.326936       0.021350
  298   0.051504    -8.865958     -8.253412       0.326936       0.021350
  299   0.051493    -8.883865     -8.271469       0.326936       0.021350
  300   0.051492    -8.900935     -8.289089       0.326936       0.021350
  301   0.051492    -8.917139     -8.306249       0.326936       0.021350
  302   0.051492    -8.932469     -8.322936       0.326936       0.021350
  303   0.051482    -8.946935     -8.339144       0.326936       0.021350
  304   0.051471    -8.960568     -8.354879       0.326936       0.021350
  305   0.051461    -8.973413     -8.370152       0.326936       0.021350
  306   0.051454    -8.985537     -8.384984       0.326936       0.021350
  307   0.051443    -8.997014     -8.399404       0.326936       0.021350
  308   0.051435    -9.007932     -8.413445       0.326936       0.021350
  309   0.051425    -9.018384     -8.427150       0.326936       0.021350
  310   0.051419    -9.028464     -8.440561       0.326936       0.021350
  311   0.051412    -9.038268     -8.453726       0.326936       0.021350
  312   0.051404    -9.047883     -8.466692       0.326936       0.021350
  313   0.051397    -9.057392     -8.479505       0.326936       0.021350
  314   0.051390    -9.066868     -8.492210       0.326936       0.021350
  315   0.051380    -9.076372     -8.504846       0.326936       0.021350
  316   0.051368    -9.085957     -8.517448       0.326935       0.021350
  317   0.051358    -9.095663     -8.530048       0.326935       0.021350
  318   0.051350    -9.105519     -8.542669       0.326935       0.021350
  319   0.051340    -9.115547     -8.555331       0.326935       0.021350

---------------------- Local Time Stepping Summary ----------------------
MG level: 0 -> Min. DT: 0.000491797. Max. DT: 3.62294. CFL: 10.
MG level: 1 -> Min. DT: 0.000776011. Max. DT: 5.53909. CFL: 8.11871.
MG level: 2 -> Min. DT: 0.00103409. Max. DT: 7.40396. CFL: 6.5465.
-------------------------------------------------------------------------

----------------------- Residual Evolution Summary ----------------------
log10[Maximum residual]: -8.01385.
Maximum residual point 1182, located at (0.630235, 0.131859).
-------------------------------------------------------------------------

 Iter    Time(s)     Res[Rho]     Res[RhoE]      CL(Total)      CD(Total)
  320   0.051337    -9.125759     -8.568048       0.326935       0.021350
  321   0.051344    -9.136160     -8.580830       0.326935       0.021350
  322   0.051340    -9.146753     -8.593683       0.326935       0.021350
  323   0.051342    -9.157532     -8.606611       0.326935       0.021350
  324   0.051333    -9.168493     -8.619616       0.326935       0.021350
  325   0.051321    -9.179628     -8.632699       0.326935       0.021350
  326   0.051314    -9.190932     -8.645860       0.326935       0.021350
  327   0.051312    -9.202396     -8.659102       0.326935       0.021350
  328   0.051308    -9.214017     -8.672427       0.326935       0.021350
  329   0.051306    -9.225791     -8.685838       0.326935       0.021350
  330   0.051300    -9.237715     -8.699342       0.326935       0.021350
  331   0.051292    -9.249790     -8.712944       0.326935       0.021350
  332   0.051284    -9.262018     -8.726653       0.326935       0.021350
  333   0.051276    -9.274402     -8.740477       0.326935       0.021350
  334   0.051267    -9.286948     -8.754427       0.326935       0.021350
  335   0.051259    -9.299663     -8.768515       0.326935       0.021350
  336   0.051250    -9.312555     -8.782752       0.326935       0.021350
  337   0.051243    -9.325631     -8.797151       0.326934       0.021350
  338   0.051236    -9.338903     -8.811726       0.326934       0.021350
  339   0.051228    -9.352381     -8.826491       0.326934       0.021350
  340   0.051222    -9.366075     -8.841460       0.326934       0.021350
  341   0.051229    -9.379998     -8.856647       0.326934       0.021350
  342   0.051230    -9.394163     -8.872070       0.326934       0.021350
  343   0.051227    -9.408582     -8.887743       0.326934       0.021350
  344   0.051217    -9.423268     -8.903683       0.326934       0.021350
  345   0.051208    -9.438234     -8.919905       0.326934       0.021350
  346   0.051198    -9.453494     -8.936424       0.326934       0.021350
  347   0.051194    -9.469057     -8.953253       0.326934       0.021350
  348   0.051191    -9.484934     -8.970401       0.326934       0.021350
  349   0.051189    -9.501129     -8.987872       0.326934       0.021350
  350   0.051182    -9.517643     -9.005660       0.326934       0.021350
  351   0.051176    -9.534467     -9.023750       0.326934       0.021350

-------------------------- File Output Summary --------------------------
Writing comma-separated values (CSV) surface files.
Merging connectivities in the Master node.
Merging coordinates in the Master node.
Merging solution in the Master node.
Writing SU2 native restart file.
Writing Paraview ASCII volume solution file.
Writing Paraview ASCII surface solution file.
Writing the forces breakdown file.
-------------------------------------------------------------------------

History file, closed.

------------------------- Solver Postprocessing -------------------------
Deleted CNumerics container.
Deleted CIntegration container.
Deleted CSolver container.
Deleted CIteration container.
Deleted CInterpolator container.
Deleted CTransfer container.
Deleted CGeometry container.
Deleted CFreeFormDefBox class.
Deleted CSurfaceMovement class.
Deleted CVolumetricMovement class.
Deleted CConfig container.
Deleted COutput class.
-------------------------------------------------------------------------

Completed in 18.091857 seconds on 1 core.

------------------------- Exit Success (SU2_CFD) ------------------------

