
-------------------------------------------------------------------------
|    ___ _   _ ___                                                      |
|   / __| | | |_  )   Release 5.0.0  "Raven"                            |
|   \__ \ |_| |/ /                                                      |
|   |___/\___//___|   Suite (Computational Fluid Dynamics Code)         |
|                                                                       |
-------------------------------------------------------------------------
| SU2 Original Developers: Dr. Francisco D. Palacios.                   |
|                          Dr. Thomas D. Economon.                      |
-------------------------------------------------------------------------
| SU2 Developers:                                                       |
| - Prof. Juan J. Alonso's group at Stanford University.                |
| - Prof. Piero Colonna's group at Delft University of Technology.      |
| - Prof. Nicolas R. Gauger's group at Kaiserslautern U. of Technology. |
| - Prof. Alberto Guardone's group at Polytechnic University of Milan.  |
| - Prof. Rafael Palacios' group at Imperial College London.            |
| - Prof. Edwin van der Weide's group at the University of Twente.      |
| - Prof. Vincent Terrapon's group at the University of Liege.          |
-------------------------------------------------------------------------
| Copyright (C) 2012-2017 SU2, the open-source CFD code.                |
|                                                                       |
| SU2 is free software; you can redistribute it and/or                  |
| modify it under the terms of the GNU Lesser General Public            |
| License as published by the Free Software Foundation; either          |
| version 2.1 of the License, or (at your option) any later version.    |
|                                                                       |
| SU2 is distributed in the hope that it will be useful,                |
| but WITHOUT ANY WARRANTY; without even the implied warranty of        |
| MERCHANTABILITY or FITNESS FOR A PARTICULAR PURPOSE. See the GNU      |
| Lesser General Public License for more details.                       |
|                                                                       |
| You should have received a copy of the GNU Lesser General Public      |
| License along with SU2. If not, see <http://www.gnu.org/licenses/>.   |
-------------------------------------------------------------------------

------------------------ Physical Case Definition -----------------------
Compressible Euler equations.
Mach number: 0.8.
Angle of attack (AoA): 1.25 deg, and angle of sideslip (AoS): 0 deg.
Read flow solution from: solution_flow.dat.
Non-Dimensional simulation (P=1.0, Rho=1.0, T=1.0 at the farfield).
The reference length/area (force coefficient) is 1.
The reference length (moment computation) is 1.
Reference origin (moment computation) is (0.25, 0, 0).
Surface(s) where the force coefficients are evaluated: airfoil.
Surface(s) plotted in the output file: airfoil.
Surface(s) affected by the design variables: airfoil.
Input mesh file name: mesh_deform.su2

---------------------- Space Numerical Integration ----------------------
Jameson-Schmidt-Turkel scheme for the flow inviscid terms.
JST viscous coefficients (1st, 2nd & 4th): 0.15, 0.5, 0.02.
The method includes a grid stretching correction (p = 0.3).
Second order integration.
Gradient computation using Green-Gauss theorem.

---------------------- Time Numerical Integration -----------------------
Local time stepping (steady state simulation).
Euler implicit method for the flow equations.
V Multigrid Cycle, with 2 multigrid levels.
Damping factor for the residual restriction: 1.
Damping factor for the correction prolongation: 1.
No CFL adaptation.
Multigrid Level:                       0     1     2
Courant-Friedrichs-Lewy number:       10
MG PreSmooth coefficients:             1     2     3
MG PostSmooth coefficients:            0     0     0
MG CorrecSmooth coefficients:          0     0     0

------------------------- Convergence Criteria --------------------------
Maximum number of iterations: 1000.
Reduce the density residual 6 orders of magnitude.
The minimum bound for the density residual is 10^(-10).
Start convergence criteria at iteration 10.

-------------------------- Output Information ---------------------------
Writing a flow solution every 250 iterations.
Writing the convergence history every 1 iterations.
The output file format is Paraview ASCII (.vtk).
Convergence history file name: history_direct.
Forces breakdown file name: forces_breakdown.dat.
Surface flow coefficients file name: surface_flow.
Flow variables file name: flow.
Restart flow file name: restart_flow.dat.

------------------- Config File Boundary Information --------------------
Euler wall boundary marker(s): airfoil.
Far-field boundary marker(s): farfield.

---------------------- Read Grid File Information -----------------------
Two dimensional problem.
5233 points.
2 surface markers.
200 boundary elements in index 0 (Marker = airfoil).
50 boundary elements in index 1 (Marker = farfield).
10216 triangles.

------------------------- Geometry Preprocessing ------------------------
Setting point connectivity.
Renumbering points (Reverse Cuthill McKee Ordering).
Recomputing point connectivity.
Setting element connectivity.
Checking the numerical grid orientation.
Identifying edges and vertices.
Computing centers of gravity.
Setting the control volume structure.
Area of the computational grid: 1.25e+03.
Searching for the closest normal neighbors to the surfaces.
Compute the surface curvature.
Max K: 7.84e+03. Mean K: 36.7. Standard deviation K: 494.
Checking for periodicity.
Setting the multigrid structure.
MG level: 0 -> CVs: 5233. Agglomeration rate 1/1.00. CFL 10.
MG level: 1 -> CVs: 1533. Agglomeration rate 1/3.41. CFL 8.12.
MG level: 2 -> CVs: 443. Agglomeration rate 1/3.46. CFL 6.55.
Computing wall distances.
Wetted area = 2.03 m.
Area projection in the x-plane = 0.0901 m, y-plane = 1 m.

------------------------- Driver information --------------------------
A Fluid driver has been instantiated.

------------------------ Iteration Preprocessing ------------------------
Zone 1: Euler/Navier-Stokes/RANS flow iteration.

------------------------- Solver Preprocessing --------------------------
Inviscid flow: Computing density based on free-stream
temperature and pressure using the ideal gas law.
Force coefficients computed using free-stream values.
-- Input conditions:
Fluid Model: STANDARD_AIR 
Specific gas constant: 287.058 N.m/kg.K.
Specific gas constant (non-dim): 1
Specific Heat Ratio: 1.4
Free-stream static pressure: 101325 Pa.
Free-stream total pressure: 154454 Pa.
Free-stream temperature: 288.15 K.
Free-stream density: 1.22498 kg/m^3.
Free-stream velocity: (272.173, 5.93883) m/s. Magnitude: 272.238 m/s (529.186 KTS).
Free-stream total energy per unit mass: 243846 m^2/s^2.
-- Reference values:
Reference specific gas constant: 287.058 N.m/kg.K.
Reference pressure: 101325 Pa.
Reference temperature: 288.15 K.
Reference density: 1.22498 kg/m^3.
Reference velocity: 287.603 m/s.
Reference energy per unit mass: 82715.8 m^2/s^2.
-- Resulting non-dimensional state:
Mach number (non-dim): 0.8
Specific gas constant (non-dim): 1
Free-stream temperature (non-dim): 1
Free-stream pressure (non-dim): 1
Free-stream density (non-dim): 1
Free-stream velocity (non-dim): (0.946348, 0.0206494). Magnitude: 0.946573
Free-stream total energy per unit mass (non-dim): 2.948

Initialize Jacobian structure (Euler). MG level: 0.
Initialize Jacobian structure (Euler). MG level: 1.
Initialize Jacobian structure (Euler). MG level: 2.

----------------- Integration and Numerics Preprocessing ----------------
Integration Preprocessing.
Numerics Preprocessing.

------------------------------ Begin Solver -----------------------------

---------------------- Local Time Stepping Summary ----------------------
MG level: 0 -> Min. DT: 0.000489062. Max. DT: 3.63407. CFL: 10.
MG level: 1 -> Min. DT: 0.000774995. Max. DT: 5.55369. CFL: 8.11871.
MG level: 2 -> Min. DT: 0.0010403. Max. DT: 7.42502. CFL: 6.5465.
-------------------------------------------------------------------------

----------------------- Residual Evolution Summary ----------------------
log10[Maximum residual]: -3.89327.
Maximum residual point 117, located at (0.0744, 0.0251789).
-------------------------------------------------------------------------

 Iter    Time(s)     Res[Rho]     Res[RhoE]      CL(Total)      CD(Total)
 1948   0.053867    -4.980815     -4.384436       0.031767       0.001084
 1949   0.051650    -5.089645     -4.489332       0.030767       0.000474
 1950   0.051381    -5.097187     -4.502126       0.029942       0.000171
 1951   0.050539    -5.091287     -4.495083       0.029246       0.000088
 1952   0.050192    -5.065151     -4.469188       0.028585       0.000083
 1953   0.049752    -5.037047     -4.440996       0.028006       0.000110
 1954   0.049556    -5.039732     -4.447267       0.027502       0.000120
 1955   0.049354    -5.140011     -4.573417       0.027049       0.000136
 1956   0.049168    -5.127457     -4.558006       0.026581       0.000179
 1957   0.049079    -5.132701     -4.562422       0.026233       0.000211
 1958   0.049007    -5.147142     -4.580715       0.025975       0.000261
 1959   0.049022    -5.160968     -4.597817       0.025797       0.000278
 1960   0.048996    -5.170920     -4.608309       0.025679       0.000314
 1961   0.048985    -5.166966     -4.600866       0.025623       0.000351
 1962   0.048936    -5.154128     -4.582844       0.025637       0.000391
 1963   0.049005    -5.140596     -4.563450       0.025711       0.000428
 1964   0.049263    -5.128910     -4.545752       0.025828       0.000458
 1965   0.049269    -5.122115     -4.533721       0.025972       0.000483
 1966   0.049193    -5.122321     -4.529902       0.026133       0.000504
 1967   0.049219    -5.132301     -4.537493       0.026305       0.000520
 1968   0.049193    -5.157197     -4.562676       0.026487       0.000535
 1969   0.049245    -5.206267     -4.617273       0.026677       0.000550
 1970   0.049187    -5.288783     -4.715739       0.026880       0.000572
 1971   0.049806    -5.396775     -4.854685       0.027087       0.000578
 1972   0.049721    -5.453366     -4.925127       0.027307       0.000608
 1973   0.049674    -5.472334     -4.939556       0.027568       0.000628
 1974   0.049638    -5.506398     -4.977331       0.027839       0.000637
 1975   0.049583    -5.517423     -4.986520       0.028106       0.000633
 1976   0.049613    -5.489699     -4.946579       0.028369       0.000637
 1977   0.049977    -5.461722     -4.909589       0.028626       0.000633
 1978   0.049979    -5.450558     -4.895151       0.028873       0.000621
 1979   0.049944    -5.444850     -4.887064       0.029107       0.000605
 1980   0.049935    -5.441292     -4.880946       0.029331       0.000588
 1981   0.049884    -5.448171     -4.887645       0.029544       0.000569
 1982   0.049823    -5.467517     -4.909937       0.029746       0.000550
 1983   0.050218    -5.497377     -4.945493       0.029937       0.000530
 1984   0.050228    -5.535260     -4.991832       0.030115       0.000511
 1985   0.050202    -5.576484     -5.043686       0.030277       0.000492
 1986   0.050182    -5.607490     -5.082295       0.030421       0.000476
 1987   0.050165    -5.615749     -5.089919       0.030544       0.000454

---------------------- Local Time Stepping Summary ----------------------
MG level: 0 -> Min. DT: 0.000488714. Max. DT: 3.63407. CFL: 10.
MG level: 1 -> Min. DT: 0.000773873. Max. DT: 5.55371. CFL: 8.11871.
MG level: 2 -> Min. DT: 0.00103948. Max. DT: 7.42504. CFL: 6.5465.
-------------------------------------------------------------------------

----------------------- Residual Evolution Summary ----------------------
log10[Maximum residual]: -4.42459.
Maximum residual point 405, located at (0.645008, 0.0516199).
-------------------------------------------------------------------------

 Iter    Time(s)     Res[Rho]     Res[RhoE]      CL(Total)      CD(Total)
 1988   0.050133    -5.617161     -5.087599       0.030642       0.000439
 1989   0.050084    -5.611176     -5.076401       0.030717       0.000423
 1990   0.050028    -5.608940     -5.071313       0.030773       0.000411
 1991   0.049971    -5.609630     -5.070464       0.030811       0.000399
 1992   0.049936    -5.617147     -5.078502       0.030833       0.000391
 1993   0.049898    -5.630466     -5.093675       0.030842       0.000383
 1994   0.049860    -5.649286     -5.115469       0.030838       0.000371
 1995   0.049821    -5.662795     -5.129328       0.030817       0.000359
 1996   0.049779    -5.661240     -5.122594       0.030779       0.000357
 1997   0.049739    -5.654154     -5.109402       0.030732       0.000359
 1998   0.049725    -5.653764     -5.106345       0.030682       0.000361
 1999   0.049700    -5.664000     -5.118209       0.030628       0.000366
 2000   0.049673    -5.681544     -5.139783       0.030571       0.000372
 2001   0.049648    -5.696984     -5.156782       0.030509       0.000379
 2002   0.049607    -5.711430     -5.170570       0.030445       0.000389
 2003   0.049578    -5.723270     -5.180724       0.030381       0.000398
 2004   0.049694    -5.731423     -5.186470       0.030318       0.000408
 2005   0.049680    -5.737051     -5.189344       0.030258       0.000418
 2006   0.049652    -5.742641     -5.192468       0.030200       0.000428
 2007   0.049629    -5.749938     -5.197928       0.030146       0.000437
 2008   0.049608    -5.759952     -5.206852       0.030096       0.000447
 2009   0.049708    -5.773018     -5.219579       0.030050       0.000455
 2010   0.050602    -5.788759     -5.235622       0.030008       0.000464
 2011   0.050773    -5.806429     -5.254137       0.029971       0.000472
 2012   0.050806    -5.825468     -5.274500       0.029938       0.000479
 2013   0.050843    -5.845413     -5.296208       0.029911       0.000485
 2014   0.050948    -5.865971     -5.318935       0.029889       0.000490
 2015   0.051631    -5.887060     -5.342607       0.029873       0.000494
 2016   0.052058    -5.908461     -5.366973       0.029861       0.000498
 2017   0.052042    -5.929418     -5.391086       0.029855       0.000500
 2018   0.052429    -5.947352     -5.411340       0.029853       0.000500
 2019   0.052373    -5.953764     -5.416226       0.029856       0.000499
 2020   0.052310    -5.953641     -5.415119       0.029863       0.000499
 2021   0.052276    -5.961405     -5.424706       0.029875       0.000498
 2022   0.052222    -5.974006     -5.440161       0.029890       0.000497
 2023   0.052178    -5.969744     -5.430629       0.029909       0.000494
 2024   0.052136    -5.966494     -5.422575       0.029931       0.000492
 2025   0.052101    -5.965446     -5.418091       0.029954       0.000489
 2026   0.052072    -5.967149     -5.417340       0.029979       0.000487
 2027   0.052044    -5.972236     -5.420649       0.030005       0.000484

---------------------- Local Time Stepping Summary ----------------------
MG level: 0 -> Min. DT: 0.000488851. Max. DT: 3.63407. CFL: 10.
MG level: 1 -> Min. DT: 0.000773838. Max. DT: 5.55371. CFL: 8.11871.
MG level: 2 -> Min. DT: 0.0010394. Max. DT: 7.42504. CFL: 6.5465.
-------------------------------------------------------------------------

----------------------- Residual Evolution Summary ----------------------
log10[Maximum residual]: -4.72481.
Maximum residual point 406, located at (0.675036, 0.0486666).
-------------------------------------------------------------------------

 Iter    Time(s)     Res[Rho]     Res[RhoE]      CL(Total)      CD(Total)
 2028   0.052028    -5.980644     -5.427748       0.030031       0.000481
 2029   0.052102    -5.991955     -5.438091       0.030058       0.000478
 2030   0.052116    -6.005395     -5.450783       0.030084       0.000475
 2031   0.052315    -6.020652     -5.465521       0.030110       0.000472
 2032   0.052322    -6.037752     -5.482429       0.030135       0.000469
 2033   0.052300    -6.056788     -5.501724       0.030159       0.000466
 2034   0.052265    -6.077876     -5.523642       0.030181       0.000463
 2035   0.052252    -6.101123     -5.548423       0.030202       0.000461
 2036   0.052219    -6.126605     -5.576352       0.030220       0.000458
 2037   0.052205    -6.154518     -5.607877       0.030237       0.000455
 2038   0.052156    -6.184813     -5.643166       0.030252       0.000452
 2039   0.052132    -6.217163     -5.682037       0.030264       0.000449
 2040   0.052123    -6.250152     -5.722701       0.030273       0.000445
 2041   0.052090    -6.277999     -5.756711       0.030283       0.000455
 2042   0.052049    -6.277358     -5.754530       0.030292       0.000438
 2043   0.052009    -6.304652     -5.787059       0.030293       0.000442
 2044   0.051965    -6.292175     -5.765663       0.030292       0.000439
 2045   0.051921    -6.290422     -5.758981       0.030291       0.000438
 2046   0.051880    -6.276156     -5.737044       0.030286       0.000437
 2047   0.051840    -6.282767     -5.743555       0.030281       0.000436
 2048   0.051803    -6.289243     -5.749613       0.030273       0.000436
 2049   0.051763    -6.302138     -5.763657       0.030263       0.000435
 2050   0.051725    -6.315421     -5.777605       0.030253       0.000435
 2051   0.051689    -6.328721     -5.791179       0.030241       0.000435
 2052   0.051649    -6.339723     -5.801401       0.030228       0.000436
 2053   0.051618    -6.349518     -5.809947       0.030215       0.000436
 2054   0.051586    -6.359313     -5.818545       0.030201       0.000437
 2055   0.051557    -6.369800     -5.828125       0.030187       0.000438
 2056   0.051523    -6.381931     -5.839924       0.030173       0.000439
 2057   0.051502    -6.395998     -5.854279       0.030159       0.000440
 2058   0.051467    -6.411989     -5.871140       0.030145       0.000441
 2059   0.051436    -6.429468     -5.889909       0.030131       0.000443
 2060   0.051402    -6.447983     -5.910018       0.030117       0.000444
 2061   0.051375    -6.467192     -5.931075       0.030103       0.000446
 2062   0.051362    -6.486822     -5.952749       0.030090       0.000447
 2063   0.051338    -6.506363     -5.974436       0.030078       0.000448
 2064   0.051307    -6.525671     -5.996013       0.030066       0.000450
 2065   0.051277    -6.544706     -6.017430       0.030054       0.000451
 2066   0.051247    -6.563329     -6.038464       0.030044       0.000452
 2067   0.051220    -6.580923     -6.058180       0.030035       0.000453

---------------------- Local Time Stepping Summary ----------------------
MG level: 0 -> Min. DT: 0.000488858. Max. DT: 3.63407. CFL: 10.
MG level: 1 -> Min. DT: 0.000773823. Max. DT: 5.55371. CFL: 8.11871.
MG level: 2 -> Min. DT: 0.00103938. Max. DT: 7.42504. CFL: 6.5465.
-------------------------------------------------------------------------

----------------------- Residual Evolution Summary ----------------------
log10[Maximum residual]: -5.43567.
Maximum residual point 903, located at (0.672875, 0.0997644).
-------------------------------------------------------------------------

 Iter    Time(s)     Res[Rho]     Res[RhoE]      CL(Total)      CD(Total)
 2068   0.051193    -6.595579     -6.073724       0.030026       0.000454
 2069   0.051164    -6.599438     -6.073918       0.030018       0.000454
 2070   0.051137    -6.591648     -6.060534       0.030012       0.000455
 2071   0.051109    -6.602221     -6.072648       0.030006       0.000455
 2072   0.051088    -6.615092     -6.090478       0.030002       0.000457
 2073   0.051063    -6.625490     -6.101083       0.029998       0.000457
 2074   0.051061    -6.622755     -6.092340       0.029996       0.000458
 2075   0.051037    -6.621913     -6.087174       0.029995       0.000458
 2076   0.051034    -6.620039     -6.081672       0.029995       0.000458
 2077   0.051008    -6.623031     -6.083098       0.029996       0.000459
 2078   0.050979    -6.630103     -6.089865       0.029997       0.000459
 2079   0.050952    -6.641006     -6.101391       0.030000       0.000459
 2080   0.050949    -6.653893     -6.115150       0.030003       0.000459
 2081   0.050951    -6.666953     -6.128812       0.030006       0.000459
 2082   0.050934    -6.679284     -6.141331       0.030010       0.000459
 2083   0.050918    -6.690714     -6.152642       0.030015       0.000459
 2084   0.050910    -6.701923     -6.163756       0.030019       0.000459
 2085   0.050887    -6.713800     -6.175866       0.030024       0.000459
 2086   0.050864    -6.727165     -6.190029       0.030029       0.000459
 2087   0.050842    -6.742653     -6.207034       0.030034       0.000459
 2088   0.050822    -6.760570     -6.227248       0.030039       0.000459
 2089   0.050800    -6.780956     -6.250696       0.030045       0.000459
 2090   0.050779    -6.803407     -6.276799       0.030050       0.000458
 2091   0.050773    -6.826384     -6.303337       0.030054       0.000458
 2092   0.050852    -6.844008     -6.321722       0.030059       0.000458
 2093   0.050838    -6.839427     -6.310156       0.030063       0.000457
 2094   0.050825    -6.851588     -6.321610       0.030067       0.000459
 2095   0.050802    -6.858280     -6.331728       0.030071       0.000456
 2096   0.050788    -6.874447     -6.348790       0.030074       0.000457
 2097   0.050770    -6.889178     -6.367714       0.030077       0.000457
 2098   0.050777    -6.920860     -6.405937       0.030080       0.000456
 2099   0.050758    -6.924473     -6.402142       0.030082       0.000456
 2100   0.050743    -6.929617     -6.401118       0.030084       0.000455
 2101   0.050737    -6.935051     -6.402019       0.030085       0.000455
 2102   0.050718    -6.943808     -6.408450       0.030087       0.000455
 2103   0.050700    -6.954981     -6.418304       0.030088       0.000455
 2104   0.050697    -6.969133     -6.432090       0.030088       0.000454
 2105   0.050680    -6.983959     -6.446658       0.030089       0.000454
 2106   0.050663    -6.998436     -6.460691       0.030089       0.000454
 2107   0.050644    -7.011591     -6.473001       0.030089       0.000454

---------------------- Local Time Stepping Summary ----------------------
MG level: 0 -> Min. DT: 0.000488859. Max. DT: 3.63407. CFL: 10.
MG level: 1 -> Min. DT: 0.000773823. Max. DT: 5.55371. CFL: 8.11871.
MG level: 2 -> Min. DT: 0.00103938. Max. DT: 7.42504. CFL: 6.5465.
-------------------------------------------------------------------------

----------------------- Residual Evolution Summary ----------------------
log10[Maximum residual]: -5.73784.
Maximum residual point 408, located at (0.61439, 0.0541162).
-------------------------------------------------------------------------

 Iter    Time(s)     Res[Rho]     Res[RhoE]      CL(Total)      CD(Total)
 2108   0.050627    -7.023714     -6.484078       0.030089       0.000454
 2109   0.050613    -7.035688     -6.495193       0.030088       0.000453
 2110   0.050595    -7.048464     -6.507597       0.030088       0.000453
 2111   0.050587    -7.062580     -6.521974       0.030087       0.000453
 2112   0.050574    -7.078234     -6.538540       0.030086       0.000453
 2113   0.050559    -7.095228     -6.556973       0.030085       0.000453
 2114   0.050555    -7.113121     -6.576643       0.030084       0.000453
 2115   0.050602    -7.131386     -6.596825       0.030082       0.000453
 2116   0.050685    -7.149685     -6.617067       0.030081       0.000453
 2117   0.050717    -7.167868     -6.637172       0.030080       0.000453
 2118   0.050742    -7.185928     -6.657136       0.030078       0.000453
 2119   0.050742    -7.203964     -6.677081       0.030077       0.000453
 2120   0.050748    -7.222141     -6.697212       0.030075       0.000453
 2121   0.050802    -7.240742     -6.717875       0.030074       0.000453
 2122   0.050786    -7.260069     -6.739479       0.030072       0.000453
 2123   0.050772    -7.280380     -6.762341       0.030071       0.000453
 2124   0.050763    -7.301311     -6.785845       0.030069       0.000453
 2125   0.050748    -7.319383     -6.804741       0.030068       0.000453
 2126   0.050730    -7.302709     -6.776588       0.030066       0.000453
 2127   0.050711    -7.332918     -6.815112       0.030065       0.000452
 2128   0.050695    -7.345614     -6.832659       0.030064       0.000453
 2129   0.050710    -7.353429     -6.835075       0.030062       0.000453
 2130   0.050695    -7.336694     -6.806426       0.030061       0.000453
 2131   0.050682    -7.354830     -6.827471       0.030060       0.000453
 2132   0.050674    -7.353190     -6.821372       0.030060       0.000453
 2133   0.050666    -7.360244     -6.825299       0.030059       0.000453
 2134   0.050652    -7.368646     -6.830604       0.030058       0.000453
 2135   0.050638    -7.380792     -6.840928       0.030057       0.000453
 2136   0.050628    -7.398625     -6.858998       0.030056       0.000453
 2137   0.050614    -7.419455     -6.881030       0.030056       0.000453
 2138   0.050601    -7.440302     -6.902811       0.030055       0.000453
 2139   0.050587    -7.459308     -6.921853       0.030055       0.000453
 2140   0.050575    -7.475608     -6.937224       0.030055       0.000453
 2141   0.050563    -7.490026     -6.950266       0.030054       0.000453
 2142   0.050550    -7.503919     -6.962909       0.030054       0.000454
 2143   0.050536    -7.518513     -6.976786       0.030054       0.000454
 2144   0.050528    -7.534542     -6.992811       0.030054       0.000454
 2145   0.050514    -7.552031     -7.010937       0.030054       0.000454
 2146   0.050502    -7.570509     -7.030480       0.030053       0.000454
 2147   0.050486    -7.589318     -7.050537       0.030053       0.000454

---------------------- Local Time Stepping Summary ----------------------
MG level: 0 -> Min. DT: 0.00048886. Max. DT: 3.63407. CFL: 10.
MG level: 1 -> Min. DT: 0.000773823. Max. DT: 5.55371. CFL: 8.11871.
MG level: 2 -> Min. DT: 0.00103939. Max. DT: 7.42504. CFL: 6.5465.
-------------------------------------------------------------------------

----------------------- Residual Evolution Summary ----------------------
log10[Maximum residual]: -6.35531.
Maximum residual point 408, located at (0.61439, 0.0541162).
-------------------------------------------------------------------------

 Iter    Time(s)     Res[Rho]     Res[RhoE]      CL(Total)      CD(Total)
 2148   0.050473    -7.607910     -7.070386       0.030053       0.000454
 2149   0.050461    -7.626006     -7.089687       0.030053       0.000454
 2150   0.050449    -7.643585     -7.108449       0.030054       0.000454
 2151   0.050443    -7.660794     -7.126896       0.030054       0.000454
 2152   0.050432    -7.677855     -7.145335       0.030054       0.000454
 2153   0.050419    -7.695009     -7.164077       0.030054       0.000454
 2154   0.050409    -7.712492     -7.183417       0.030054       0.000454
 2155   0.050399    -7.730531     -7.203629       0.030054       0.000454
 2156   0.050386    -7.749333     -7.224950       0.030055       0.000454
 2157   0.050378    -7.769002     -7.247484       0.030055       0.000454
 2158   0.050370    -7.789424     -7.270993       0.030055       0.000454
 2159   0.050370    -7.809757     -7.294195       0.030055       0.000454
 2160   0.050360    -7.826143     -7.311371       0.030056       0.000454
 2161   0.050349    -7.839944     -7.328305       0.030056       0.000454
 2162   0.050349    -7.842203     -7.324877       0.030056       0.000454
 2163   0.050346    -7.840427     -7.319032       0.030056       0.000454
 2164   0.050335    -7.830043     -7.306261       0.030057       0.000454
 2165   0.050332    -7.855926     -7.340949       0.030057       0.000454
 2166   0.050320    -7.863469     -7.346031       0.030057       0.000454
 2167   0.050308    -7.856048     -7.331028       0.030058       0.000454
 2168   0.050296    -7.860273     -7.331913       0.030058       0.000454
 2169   0.050284    -7.869322     -7.338027       0.030058       0.000454
 2170   0.050274    -7.879838     -7.346219       0.030058       0.000454
 2171   0.050263    -7.897365     -7.364339       0.030059       0.000454
 2172   0.050252    -7.918236     -7.387135       0.030059       0.000454
 2173   0.050243    -7.942260     -7.413968       0.030059       0.000454
 2174   0.050244    -7.964235     -7.437393       0.030059       0.000454
 2175   0.050234    -7.980878     -7.453149       0.030059       0.000454
 2176   0.050223    -7.993796     -7.464075       0.030060       0.000454
 2177   0.050218    -8.005707     -7.473996       0.030060       0.000454
 2178   0.050213    -8.018206     -7.484913       0.030060       0.000454
 2179   0.050207    -8.032498     -7.498369       0.030060       0.000454
 2180   0.050198    -8.048944     -7.514787       0.030060       0.000454
 2181   0.050189    -8.067197     -7.533616       0.030061       0.000454
 2182   0.050188    -8.086457     -7.553712       0.030061       0.000454
 2183   0.050177    -8.105679     -7.573631       0.030061       0.000454
 2184   0.050167    -8.124120     -7.592417       0.030061       0.000454
 2185   0.050157    -8.141600     -7.609931       0.030061       0.000454
 2186   0.050156    -8.158367     -7.626620       0.030061       0.000454
 2187   0.050150    -8.174873     -7.643166       0.030061       0.000454

---------------------- Local Time Stepping Summary ----------------------
MG level: 0 -> Min. DT: 0.00048886. Max. DT: 3.63407. CFL: 10.
MG level: 1 -> Min. DT: 0.000773823. Max. DT: 5.55371. CFL: 8.11871.
MG level: 2 -> Min. DT: 0.00103939. Max. DT: 7.42504. CFL: 6.5465.
-------------------------------------------------------------------------

----------------------- Residual Evolution Summary ----------------------
log10[Maximum residual]: -6.89757.
Maximum residual point 408, located at (0.61439, 0.0541162).
-------------------------------------------------------------------------

 Iter    Time(s)     Res[Rho]     Res[RhoE]      CL(Total)      CD(Total)
 2188   0.050144    -8.191534     -7.660151       0.030061       0.000454
 2189   0.050135    -8.208581     -7.677867       0.030061       0.000454
 2190   0.050126    -8.226033     -7.696309       0.030061       0.000454
 2191   0.050115    -8.243755     -7.715260       0.030061       0.000454
 2192   0.050116    -8.261537     -7.734417       0.030062       0.000454
 2193   0.050107    -8.279176     -7.753500       0.030062       0.000454
 2194   0.050099    -8.296519     -7.772311       0.030062       0.000454
 2195   0.050091    -8.313486     -7.790757       0.030062       0.000454
 2196   0.050082    -8.330060     -7.808827       0.030062       0.000454
 2197   0.050072    -8.346270     -7.826557       0.030062       0.000454
 2198   0.050072    -8.362165     -7.844005       0.030062       0.000454

-------------------------- File Output Summary --------------------------
Writing comma-separated values (CSV) surface files.
Merging connectivities in the Master node.
Merging coordinates in the Master node.
Merging solution in the Master node.
Writing SU2 native restart file.
Writing Paraview ASCII volume solution file.
Writing Paraview ASCII surface solution file.
Writing the forces breakdown file.
-------------------------------------------------------------------------

 2199   0.050306    -8.377798     -7.861219       0.030062       0.000454
 2200   0.050297    -8.393206     -7.878217       0.030062       0.000454
 2201   0.050291    -8.408386     -7.894954       0.030061       0.000454
 2202   0.050292    -8.423242     -7.911249       0.030061       0.000454
 2203   0.050293    -8.437444     -7.926581       0.030061       0.000454
 2204   0.050283    -8.449505     -7.938722       0.030061       0.000454
 2205   0.050274    -8.467759     -7.960781       0.030061       0.000454
 2206   0.050266    -8.446692     -7.926343       0.030061       0.000454
 2207   0.050257    -8.468998     -7.957247       0.030061       0.000454
 2208   0.050248    -8.449264     -7.928411       0.030061       0.000454
 2209   0.050240    -8.479899     -7.968609       0.030061       0.000454
 2210   0.050230    -8.436056     -7.905154       0.030061       0.000454
 2211   0.050226    -8.491423     -7.983502       0.030061       0.000454
 2212   0.050219    -8.446703     -7.920460       0.030061       0.000454
 2213   0.050210    -8.500150     -7.991869       0.030061       0.000454
 2214   0.050200    -8.507456     -7.992542       0.030061       0.000454
 2215   0.050215    -8.510444     -7.987144       0.030061       0.000454
 2216   0.050238    -8.533127     -8.011183       0.030061       0.000454
 2217   0.050280    -8.547834     -8.024860       0.030060       0.000454
 2218   0.050292    -8.566166     -8.043586       0.030060       0.000454
 2219   0.050300    -8.582731     -8.059667       0.030060       0.000454
 2220   0.050297    -8.596366     -8.071662       0.030060       0.000454
 2221   0.050295    -8.610511     -8.084779       0.030060       0.000454
 2222   0.050286    -8.625961     -8.099750       0.030060       0.000454
 2223   0.050277    -8.642549     -8.116037       0.030060       0.000454
 2224   0.050268    -8.660695     -8.134293       0.030060       0.000454
 2225   0.050264    -8.679525     -8.153401       0.030060       0.000454
 2226   0.050259    -8.698314     -8.172395       0.030060       0.000454
 2227   0.050250    -8.716363     -8.190341       0.030060       0.000454

---------------------- Local Time Stepping Summary ----------------------
MG level: 0 -> Min. DT: 0.00048886. Max. DT: 3.63407. CFL: 10.
MG level: 1 -> Min. DT: 0.000773823. Max. DT: 5.55371. CFL: 8.11871.
MG level: 2 -> Min. DT: 0.00103939. Max. DT: 7.42504. CFL: 6.5465.
-------------------------------------------------------------------------

----------------------- Residual Evolution Summary ----------------------
log10[Maximum residual]: -7.41919.
Maximum residual point 408, located at (0.61439, 0.0541162).
-------------------------------------------------------------------------

 Iter    Time(s)     Res[Rho]     Res[RhoE]      CL(Total)      CD(Total)
 2228   0.050246    -8.733022     -8.206405       0.030060       0.000454
 2229   0.050240    -8.748253     -8.220630       0.030060       0.000454
 2230   0.050236    -8.762465     -8.233672       0.030060       0.000454
 2231   0.050237    -8.776278     -8.246445       0.030060       0.000454
 2232   0.050230    -8.790318     -8.259815       0.030060       0.000454
 2233   0.050223    -8.804952     -8.274244       0.030060       0.000454
 2234   0.050214    -8.820232     -8.289741       0.030060       0.000454
 2235   0.050208    -8.835971     -8.306000       0.030060       0.000454
 2236   0.050202    -8.851886     -8.322609       0.030060       0.000454
 2237   0.050195    -8.867741     -8.339244       0.030060       0.000454
 2238   0.050191    -8.883424     -8.355770       0.030060       0.000454
 2239   0.050186    -8.898953     -8.372229       0.030060       0.000454
 2240   0.050179    -8.914427     -8.388766       0.030060       0.000454
 2241   0.050171    -8.929973     -8.405544       0.030060       0.000454
 2242   0.050168    -8.945698     -8.422687       0.030060       0.000454
 2243   0.050166    -8.961675     -8.440262       0.030060       0.000454
 2244   0.050162    -8.977950     -8.458299       0.030060       0.000454
 2245   0.050154    -8.994563     -8.476815       0.030060       0.000454
 2246   0.050149    -9.011545     -8.495821       0.030060       0.000454
 2247   0.050148    -9.028912     -8.515302       0.030060       0.000454
 2248   0.050141    -9.046626     -8.535159       0.030060       0.000454
 2249   0.050133    -9.064537     -8.555133       0.030060       0.000454
 2250   0.050132    -9.082262     -8.574625       0.030060       0.000454
 2251   0.050124    -9.098441     -8.591586       0.030060       0.000454
 2252   0.050117    -9.118005     -8.613862       0.030060       0.000454
 2253   0.050109    -9.113804     -8.601111       0.030060       0.000454
 2254   0.050102    -9.129548     -8.619880       0.030060       0.000454
 2255   0.050093    -9.114180     -8.596006       0.030060       0.000454
 2256   0.050086    -9.141412     -8.629665       0.030060       0.000454
 2257   0.050078    -9.155829     -8.646870       0.030060       0.000454
 2258   0.050075    -9.148426     -8.628659       0.030060       0.000454
 2259   0.050067    -9.159353     -8.638034       0.030060       0.000454
 2260   0.050060    -9.161784     -8.638181       0.030060       0.000454
 2261   0.050053    -9.167286     -8.640304       0.030060       0.000454
 2262   0.050049    -9.186026     -8.659097       0.030060       0.000454
 2263   0.050043    -9.205787     -8.679985       0.030060       0.000454
 2264   0.050036    -9.232345     -8.710571       0.030060       0.000454
 2265   0.050027    -9.256395     -8.737002       0.030060       0.000454
 2266   0.050021    -9.257735     -8.731314       0.030060       0.000454
 2267   0.050014    -9.249203     -8.713250       0.030060       0.000454

---------------------- Local Time Stepping Summary ----------------------
MG level: 0 -> Min. DT: 0.00048886. Max. DT: 3.63407. CFL: 10.
MG level: 1 -> Min. DT: 0.000773823. Max. DT: 5.55371. CFL: 8.11871.
MG level: 2 -> Min. DT: 0.00103939. Max. DT: 7.42504. CFL: 6.5465.
-------------------------------------------------------------------------

----------------------- Residual Evolution Summary ----------------------
log10[Maximum residual]: -7.99143.
Maximum residual point 408, located at (0.61439, 0.0541162).
-------------------------------------------------------------------------

 Iter    Time(s)     Res[Rho]     Res[RhoE]      CL(Total)      CD(Total)
 2268   0.050009    -9.270206     -8.738317       0.030060       0.000454
 2269   0.050014    -9.278280     -8.746824       0.030060       0.000454
 2270   0.050013    -9.294456     -8.762826       0.030060       0.000454
 2271   0.050007    -9.319787     -8.789328       0.030060       0.000454
 2272   0.049999    -9.346924     -8.818782       0.030060       0.000454
 2273   0.049997    -9.379614     -8.856255       0.030060       0.000454
 2274   0.049991    -9.410359     -8.890359       0.030060       0.000454
 2275   0.049985    -9.432527     -8.911664       0.030060       0.000454
 2276   0.049978    -9.449117     -8.925963       0.030060       0.000454
 2277   0.049971    -9.461266     -8.935018       0.030060       0.000454
 2278   0.049965    -9.474971     -8.946582       0.030060       0.000454
 2279   0.049966    -9.492040     -8.963205       0.030060       0.000454
 2280   0.049960    -9.513850     -8.986730       0.030060       0.000454
 2281   0.049956    -9.540038     -9.016382       0.030060       0.000454
 2282   0.049949    -9.567751     -9.047879       0.030060       0.000454
 2283   0.049943    -9.593749     -9.076469       0.030060       0.000454
 2284   0.049946    -9.615643     -9.099022       0.030060       0.000454
 2285   0.049949    -9.633069     -9.115565       0.030060       0.000454
 2286   0.049943    -9.647332     -9.128377       0.030060       0.000454
 2287   0.049938    -9.660723     -9.140819       0.030060       0.000454
 2288   0.049932    -9.675463     -9.155861       0.030060       0.000454
 2289   0.049932    -9.692689     -9.174773       0.030060       0.000454
 2290   0.049934    -9.712245     -9.196982       0.030060       0.000454
 2291   0.049965    -9.733226     -9.220962       0.030060       0.000454
 2292   0.049966    -9.754488     -9.245006       0.030060       0.000454
 2293   0.049960    -9.774979     -9.267674       0.030060       0.000454
 2294   0.049953    -9.793762     -9.287743       0.030060       0.000454
 2295   0.049946    -9.809929     -9.304056       0.030060       0.000454
 2296   0.049940    -9.821890     -9.314567       0.030060       0.000454
 2297   0.049995    -9.802430     -9.281222       0.030060       0.000454
 2298   0.049989    -9.775686     -9.242078       0.030060       0.000454
 2299   0.049987    -9.776828     -9.244286       0.030060       0.000454
 2300   0.049980    -9.797448     -9.272433       0.030060       0.000454
 2301   0.049973    -9.823697     -9.307379       0.030060       0.000454
 2302   0.049967    -9.838156     -9.321254       0.030060       0.000454
 2303   0.049964    -9.849247     -9.331574       0.030060       0.000454
 2304   0.049960    -9.873858     -9.357782       0.030060       0.000454
 2305   0.049958    -9.895003     -9.379213       0.030060       0.000454
 2306   0.049952    -9.913851     -9.398124       0.030060       0.000454
 2307   0.049949    -9.930908     -9.414855       0.030060       0.000454

---------------------- Local Time Stepping Summary ----------------------
MG level: 0 -> Min. DT: 0.00048886. Max. DT: 3.63407. CFL: 10.
MG level: 1 -> Min. DT: 0.000773823. Max. DT: 5.55371. CFL: 8.11871.
MG level: 2 -> Min. DT: 0.00103939. Max. DT: 7.42504. CFL: 6.5465.
-------------------------------------------------------------------------

----------------------- Residual Evolution Summary ----------------------
log10[Maximum residual]: -8.61205.
Maximum residual point 261, located at (0.5833, 0.0561222).
-------------------------------------------------------------------------

 Iter    Time(s)     Res[Rho]     Res[RhoE]      CL(Total)      CD(Total)
 2308   0.049943    -9.936089     -9.415059       0.030060       0.000454
 2309   0.049940    -9.920465     -9.388155       0.030060       0.000454
 2310   0.049940    -9.895396     -9.351999       0.030060       0.000454
 2311   0.049938    -9.897793     -9.356671       0.030060       0.000454
 2312   0.049932    -9.967047     -9.454214       0.030060       0.000454
 2313   0.049926    -9.930840     -9.402130       0.030060       0.000454
 2314   0.049919    -9.972950     -9.453543       0.030060       0.000454
 2315   0.049912   -10.034888     -9.535587       0.030060       0.000454

-------------------------- File Output Summary --------------------------
Writing comma-separated values (CSV) surface files.
Merging connectivities in the Master node.
Merging coordinates in the Master node.
Merging solution in the Master node.
Writing SU2 native restart file.
Writing Paraview ASCII volume solution file.
Writing Paraview ASCII surface solution file.
Writing the forces breakdown file.
-------------------------------------------------------------------------

History file, closed.

------------------------- Solver Postprocessing -------------------------
Deleted CNumerics container.
Deleted CIntegration container.
Deleted CSolver container.
Deleted CIteration container.
Deleted CInterpolator container.
Deleted CTransfer container.
Deleted CGeometry container.
Deleted CFreeFormDefBox class.
Deleted CSurfaceMovement class.
Deleted CVolumetricMovement class.
Deleted CConfig container.
Deleted COutput class.
-------------------------------------------------------------------------

Completed in 18.452608 seconds on 1 core.

------------------------- Exit Success (SU2_CFD) ------------------------

