
-------------------------------------------------------------------------
|    ___ _   _ ___                                                      |
|   / __| | | |_  )   Release 5.0.0  "Raven"                            |
|   \__ \ |_| |/ /                                                      |
|   |___/\___//___|   Suite (Computational Fluid Dynamics Code)         |
|                                                                       |
-------------------------------------------------------------------------
| SU2 Original Developers: Dr. Francisco D. Palacios.                   |
|                          Dr. Thomas D. Economon.                      |
-------------------------------------------------------------------------
| SU2 Developers:                                                       |
| - Prof. Juan J. Alonso's group at Stanford University.                |
| - Prof. Piero Colonna's group at Delft University of Technology.      |
| - Prof. Nicolas R. Gauger's group at Kaiserslautern U. of Technology. |
| - Prof. Alberto Guardone's group at Polytechnic University of Milan.  |
| - Prof. Rafael Palacios' group at Imperial College London.            |
| - Prof. Edwin van der Weide's group at the University of Twente.      |
| - Prof. Vincent Terrapon's group at the University of Liege.          |
-------------------------------------------------------------------------
| Copyright (C) 2012-2017 SU2, the open-source CFD code.                |
|                                                                       |
| SU2 is free software; you can redistribute it and/or                  |
| modify it under the terms of the GNU Lesser General Public            |
| License as published by the Free Software Foundation; either          |
| version 2.1 of the License, or (at your option) any later version.    |
|                                                                       |
| SU2 is distributed in the hope that it will be useful,                |
| but WITHOUT ANY WARRANTY; without even the implied warranty of        |
| MERCHANTABILITY or FITNESS FOR A PARTICULAR PURPOSE. See the GNU      |
| Lesser General Public License for more details.                       |
|                                                                       |
| You should have received a copy of the GNU Lesser General Public      |
| License along with SU2. If not, see <http://www.gnu.org/licenses/>.   |
-------------------------------------------------------------------------

------------------------ Physical Case Definition -----------------------
Compressible Euler equations.
Mach number: 0.8.
Angle of attack (AoA): 1.25 deg, and angle of sideslip (AoS): 0 deg.
Read flow solution from: solution_flow.dat.
Non-Dimensional simulation (P=1.0, Rho=1.0, T=1.0 at the farfield).
The reference length/area (force coefficient) is 1.
The reference length (moment computation) is 1.
Reference origin (moment computation) is (0.25, 0, 0).
Surface(s) where the force coefficients are evaluated: airfoil.
Surface(s) plotted in the output file: airfoil.
Surface(s) affected by the design variables: airfoil.
Input mesh file name: mesh_deform.su2

---------------------- Space Numerical Integration ----------------------
Jameson-Schmidt-Turkel scheme for the flow inviscid terms.
JST viscous coefficients (1st, 2nd & 4th): 0.15, 0.5, 0.02.
The method includes a grid stretching correction (p = 0.3).
Second order integration.
Gradient computation using Green-Gauss theorem.

---------------------- Time Numerical Integration -----------------------
Local time stepping (steady state simulation).
Euler implicit method for the flow equations.
V Multigrid Cycle, with 2 multigrid levels.
Damping factor for the residual restriction: 1.
Damping factor for the correction prolongation: 1.
No CFL adaptation.
Multigrid Level:                       0     1     2
Courant-Friedrichs-Lewy number:       10
MG PreSmooth coefficients:             1     2     3
MG PostSmooth coefficients:            0     0     0
MG CorrecSmooth coefficients:          0     0     0

------------------------- Convergence Criteria --------------------------
Maximum number of iterations: 1000.
Reduce the density residual 6 orders of magnitude.
The minimum bound for the density residual is 10^(-10).
Start convergence criteria at iteration 10.

-------------------------- Output Information ---------------------------
Writing a flow solution every 250 iterations.
Writing the convergence history every 1 iterations.
The output file format is Paraview ASCII (.vtk).
Convergence history file name: history_direct.
Forces breakdown file name: forces_breakdown.dat.
Surface flow coefficients file name: surface_flow.
Flow variables file name: flow.
Restart flow file name: restart_flow.dat.

------------------- Config File Boundary Information --------------------
Euler wall boundary marker(s): airfoil.
Far-field boundary marker(s): farfield.

---------------------- Read Grid File Information -----------------------
Two dimensional problem.
5233 points.
2 surface markers.
200 boundary elements in index 0 (Marker = airfoil).
50 boundary elements in index 1 (Marker = farfield).
10216 triangles.

------------------------- Geometry Preprocessing ------------------------
Setting point connectivity.
Renumbering points (Reverse Cuthill McKee Ordering).
Recomputing point connectivity.
Setting element connectivity.
Checking the numerical grid orientation.
Identifying edges and vertices.
Computing centers of gravity.
Setting the control volume structure.
Area of the computational grid: 1.25e+03.
Searching for the closest normal neighbors to the surfaces.
Compute the surface curvature.
Max K: 7.84e+03. Mean K: 36.8. Standard deviation K: 495.
Checking for periodicity.
Setting the multigrid structure.
MG level: 0 -> CVs: 5233. Agglomeration rate 1/1.00. CFL 10.
MG level: 1 -> CVs: 1533. Agglomeration rate 1/3.41. CFL 8.12.
MG level: 2 -> CVs: 443. Agglomeration rate 1/3.46. CFL 6.55.
Computing wall distances.
Wetted area = 2.03 m.
Area projection in the x-plane = 0.0906 m, y-plane = 1 m.

------------------------- Driver information --------------------------
A Fluid driver has been instantiated.

------------------------ Iteration Preprocessing ------------------------
Zone 1: Euler/Navier-Stokes/RANS flow iteration.

------------------------- Solver Preprocessing --------------------------
Inviscid flow: Computing density based on free-stream
temperature and pressure using the ideal gas law.
Force coefficients computed using free-stream values.
-- Input conditions:
Fluid Model: STANDARD_AIR 
Specific gas constant: 287.058 N.m/kg.K.
Specific gas constant (non-dim): 1
Specific Heat Ratio: 1.4
Free-stream static pressure: 101325 Pa.
Free-stream total pressure: 154454 Pa.
Free-stream temperature: 288.15 K.
Free-stream density: 1.22498 kg/m^3.
Free-stream velocity: (272.173, 5.93883) m/s. Magnitude: 272.238 m/s (529.186 KTS).
Free-stream total energy per unit mass: 243846 m^2/s^2.
-- Reference values:
Reference specific gas constant: 287.058 N.m/kg.K.
Reference pressure: 101325 Pa.
Reference temperature: 288.15 K.
Reference density: 1.22498 kg/m^3.
Reference velocity: 287.603 m/s.
Reference energy per unit mass: 82715.8 m^2/s^2.
-- Resulting non-dimensional state:
Mach number (non-dim): 0.8
Specific gas constant (non-dim): 1
Free-stream temperature (non-dim): 1
Free-stream pressure (non-dim): 1
Free-stream density (non-dim): 1
Free-stream velocity (non-dim): (0.946348, 0.0206494). Magnitude: 0.946573
Free-stream total energy per unit mass (non-dim): 2.948

Initialize Jacobian structure (Euler). MG level: 0.
Initialize Jacobian structure (Euler). MG level: 1.
Initialize Jacobian structure (Euler). MG level: 2.

----------------- Integration and Numerics Preprocessing ----------------
Integration Preprocessing.
Numerics Preprocessing.

------------------------------ Begin Solver -----------------------------

---------------------- Local Time Stepping Summary ----------------------
MG level: 0 -> Min. DT: 0.000490577. Max. DT: 3.63397. CFL: 10.
MG level: 1 -> Min. DT: 0.00077705. Max. DT: 5.55366. CFL: 8.11871.
MG level: 2 -> Min. DT: 0.00104424. Max. DT: 7.42509. CFL: 6.5465.
-------------------------------------------------------------------------

----------------------- Residual Evolution Summary ----------------------
log10[Maximum residual]: -5.30804.
Maximum residual point 117, located at (0.0744, 0.0259319).
-------------------------------------------------------------------------

 Iter    Time(s)     Res[Rho]     Res[RhoE]      CL(Total)      CD(Total)
 1948   0.057307    -6.395582     -5.799203       0.032451       0.000423
 1949   0.057271    -6.502975     -5.902433       0.032412       0.000398
 1950   0.054138    -6.510122     -5.914964       0.032380       0.000386
 1951   0.052541    -6.504173     -5.907928       0.032352       0.000382
 1952   0.051629    -6.478106     -5.882092       0.032326       0.000381
 1953   0.051047    -6.449538     -5.853430       0.032303       0.000382
 1954   0.050575    -6.446077     -5.852473       0.032282       0.000382
 1955   0.050193    -6.559144     -5.992965       0.032264       0.000382
 1956   0.049925    -6.554514     -5.988419       0.032245       0.000384
 1957   0.049779    -6.550656     -5.982311       0.032231       0.000385
 1958   0.049645    -6.561522     -5.995944       0.032220       0.000388
 1959   0.049756    -6.579999     -6.019650       0.032214       0.000388
 1960   0.049603    -6.595642     -6.036925       0.032209       0.000390
 1961   0.049475    -6.597883     -6.035712       0.032206       0.000391
 1962   0.049380    -6.587730     -6.019265       0.032206       0.000393
 1963   0.049283    -6.574267     -5.998280       0.032209       0.000395
 1964   0.049257    -6.561321     -5.978022       0.032213       0.000397
 1965   0.049162    -6.554400     -5.965482       0.032219       0.000398
 1966   0.049128    -6.556489     -5.964098       0.032225       0.000400
 1967   0.049065    -6.571655     -5.978525       0.032231       0.000401
 1968   0.049026    -6.606093     -6.016566       0.032239       0.000402
 1969   0.049084    -6.670814     -6.093866       0.032246       0.000403
 1970   0.049116    -6.768076     -6.220358       0.032254       0.000406
 1971   0.049073    -6.833333     -6.307070       0.032263       0.000406
 1972   0.049039    -6.861909     -6.335780       0.032272       0.000408
 1973   0.048996    -6.866539     -6.332977       0.032282       0.000409
 1974   0.048938    -6.871748     -6.335535       0.032292       0.000409
 1975   0.048925    -6.864762     -6.323516       0.032302       0.000410
 1976   0.048914    -6.856352     -6.310639       0.032312       0.000410
 1977   0.048929    -6.844405     -6.293972       0.032321       0.000410
 1978   0.048878    -6.834579     -6.280509       0.032330       0.000410
 1979   0.048856    -6.831664     -6.275822       0.032339       0.000409
 1980   0.048821    -6.837904     -6.282356       0.032347       0.000409
 1981   0.048829    -6.853654     -6.300485       0.032355       0.000408
 1982   0.048798    -6.880474     -6.332626       0.032363       0.000408
 1983   0.048788    -6.918749     -6.380205       0.032370       0.000407
 1984   0.048785    -6.962753     -6.436406       0.032377       0.000406
 1985   0.048784    -6.989587     -6.469626       0.032383       0.000405
 1986   0.048752    -6.997881     -6.476895       0.032389       0.000405
 1987   0.048726    -6.991899     -6.463583       0.032394       0.000404

---------------------- Local Time Stepping Summary ----------------------
MG level: 0 -> Min. DT: 0.000490562. Max. DT: 3.63397. CFL: 10.
MG level: 1 -> Min. DT: 0.000776999. Max. DT: 5.55366. CFL: 8.11871.
MG level: 2 -> Min. DT: 0.0010442. Max. DT: 7.42509. CFL: 6.5465.
-------------------------------------------------------------------------

----------------------- Residual Evolution Summary ----------------------
log10[Maximum residual]: -5.86222.
Maximum residual point 405, located at (0.645018, 0.0515107).
-------------------------------------------------------------------------

 Iter    Time(s)     Res[Rho]     Res[RhoE]      CL(Total)      CD(Total)
 1988   0.049021    -6.984856     -6.450747       0.032398       0.000403
 1989   0.049061    -6.984833     -6.448751       0.032401       0.000403
 1990   0.049117    -6.993822     -6.459010       0.032404       0.000402
 1991   0.049092    -7.012255     -6.481578       0.032407       0.000402
 1992   0.049064    -7.035463     -6.510174       0.032409       0.000402
 1993   0.049056    -7.037727     -6.509263       0.032411       0.000398
 1994   0.049029    -7.044279     -6.515894       0.032410       0.000402
 1995   0.049003    -7.015908     -6.475630       0.032411       0.000399
 1996   0.048992    -7.018154     -6.480739       0.032411       0.000399
 1997   0.049006    -7.070300     -6.554476       0.032411       0.000400
 1998   0.048991    -7.071831     -6.550966       0.032410       0.000400
 1999   0.048960    -7.079952     -6.552809       0.032409       0.000400
 2000   0.048930    -7.080851     -6.548500       0.032408       0.000400
 2001   0.048907    -7.068188     -6.528877       0.032407       0.000400
 2002   0.048894    -7.090374     -6.558867       0.032406       0.000400
 2003   0.048880    -7.092321     -6.558193       0.032404       0.000400
 2004   0.048856    -7.087376     -6.546386       0.032403       0.000401
 2005   0.048846    -7.086812     -6.541770       0.032401       0.000401
 2006   0.048820    -7.089025     -6.542149       0.032399       0.000401
 2007   0.048803    -7.097010     -6.550263       0.032398       0.000401
 2008   0.048855    -7.108778     -6.563027       0.032396       0.000401
 2009   0.048865    -7.124288     -6.580347       0.032394       0.000402
 2010   0.048933    -7.141613     -6.599775       0.032392       0.000402
 2011   0.048940    -7.160161     -6.620591       0.032390       0.000402
 2012   0.048927    -7.179343     -6.642102       0.032389       0.000402
 2013   0.048918    -7.199087     -6.664340       0.032387       0.000402
 2014   0.048906    -7.219468     -6.687454       0.032385       0.000402
 2015   0.048889    -7.240310     -6.711175       0.032384       0.000402
 2016   0.048907    -7.259451     -6.732365       0.032382       0.000402
 2017   0.048895    -7.268697     -6.739691       0.032381       0.000402
 2018   0.048880    -7.272320     -6.741674       0.032380       0.000402
 2019   0.048866    -7.287286     -6.759217       0.032379       0.000402
 2020   0.048846    -7.305612     -6.781663       0.032378       0.000403
 2021   0.048829    -7.314107     -6.787574       0.032377       0.000403
 2022   0.048811    -7.316522     -6.784671       0.032377       0.000403
 2023   0.048984    -7.321626     -6.786241       0.032376       0.000403
 2024   0.049063    -7.327874     -6.789960       0.032376       0.000403
 2025   0.049249    -7.338080     -6.798961       0.032376       0.000403
 2026   0.049268    -7.351849     -6.812418       0.032376       0.000403
 2027   0.049299    -7.368358     -6.829179       0.032376       0.000403

---------------------- Local Time Stepping Summary ----------------------
MG level: 0 -> Min. DT: 0.000490565. Max. DT: 3.63397. CFL: 10.
MG level: 1 -> Min. DT: 0.000776997. Max. DT: 5.55366. CFL: 8.11871.
MG level: 2 -> Min. DT: 0.0010442. Max. DT: 7.42509. CFL: 6.5465.
-------------------------------------------------------------------------

----------------------- Residual Evolution Summary ----------------------
log10[Maximum residual]: -6.13177.
Maximum residual point 616, located at (0.638675, 0.0674343).
-------------------------------------------------------------------------

 Iter    Time(s)     Res[Rho]     Res[RhoE]      CL(Total)      CD(Total)
 2028   0.049307    -7.386619     -6.848014       0.032376       0.000403
 2029   0.049313    -7.405945     -6.868168       0.032377       0.000403
 2030   0.049334    -7.426269     -6.889721       0.032377       0.000403
 2031   0.049377    -7.447809     -6.913110       0.032377       0.000403
 2032   0.049362    -7.470798     -6.938744       0.032378       0.000403
 2033   0.049340    -7.495491     -6.967055       0.032378       0.000403
 2034   0.049329    -7.521853     -6.998042       0.032378       0.000403
 2035   0.049317    -7.549678     -7.031350       0.032379       0.000403
 2036   0.049303    -7.577839     -7.065263       0.032379       0.000403
 2037   0.049292    -7.596707     -7.085888       0.032380       0.000403
 2038   0.049276    -7.615758     -7.106453       0.032380       0.000403
 2039   0.049254    -7.585019     -7.057942       0.032381       0.000403
 2040   0.049249    -7.622938     -7.109440       0.032381       0.000403
 2041   0.049237    -7.632886     -7.118480       0.032382       0.000403
 2042   0.049221    -7.622835     -7.098259       0.032382       0.000403
 2043   0.049202    -7.636548     -7.110409       0.032383       0.000403
 2044   0.049185    -7.639331     -7.108975       0.032383       0.000403
 2045   0.049177    -7.655319     -7.126142       0.032383       0.000403
 2046   0.049169    -7.673345     -7.145826       0.032384       0.000403
 2047   0.049155    -7.691451     -7.164959       0.032384       0.000403
 2048   0.049160    -7.707791     -7.181141       0.032384       0.000403
 2049   0.049147    -7.720724     -7.192566       0.032384       0.000403
 2050   0.049134    -7.730883     -7.200345       0.032385       0.000403
 2051   0.049135    -7.739827     -7.206820       0.032385       0.000403
 2052   0.049131    -7.748933     -7.213943       0.032385       0.000403
 2053   0.049121    -7.759110     -7.222854       0.032385       0.000403
 2054   0.049111    -7.770552     -7.233657       0.032385       0.000403
 2055   0.049105    -7.782870     -7.245707       0.032385       0.000403
 2056   0.049096    -7.795505     -7.258209       0.032385       0.000403
 2057   0.049092    -7.807949     -7.270492       0.032385       0.000403
 2058   0.049082    -7.819959     -7.282268       0.032385       0.000403
 2059   0.049069    -7.831545     -7.293589       0.032385       0.000403
 2060   0.049060    -7.842964     -7.304824       0.032385       0.000403
 2061   0.049049    -7.854588     -7.316465       0.032385       0.000403
 2062   0.049039    -7.866811     -7.329015       0.032385       0.000403
 2063   0.049028    -7.880024     -7.342958       0.032384       0.000403
 2064   0.049016    -7.894587     -7.358742       0.032384       0.000403
 2065   0.049005    -7.910815     -7.376757       0.032384       0.000403
 2066   0.049004    -7.928917     -7.397271       0.032384       0.000403
 2067   0.048994    -7.948828     -7.420182       0.032384       0.000403

---------------------- Local Time Stepping Summary ----------------------
MG level: 0 -> Min. DT: 0.000490567. Max. DT: 3.63397. CFL: 10.
MG level: 1 -> Min. DT: 0.000776998. Max. DT: 5.55366. CFL: 8.11871.
MG level: 2 -> Min. DT: 0.0010442. Max. DT: 7.42509. CFL: 6.5465.
-------------------------------------------------------------------------

----------------------- Residual Evolution Summary ----------------------
log10[Maximum residual]: -6.69106.
Maximum residual point 261, located at (0.583327, 0.0560977).
-------------------------------------------------------------------------

 Iter    Time(s)     Res[Rho]     Res[RhoE]      CL(Total)      CD(Total)
 2068   0.048985    -7.969619     -7.444180       0.032384       0.000403
 2069   0.048976    -7.987808     -7.464304       0.032384       0.000403
 2070   0.048965    -7.994987     -7.469359       0.032383       0.000403
 2071   0.048999    -7.994481     -7.466427       0.032383       0.000403
 2072   0.048997    -7.992061     -7.460625       0.032383       0.000403
 2073   0.048990    -8.011297     -7.486969       0.032383       0.000403
 2074   0.048983    -8.029947     -7.509368       0.032383       0.000403
 2075   0.048977    -8.028608     -7.501572       0.032383       0.000403
 2076   0.048969    -8.039176     -7.510261       0.032383       0.000403
 2077   0.048958    -8.050977     -7.521246       0.032383       0.000403
 2078   0.048948    -8.064313     -7.534321       0.032383       0.000403
 2079   0.048940    -8.080943     -7.551713       0.032382       0.000403
 2080   0.048931    -8.098081     -7.569627       0.032382       0.000403
 2081   0.048919    -8.115039     -7.587160       0.032382       0.000403
 2082   0.048910    -8.131414     -7.603854       0.032382       0.000403
 2083   0.048903    -8.146909     -7.619377       0.032382       0.000403
 2084   0.048897    -8.162217     -7.634741       0.032382       0.000403
 2085   0.048890    -8.178074     -7.650979       0.032382       0.000403
 2086   0.048889    -8.195116     -7.668944       0.032382       0.000403
 2087   0.048886    -8.213844     -7.689274       0.032382       0.000403
 2088   0.048874    -8.234372     -7.712055       0.032382       0.000403
 2089   0.048873    -8.256490     -7.736911       0.032382       0.000403
 2090   0.048868    -8.279735     -7.763124       0.032382       0.000403
 2091   0.048859    -8.303495     -7.789778       0.032382       0.000403
 2092   0.048855    -8.327102     -7.815907       0.032382       0.000403
 2093   0.048846    -8.349940     -7.840666       0.032382       0.000403
 2094   0.048847    -8.371642     -7.863640       0.032382       0.000403
 2095   0.048850    -8.392242     -7.885031       0.032382       0.000403
 2096   0.048846    -8.412101     -7.905472       0.032382       0.000403
 2097   0.048839    -8.431663     -7.925637       0.032381       0.000403
 2098   0.048830    -8.451214     -7.945900       0.032381       0.000403
 2099   0.048823    -8.470692     -7.966081       0.032381       0.000403
 2100   0.048819    -8.489467     -7.985171       0.032381       0.000403
 2101   0.048812    -8.495547     -7.986177       0.032381       0.000403
 2102   0.048805    -8.490640     -7.975083       0.032381       0.000403
 2103   0.048797    -8.529533     -8.026912       0.032381       0.000403
 2104   0.048790    -8.543477     -8.038737       0.032381       0.000403
 2105   0.048784    -8.537989     -8.021598       0.032381       0.000403
 2106   0.048776    -8.532975     -8.010634       0.032381       0.000403
 2107   0.048769    -8.547815     -8.027322       0.032381       0.000403

---------------------- Local Time Stepping Summary ----------------------
MG level: 0 -> Min. DT: 0.000490567. Max. DT: 3.63397. CFL: 10.
MG level: 1 -> Min. DT: 0.000776997. Max. DT: 5.55366. CFL: 8.11871.
MG level: 2 -> Min. DT: 0.0010442. Max. DT: 7.42509. CFL: 6.5465.
-------------------------------------------------------------------------

----------------------- Residual Evolution Summary ----------------------
log10[Maximum residual]: -7.23126.
Maximum residual point 261, located at (0.583327, 0.0560977).
-------------------------------------------------------------------------

 Iter    Time(s)     Res[Rho]     Res[RhoE]      CL(Total)      CD(Total)
 2108   0.048765    -8.559129     -8.037558       0.032381       0.000403
 2109   0.048762    -8.574720     -8.053453       0.032381       0.000403
 2110   0.048758    -8.593286     -8.073678       0.032381       0.000403
 2111   0.048755    -8.612079     -8.094090       0.032381       0.000403
 2112   0.048756    -8.631699     -8.115365       0.032381       0.000403
 2113   0.048760    -8.651340     -8.136371       0.032381       0.000403
 2114   0.048756    -8.670027     -8.155869       0.032381       0.000403
 2115   0.048760    -8.687496     -8.173640       0.032381       0.000403
 2116   0.048785    -8.703732     -8.189799       0.032381       0.000403
 2117   0.048779    -8.719430     -8.205420       0.032381       0.000403
 2118   0.048779    -8.735214     -8.221397       0.032381       0.000403
 2119   0.048782    -8.751969     -8.238969       0.032381       0.000403
 2120   0.048778    -8.770530     -8.259284       0.032381       0.000403
 2121   0.048771    -8.790664     -8.281913       0.032381       0.000403
 2122   0.048764    -8.808655     -8.301364       0.032381       0.000403
 2123   0.048759    -8.819699     -8.311159       0.032381       0.000403
 2124   0.048753    -8.827350     -8.315714       0.032381       0.000403
 2125   0.048748    -8.827719     -8.310471       0.032381       0.000403
 2126   0.048797    -8.826347     -8.304205       0.032381       0.000403
 2127   0.048837    -8.826361     -8.300966       0.032381       0.000403
 2128   0.048914    -8.828540     -8.301150       0.032381       0.000403
 2129   0.048942    -8.832999     -8.304442       0.032381       0.000403
 2130   0.049054    -8.839179     -8.309875       0.032381       0.000403
 2131   0.049062    -8.846335     -8.316390       0.032381       0.000403
 2132   0.049056    -8.854117     -8.323572       0.032381       0.000403
 2133   0.049054    -8.862555     -8.331534       0.032381       0.000403
 2134   0.049047    -8.871831     -8.340560       0.032381       0.000403
 2135   0.049045    -8.882066     -8.350820       0.032381       0.000403
 2136   0.049038    -8.893207     -8.362233       0.032381       0.000403
 2137   0.049032    -8.905069     -8.374541       0.032381       0.000403
 2138   0.049028    -8.917426     -8.387442       0.032381       0.000403
 2139   0.049021    -8.930095     -8.400702       0.032381       0.000403
 2140   0.049014    -8.942983     -8.414206       0.032381       0.000403
 2141   0.049007    -8.956047     -8.427903       0.032381       0.000403
 2142   0.049006    -8.969244     -8.441735       0.032381       0.000403
 2143   0.049018    -8.982497     -8.455591       0.032381       0.000403
 2144   0.049017    -8.995704     -8.469334       0.032381       0.000403
 2145   0.049009    -9.008788     -8.482861       0.032381       0.000403
 2146   0.049011    -9.021716     -8.496135       0.032381       0.000403
 2147   0.049006    -9.034503     -8.509189       0.032381       0.000403

---------------------- Local Time Stepping Summary ----------------------
MG level: 0 -> Min. DT: 0.000490567. Max. DT: 3.63397. CFL: 10.
MG level: 1 -> Min. DT: 0.000776997. Max. DT: 5.55366. CFL: 8.11871.
MG level: 2 -> Min. DT: 0.0010442. Max. DT: 7.42509. CFL: 6.5465.
-------------------------------------------------------------------------

----------------------- Residual Evolution Summary ----------------------
log10[Maximum residual]: -7.76256.
Maximum residual point 407, located at (0.551908, 0.0576839).
-------------------------------------------------------------------------

 Iter    Time(s)     Res[Rho]     Res[RhoE]      CL(Total)      CD(Total)
 2148   0.049005    -9.047202     -8.522099       0.032381       0.000403
 2149   0.049010    -9.059900     -8.534982       0.032381       0.000403
 2150   0.049012    -9.072704     -8.547984       0.032381       0.000403
 2151   0.049008    -9.085744     -8.561277       0.032381       0.000403
 2152   0.049009    -9.099164     -8.575048       0.032381       0.000403
 2153   0.049024    -9.113119     -8.589495       0.032381       0.000403
 2154   0.049020    -9.127764     -8.604819       0.032381       0.000403
 2155   0.049015    -9.143249     -8.621211       0.032381       0.000403
 2156   0.049014    -9.159709     -8.638843       0.032381       0.000403
 2157   0.049010    -9.177259     -8.657860       0.032381       0.000403
 2158   0.049009    -9.195975     -8.678357       0.032381       0.000403
 2159   0.049003    -9.215884     -8.700359       0.032381       0.000403
 2160   0.048995    -9.236923     -8.723771       0.032381       0.000403
 2161   0.048991    -9.258889     -8.748299       0.032381       0.000403
 2162   0.048984    -9.281338     -8.773304       0.032381       0.000403
 2163   0.048980    -9.303333     -8.797438       0.032381       0.000403
 2164   0.048976    -9.322049     -8.816630       0.032381       0.000403
 2165   0.048975    -9.332936     -8.825390       0.032381       0.000403
 2166   0.048967    -9.349160     -8.842291       0.032381       0.000403
 2167   0.048960    -9.364395     -8.857459       0.032381       0.000403
 2168   0.048957    -9.377012     -8.868314       0.032381       0.000403
 2169   0.048979    -9.384899     -8.872693       0.032381       0.000403
 2170   0.049000    -9.393562     -8.879127       0.032381       0.000403
 2171   0.049007    -9.402607     -8.886534       0.032381       0.000403
 2172   0.049033    -9.412859     -8.895783       0.032381       0.000403
 2173   0.049056    -9.423996     -8.906228       0.032381       0.000403
 2174   0.049061    -9.435155     -8.916612       0.032381       0.000403
 2175   0.049074    -9.445384     -8.925631       0.032381       0.000403
 2176   0.049088    -9.454202     -8.932758       0.032381       0.000403
 2177   0.049089    -9.461856     -8.938473       0.032381       0.000403
 2178   0.049085    -9.468979     -8.943712       0.032381       0.000403
 2179   0.049090    -9.476300     -8.949455       0.032381       0.000403
 2180   0.049087    -9.484259     -8.956227       0.032381       0.000403
 2181   0.049081    -9.492945     -8.964071       0.032381       0.000403
 2182   0.049073    -9.502191     -8.972698       0.032381       0.000403
 2183   0.049067    -9.511744     -8.981736       0.032381       0.000403
 2184   0.049061    -9.521397     -8.990898       0.032381       0.000403
 2185   0.049054    -9.531042     -9.000047       0.032381       0.000403
 2186   0.049048    -9.540645     -9.009145       0.032381       0.000403
 2187   0.049042    -9.550195     -9.018185       0.032381       0.000403

---------------------- Local Time Stepping Summary ----------------------
MG level: 0 -> Min. DT: 0.000490566. Max. DT: 3.63397. CFL: 10.
MG level: 1 -> Min. DT: 0.000776997. Max. DT: 5.55366. CFL: 8.11871.
MG level: 2 -> Min. DT: 0.0010442. Max. DT: 7.42509. CFL: 6.5465.
-------------------------------------------------------------------------

----------------------- Residual Evolution Summary ----------------------
log10[Maximum residual]: -8.32497.
Maximum residual point 407, located at (0.551908, 0.0576839).
-------------------------------------------------------------------------

 Iter    Time(s)     Res[Rho]     Res[RhoE]      CL(Total)      CD(Total)
 2188   0.049042    -9.559681     -9.027155       0.032381       0.000403
 2189   0.049052    -9.569095     -9.036045       0.032381       0.000403
 2190   0.049052    -9.578454     -9.044885       0.032381       0.000403
 2191   0.049051    -9.587822     -9.053762       0.032381       0.000403
 2192   0.049051    -9.597301     -9.062817       0.032381       0.000403
 2193   0.049070    -9.607019     -9.072217       0.032381       0.000403
 2194   0.049079    -9.617092     -9.082111       0.032381       0.000403
 2195   0.049075    -9.627605     -9.092602       0.032381       0.000403
 2196   0.049082    -9.638594     -9.103727       0.032381       0.000403
 2197   0.049080    -9.650046     -9.115457       0.032381       0.000403
 2198   0.049077    -9.661907     -9.127712       0.032381       0.000403

-------------------------- File Output Summary --------------------------
Writing comma-separated values (CSV) surface files.
Merging connectivities in the Master node.
Merging coordinates in the Master node.
Merging solution in the Master node.
Writing SU2 native restart file.
Writing Paraview ASCII volume solution file.
Writing Paraview ASCII surface solution file.
Writing the forces breakdown file.
-------------------------------------------------------------------------

 2199   0.049312    -9.674092     -9.140371       0.032381       0.000403
 2200   0.049306    -9.686498     -9.153293       0.032381       0.000403
 2201   0.049298    -9.699014     -9.166329       0.032381       0.000403
 2202   0.049293    -9.711534     -9.179339       0.032381       0.000403
 2203   0.049289    -9.723967     -9.192204       0.032381       0.000403
 2204   0.049284    -9.736242     -9.204835       0.032381       0.000403
 2205   0.049281    -9.748319     -9.217185       0.032381       0.000403
 2206   0.049278    -9.760186     -9.229247       0.032381       0.000403
 2207   0.049273    -9.771864     -9.241053       0.032381       0.000403
 2208   0.049276    -9.783395     -9.252664       0.032381       0.000403
 2209   0.049272    -9.794840     -9.264163       0.032381       0.000403
 2210   0.049270    -9.806268     -9.275641       0.032381       0.000403
 2211   0.049266    -9.817751     -9.287191       0.032381       0.000403
 2212   0.049266    -9.829361     -9.298902       0.032381       0.000403
 2213   0.049262    -9.841167     -9.310859       0.032381       0.000403
 2214   0.049255    -9.853231     -9.323139       0.032381       0.000403
 2215   0.049251    -9.865612     -9.335810       0.032381       0.000403
 2216   0.049250    -9.878364     -9.348939       0.032381       0.000403
 2217   0.049252    -9.891536     -9.362584       0.032381       0.000403
 2218   0.049251    -9.905176     -9.376802       0.032381       0.000403
 2219   0.049248    -9.919327     -9.391646       0.032381       0.000403
 2220   0.049240    -9.934028     -9.407165       0.032381       0.000403
 2221   0.049234    -9.949319     -9.423403       0.032381       0.000403
 2222   0.049228    -9.965229     -9.440399       0.032381       0.000403
 2223   0.049226    -9.981784     -9.458182       0.032381       0.000403
 2224   0.049221    -9.999002     -9.476769       0.032381       0.000403
 2225   0.049235   -10.016890     -9.496163       0.032381       0.000403

-------------------------- File Output Summary --------------------------
Writing comma-separated values (CSV) surface files.
Merging connectivities in the Master node.
Merging coordinates in the Master node.
Merging solution in the Master node.
Writing SU2 native restart file.
Writing Paraview ASCII volume solution file.
Writing Paraview ASCII surface solution file.
Writing the forces breakdown file.
-------------------------------------------------------------------------

History file, closed.

------------------------- Solver Postprocessing -------------------------
Deleted CNumerics container.
Deleted CIntegration container.
Deleted CSolver container.
Deleted CIteration container.
Deleted CInterpolator container.
Deleted CTransfer container.
Deleted CGeometry container.
Deleted CFreeFormDefBox class.
Deleted CSurfaceMovement class.
Deleted CVolumetricMovement class.
Deleted CConfig container.
Deleted COutput class.
-------------------------------------------------------------------------

Completed in 13.794281 seconds on 1 core.

------------------------- Exit Success (SU2_CFD) ------------------------

