
-------------------------------------------------------------------------
|    ___ _   _ ___                                                      |
|   / __| | | |_  )   Release 5.0.0  "Raven"                            |
|   \__ \ |_| |/ /                                                      |
|   |___/\___//___|   Suite (Computational Fluid Dynamics Code)         |
|                                                                       |
-------------------------------------------------------------------------
| SU2 Original Developers: Dr. Francisco D. Palacios.                   |
|                          Dr. Thomas D. Economon.                      |
-------------------------------------------------------------------------
| SU2 Developers:                                                       |
| - Prof. Juan J. Alonso's group at Stanford University.                |
| - Prof. Piero Colonna's group at Delft University of Technology.      |
| - Prof. Nicolas R. Gauger's group at Kaiserslautern U. of Technology. |
| - Prof. Alberto Guardone's group at Polytechnic University of Milan.  |
| - Prof. Rafael Palacios' group at Imperial College London.            |
| - Prof. Edwin van der Weide's group at the University of Twente.      |
| - Prof. Vincent Terrapon's group at the University of Liege.          |
-------------------------------------------------------------------------
| Copyright (C) 2012-2017 SU2, the open-source CFD code.                |
|                                                                       |
| SU2 is free software; you can redistribute it and/or                  |
| modify it under the terms of the GNU Lesser General Public            |
| License as published by the Free Software Foundation; either          |
| version 2.1 of the License, or (at your option) any later version.    |
|                                                                       |
| SU2 is distributed in the hope that it will be useful,                |
| but WITHOUT ANY WARRANTY; without even the implied warranty of        |
| MERCHANTABILITY or FITNESS FOR A PARTICULAR PURPOSE. See the GNU      |
| Lesser General Public License for more details.                       |
|                                                                       |
| You should have received a copy of the GNU Lesser General Public      |
| License along with SU2. If not, see <http://www.gnu.org/licenses/>.   |
-------------------------------------------------------------------------

------------------------ Physical Case Definition -----------------------
Compressible Euler equations.
Mach number: 0.8.
Angle of attack (AoA): 1.25 deg, and angle of sideslip (AoS): 0 deg.
Read flow solution from: solution_flow.dat.
Non-Dimensional simulation (P=1.0, Rho=1.0, T=1.0 at the farfield).
The reference length/area (force coefficient) is 1.
The reference length (moment computation) is 1.
Reference origin (moment computation) is (0.25, 0, 0).
Surface(s) where the force coefficients are evaluated: airfoil.
Surface(s) plotted in the output file: airfoil.
Surface(s) affected by the design variables: airfoil.
Input mesh file name: mesh_deform.su2

---------------------- Space Numerical Integration ----------------------
Jameson-Schmidt-Turkel scheme for the flow inviscid terms.
JST viscous coefficients (1st, 2nd & 4th): 0.15, 0.5, 0.02.
The method includes a grid stretching correction (p = 0.3).
Second order integration.
Gradient computation using Green-Gauss theorem.

---------------------- Time Numerical Integration -----------------------
Local time stepping (steady state simulation).
Euler implicit method for the flow equations.
V Multigrid Cycle, with 2 multigrid levels.
Damping factor for the residual restriction: 1.
Damping factor for the correction prolongation: 1.
No CFL adaptation.
Multigrid Level:                       0     1     2
Courant-Friedrichs-Lewy number:       10
MG PreSmooth coefficients:             1     2     3
MG PostSmooth coefficients:            0     0     0
MG CorrecSmooth coefficients:          0     0     0

------------------------- Convergence Criteria --------------------------
Maximum number of iterations: 1000.
Reduce the density residual 6 orders of magnitude.
The minimum bound for the density residual is 10^(-10).
Start convergence criteria at iteration 10.

-------------------------- Output Information ---------------------------
Writing a flow solution every 250 iterations.
Writing the convergence history every 1 iterations.
The output file format is Paraview ASCII (.vtk).
Convergence history file name: history_direct.
Forces breakdown file name: forces_breakdown.dat.
Surface flow coefficients file name: surface_flow.
Flow variables file name: flow.
Restart flow file name: restart_flow.dat.

------------------- Config File Boundary Information --------------------
Euler wall boundary marker(s): airfoil.
Far-field boundary marker(s): farfield.

---------------------- Read Grid File Information -----------------------
Two dimensional problem.
5233 points.
2 surface markers.
200 boundary elements in index 0 (Marker = airfoil).
50 boundary elements in index 1 (Marker = farfield).
10216 triangles.

------------------------- Geometry Preprocessing ------------------------
Setting point connectivity.
Renumbering points (Reverse Cuthill McKee Ordering).
Recomputing point connectivity.
Setting element connectivity.
Checking the numerical grid orientation.
Identifying edges and vertices.
Computing centers of gravity.
Setting the control volume structure.
Area of the computational grid: 1.25e+03.
Searching for the closest normal neighbors to the surfaces.
Compute the surface curvature.
Max K: 7.84e+03. Mean K: 37. Standard deviation K: 495.
Checking for periodicity.
Setting the multigrid structure.
MG level: 0 -> CVs: 5233. Agglomeration rate 1/1.00. CFL 10.
MG level: 1 -> CVs: 1533. Agglomeration rate 1/3.41. CFL 8.12.
MG level: 2 -> CVs: 443. Agglomeration rate 1/3.46. CFL 6.55.
Computing wall distances.
Wetted area = 2.03 m.
Area projection in the x-plane = 0.0913 m, y-plane = 1 m.

------------------------- Driver information --------------------------
A Fluid driver has been instantiated.

------------------------ Iteration Preprocessing ------------------------
Zone 1: Euler/Navier-Stokes/RANS flow iteration.

------------------------- Solver Preprocessing --------------------------
Inviscid flow: Computing density based on free-stream
temperature and pressure using the ideal gas law.
Force coefficients computed using free-stream values.
-- Input conditions:
Fluid Model: STANDARD_AIR 
Specific gas constant: 287.058 N.m/kg.K.
Specific gas constant (non-dim): 1
Specific Heat Ratio: 1.4
Free-stream static pressure: 101325 Pa.
Free-stream total pressure: 154454 Pa.
Free-stream temperature: 288.15 K.
Free-stream density: 1.22498 kg/m^3.
Free-stream velocity: (272.173, 5.93883) m/s. Magnitude: 272.238 m/s (529.186 KTS).
Free-stream total energy per unit mass: 243846 m^2/s^2.
-- Reference values:
Reference specific gas constant: 287.058 N.m/kg.K.
Reference pressure: 101325 Pa.
Reference temperature: 288.15 K.
Reference density: 1.22498 kg/m^3.
Reference velocity: 287.603 m/s.
Reference energy per unit mass: 82715.8 m^2/s^2.
-- Resulting non-dimensional state:
Mach number (non-dim): 0.8
Specific gas constant (non-dim): 1
Free-stream temperature (non-dim): 1
Free-stream pressure (non-dim): 1
Free-stream density (non-dim): 1
Free-stream velocity (non-dim): (0.946348, 0.0206494). Magnitude: 0.946573
Free-stream total energy per unit mass (non-dim): 2.948

Initialize Jacobian structure (Euler). MG level: 0.
Initialize Jacobian structure (Euler). MG level: 1.
Initialize Jacobian structure (Euler). MG level: 2.

----------------- Integration and Numerics Preprocessing ----------------
Integration Preprocessing.
Numerics Preprocessing.

------------------------------ Begin Solver -----------------------------

---------------------- Local Time Stepping Summary ----------------------
MG level: 0 -> Min. DT: 0.000493003. Max. DT: 3.6337. CFL: 10.
MG level: 1 -> Min. DT: 0.000782011. Max. DT: 5.55343. CFL: 8.11871.
MG level: 2 -> Min. DT: 0.00105148. Max. DT: 7.42491. CFL: 6.5465.
-------------------------------------------------------------------------

----------------------- Residual Evolution Summary ----------------------
log10[Maximum residual]: -4.26644.
Maximum residual point 143, located at (0.40197, 0.0461422).
-------------------------------------------------------------------------

 Iter    Time(s)     Res[Rho]     Res[RhoE]      CL(Total)      CD(Total)
  578   0.058284    -5.411965     -4.815586       0.038806       0.000069
  579   0.055297    -5.479280     -4.878136       0.038187       0.000063
  580   0.052968    -5.504781     -4.910253       0.037792       0.000025
  581   0.051698    -5.502615     -4.908164       0.037458       0.000051
  582   0.054925    -5.459724     -4.865700       0.037093       0.000094
  583   0.053848    -5.416917     -4.823343       0.036749       0.000130
  584   0.053095    -5.395771     -4.804851       0.036429       0.000169
  585   0.052651    -5.383815     -4.794985       0.036119       0.000204
  586   0.052189    -5.373805     -4.785267       0.035823       0.000231
  587   0.051806    -5.365971     -4.777157       0.035547       0.000254
  588   0.051515    -5.375428     -4.788918       0.035291       0.000266
  589   0.051506    -5.417353     -4.839989       0.035041       0.000265
  590   0.051311    -5.486632     -4.927637       0.034789       0.000253
  591   0.051077    -5.554896     -5.021704       0.034555       0.000330
  592   0.050879    -5.545493     -5.012022       0.034396       0.000328
  593   0.050794    -5.522256     -4.980660       0.034279       0.000346
  594   0.050655    -5.506922     -4.959572       0.034177       0.000377
  595   0.050510    -5.493294     -4.941094       0.034101       0.000401
  596   0.050373    -5.476324     -4.918667       0.034050       0.000419
  597   0.050286    -5.463539     -4.901557       0.034017       0.000436
  598   0.050229    -5.460164     -4.895765       0.033997       0.000452
  599   0.050173    -5.469318     -4.904787       0.033986       0.000466
  600   0.050144    -5.493501     -4.931911       0.033984       0.000479
  601   0.050095    -5.536331     -4.982976       0.033990       0.000487
  602   0.050011    -5.592931     -5.054324       0.033999       0.000491
  603   0.049990    -5.627630     -5.098579       0.034016       0.000492
  604   0.049954    -5.641869     -5.118159       0.034041       0.000492
  605   0.049865    -5.630053     -5.096915       0.034070       0.000491
  606   0.049833    -5.609945     -5.065725       0.034102       0.000490
  607   0.049764    -5.594609     -5.043214       0.034135       0.000487
  608   0.049709    -5.586136     -5.030906       0.034166       0.000484
  609   0.049635    -5.585505     -5.028731       0.034196       0.000481
  610   0.049595    -5.591524     -5.034500       0.034224       0.000477
  611   0.049573    -5.602758     -5.046250       0.034251       0.000474
  612   0.049592    -5.618575     -5.063360       0.034276       0.000471
  613   0.049543    -5.639207     -5.086407       0.034300       0.000469
  614   0.049501    -5.665099     -5.116243       0.034324       0.000467
  615   0.049460    -5.696435     -5.153419       0.034345       0.000465
  616   0.049412    -5.732247     -5.197012       0.034366       0.000464
  617   0.049384    -5.768993     -5.242396       0.034383       0.000461

---------------------- Local Time Stepping Summary ----------------------
MG level: 0 -> Min. DT: 0.000492937. Max. DT: 3.6337. CFL: 10.
MG level: 1 -> Min. DT: 0.00078186. Max. DT: 5.55347. CFL: 8.11871.
MG level: 2 -> Min. DT: 0.00105129. Max. DT: 7.42495. CFL: 6.5465.
-------------------------------------------------------------------------

----------------------- Residual Evolution Summary ----------------------
log10[Maximum residual]: -4.77243.
Maximum residual point 1183, located at (0.596956, 0.129553).
-------------------------------------------------------------------------

 Iter    Time(s)     Res[Rho]     Res[RhoE]      CL(Total)      CD(Total)
  618   0.049348    -5.793502     -5.270360       0.034394       0.000471
  619   0.049335    -5.818417     -5.304698       0.034414       0.000461
  620   0.049338    -5.829884     -5.312419       0.034423       0.000460
  621   0.049329    -5.814854     -5.287727       0.034427       0.000461
  622   0.049306    -5.817854     -5.289596       0.034430       0.000459
  623   0.049311    -5.824723     -5.296229       0.034432       0.000458
  624   0.049569    -5.838938     -5.312376       0.034430       0.000457
  625   0.049719    -5.857748     -5.334733       0.034426       0.000456
  626   0.049954    -5.874168     -5.353237       0.034421       0.000455
  627   0.049958    -5.880780     -5.357126       0.034414       0.000454
  628   0.050119    -5.887388     -5.362384       0.034407       0.000453
  629   0.050163    -5.905887     -5.386204       0.034398       0.000452
  630   0.050156    -5.930495     -5.417835       0.034389       0.000451
  631   0.050130    -5.950616     -5.440421       0.034380       0.000450
  632   0.050101    -5.965293     -5.454874       0.034370       0.000450
  633   0.050103    -5.975152     -5.463353       0.034361       0.000450
  634   0.050343    -5.984990     -5.472817       0.034352       0.000449
  635   0.050309    -5.992784     -5.479601       0.034342       0.000448
  636   0.050266    -5.999123     -5.484079       0.034331       0.000449
  637   0.050234    -6.008866     -5.493769       0.034321       0.000449
  638   0.050197    -6.027445     -5.517316       0.034310       0.000452
  639   0.050231    -6.045587     -5.539141       0.034301       0.000453
  640   0.050193    -6.056104     -5.546924       0.034292       0.000452
  641   0.050156    -6.064418     -5.552239       0.034282       0.000452
  642   0.050116    -6.078151     -5.567137       0.034272       0.000452
  643   0.050090    -6.096834     -5.589392       0.034263       0.000450
  644   0.050058    -6.115170     -5.609506       0.034253       0.000453
  645   0.050032    -6.122010     -5.611896       0.034247       0.000451
  646   0.050008    -6.136100     -5.626299       0.034240       0.000451
  647   0.049972    -6.151083     -5.642243       0.034233       0.000451
  648   0.049961    -6.164399     -5.654643       0.034227       0.000451
  649   0.049938    -6.179006     -5.669042       0.034222       0.000450
  650   0.049915    -6.191430     -5.680471       0.034218       0.000450
  651   0.049889    -6.203940     -5.692279       0.034215       0.000450
  652   0.049862    -6.215694     -5.703158       0.034212       0.000449
  653   0.049841    -6.227882     -5.714811       0.034210       0.000449
  654   0.049816    -6.241092     -5.727875       0.034209       0.000448
  655   0.049806    -6.255200     -5.742059       0.034209       0.000448
  656   0.049781    -6.271624     -5.759325       0.034209       0.000448
  657   0.049755    -6.289882     -5.778782       0.034209       0.000447

---------------------- Local Time Stepping Summary ----------------------
MG level: 0 -> Min. DT: 0.000492936. Max. DT: 3.6337. CFL: 10.
MG level: 1 -> Min. DT: 0.000781839. Max. DT: 5.55347. CFL: 8.11871.
MG level: 2 -> Min. DT: 0.00105129. Max. DT: 7.42495. CFL: 6.5465.
-------------------------------------------------------------------------

----------------------- Residual Evolution Summary ----------------------
log10[Maximum residual]: -5.11359.
Maximum residual point 357, located at (0.520343, 0.0587348).
-------------------------------------------------------------------------

 Iter    Time(s)     Res[Rho]     Res[RhoE]      CL(Total)      CD(Total)
  658   0.049730    -6.309390     -5.799434       0.034210       0.000447
  659   0.049713    -6.327050     -5.816863       0.034211       0.000447
  660   0.049713    -6.338972     -5.826564       0.034212       0.000447
  661   0.049690    -6.347101     -5.832639       0.034213       0.000447
  662   0.049667    -6.363220     -5.850714       0.034214       0.000447
  663   0.049645    -6.383816     -5.873619       0.034215       0.000447
  664   0.049630    -6.390588     -5.874978       0.034215       0.000447
  665   0.049609    -6.402657     -5.884333       0.034215       0.000446
  666   0.049591    -6.418942     -5.900330       0.034214       0.000446
  667   0.049572    -6.435212     -5.916192       0.034213       0.000446
  668   0.049551    -6.453276     -5.934228       0.034212       0.000446
  669   0.049532    -6.472212     -5.953321       0.034211       0.000446
  670   0.049546    -6.491132     -5.972274       0.034209       0.000446
  671   0.049558    -6.509852     -5.990893       0.034207       0.000446
  672   0.049547    -6.528675     -6.009682       0.034205       0.000445
  673   0.049530    -6.548138     -6.029447       0.034202       0.000445
  674   0.049515    -6.568781     -6.050923       0.034200       0.000445
  675   0.049507    -6.591095     -6.074755       0.034198       0.000445
  676   0.049612    -6.615309     -6.101236       0.034196       0.000445
  677   0.049596    -6.641515     -6.130476       0.034193       0.000444
  678   0.049604    -6.669388     -6.161967       0.034191       0.000444
  679   0.049597    -6.698065     -6.194336       0.034189       0.000445
  680   0.049630    -6.722546     -6.219824       0.034188       0.000443
  681   0.049614    -6.741254     -6.238665       0.034186       0.000444
  682   0.049604    -6.724374     -6.206760       0.034184       0.000444
  683   0.049762    -6.752138     -6.243693       0.034183       0.000444
  684   0.049749    -6.782070     -6.281696       0.034181       0.000444
  685   0.049734    -6.791129     -6.283337       0.034180       0.000444
  686   0.049720    -6.796009     -6.280940       0.034179       0.000444
  687   0.049701    -6.802242     -6.282311       0.034178       0.000444
  688   0.049683    -6.808551     -6.285099       0.034177       0.000444
  689   0.049667    -6.820020     -6.295529       0.034176       0.000444
  690   0.049662    -6.835728     -6.311981       0.034175       0.000444
  691   0.049661    -6.854621     -6.332670       0.034175       0.000444
  692   0.049643    -6.874933     -6.354955       0.034175       0.000444
  693   0.049623    -6.894400     -6.375598       0.034175       0.000444
  694   0.049611    -6.911376     -6.392446       0.034175       0.000444
  695   0.049604    -6.925449     -6.405240       0.034175       0.000444
  696   0.049593    -6.937122     -6.414962       0.034175       0.000444
  697   0.049603    -6.947455     -6.423216       0.034176       0.000444

---------------------- Local Time Stepping Summary ----------------------
MG level: 0 -> Min. DT: 0.000492946. Max. DT: 3.6337. CFL: 10.
MG level: 1 -> Min. DT: 0.000781843. Max. DT: 5.55347. CFL: 8.11871.
MG level: 2 -> Min. DT: 0.00105129. Max. DT: 7.42495. CFL: 6.5465.
-------------------------------------------------------------------------

----------------------- Residual Evolution Summary ----------------------
log10[Maximum residual]: -5.76275.
Maximum residual point 617, located at (0.560748, 0.072863).
-------------------------------------------------------------------------

 Iter    Time(s)     Res[Rho]     Res[RhoE]      CL(Total)      CD(Total)
  698   0.049587    -6.957475     -6.431407       0.034176       0.000444
  699   0.049571    -6.967843     -6.440348       0.034177       0.000444
  700   0.049561    -6.978918     -6.450424       0.034178       0.000444
  701   0.049564    -6.990815     -6.461705       0.034179       0.000444
  702   0.049551    -7.003508     -6.474103       0.034179       0.000444
  703   0.049653    -7.016924     -6.487487       0.034180       0.000444
  704   0.049704    -7.030980     -6.501732       0.034181       0.000444
  705   0.049689    -7.045638     -6.516782       0.034182       0.000444
  706   0.049684    -7.060892     -6.532617       0.034183       0.000444
  707   0.049671    -7.076740     -6.549259       0.034184       0.000444
  708   0.049660    -7.093284     -6.566845       0.034185       0.000444
  709   0.049652    -7.110605     -6.585488       0.034185       0.000444
  710   0.049654    -7.128834     -6.605364       0.034186       0.000444
  711   0.049650    -7.148177     -6.626731       0.034187       0.000444
  712   0.049640    -7.168617     -6.649527       0.034188       0.000444
  713   0.049633    -7.190034     -6.673556       0.034189       0.000444
  714   0.049624    -7.212238     -6.698525       0.034190       0.000444
  715   0.049629    -7.235050     -6.724170       0.034190       0.000444
  716   0.049612    -7.258249     -6.750148       0.034191       0.000444
  717   0.049601    -7.281520     -6.775974       0.034192       0.000444
  718   0.049589    -7.304368     -6.800914       0.034193       0.000444
  719   0.049575    -7.326390     -6.824394       0.034194       0.000444
  720   0.049566    -7.347246     -6.846003       0.034195       0.000444
  721   0.049574    -7.366711     -6.865563       0.034195       0.000444
  722   0.049562    -7.384841     -6.883294       0.034196       0.000444
  723   0.049550    -7.401887     -6.899665       0.034197       0.000444
  724   0.049606    -7.418251     -6.915286       0.034198       0.000444
  725   0.049669    -7.434252     -6.930583       0.034199       0.000444
  726   0.049736    -7.450136     -6.945849       0.034199       0.000444
  727   0.049759    -7.466192     -6.961451       0.034200       0.000444
  728   0.049801    -7.482670     -6.977700       0.034201       0.000444
  729   0.049824    -7.499653     -6.994661       0.034201       0.000444
  730   0.049826    -7.517017     -7.012111       0.034202       0.000444
  731   0.049814    -7.534563     -7.029751       0.034203       0.000444
  732   0.049802    -7.552180     -7.047446       0.034203       0.000444
  733   0.049792    -7.569901     -7.065274       0.034204       0.000444
  734   0.049782    -7.587844     -7.083418       0.034204       0.000444
  735   0.049772    -7.606066     -7.101941       0.034204       0.000444
  736   0.049767    -7.624459     -7.120648       0.034205       0.000444
  737   0.049763    -7.642722     -7.139078       0.034205       0.000444

---------------------- Local Time Stepping Summary ----------------------
MG level: 0 -> Min. DT: 0.00049294. Max. DT: 3.6337. CFL: 10.
MG level: 1 -> Min. DT: 0.000781841. Max. DT: 5.55347. CFL: 8.11871.
MG level: 2 -> Min. DT: 0.00105129. Max. DT: 7.42495. CFL: 6.5465.
-------------------------------------------------------------------------

----------------------- Residual Evolution Summary ----------------------
log10[Maximum residual]: -6.48125.
Maximum residual point 1072, located at (0.515788, 0.134473).
-------------------------------------------------------------------------

 Iter    Time(s)     Res[Rho]     Res[RhoE]      CL(Total)      CD(Total)
  738   0.049749    -7.660408     -7.156585       0.034206       0.000444
  739   0.049736    -7.677031     -7.172524       0.034206       0.000444
  740   0.049724    -7.692232     -7.186476       0.034206       0.000444
  741   0.049713    -7.705893     -7.198402       0.034206       0.000444
  742   0.049702    -7.718124     -7.208570       0.034207       0.000444
  743   0.049691    -7.729140     -7.217345       0.034207       0.000444
  744   0.049684    -7.739150     -7.225039       0.034207       0.000444
  745   0.049689    -7.748334     -7.231889       0.034208       0.000444
  746   0.049678    -7.756846     -7.238079       0.034208       0.000444
  747   0.049670    -7.764832     -7.243780       0.034208       0.000444
  748   0.049667    -7.772449     -7.249165       0.034209       0.000444
  749   0.049660    -7.779867     -7.254428       0.034209       0.000444
  750   0.049655    -7.787271     -7.259776       0.034209       0.000444
  751   0.049665    -7.794854     -7.265434       0.034210       0.000444
  752   0.049666    -7.802823     -7.271642       0.034210       0.000444
  753   0.049658    -7.811387     -7.278653       0.034210       0.000444
  754   0.049654    -7.820765     -7.286734       0.034211       0.000444
  755   0.049642    -7.831173     -7.296153       0.034211       0.000444
  756   0.049635    -7.842820     -7.307174       0.034212       0.000444
  757   0.049627    -7.855888     -7.320036       0.034212       0.000444
  758   0.049617    -7.870521     -7.334930       0.034212       0.000444
  759   0.049607    -7.886799     -7.351965       0.034212       0.000444
  760   0.049598    -7.904714     -7.371143       0.034213       0.000444
  761   0.049598    -7.924151     -7.392311       0.034213       0.000444
  762   0.049590    -7.944865     -7.415142       0.034213       0.000444
  763   0.049581    -7.966479     -7.439110       0.034214       0.000444
  764   0.049572    -7.988490     -7.463510       0.034214       0.000444
  765   0.049578    -8.010309     -7.487505       0.034214       0.000444
  766   0.049569    -8.031318     -7.510234       0.034214       0.000444
  767   0.049567    -8.050968     -7.530957       0.034215       0.000444
  768   0.049561    -8.068878     -7.549214       0.034215       0.000444
  769   0.049553    -8.084911     -7.564914       0.034215       0.000444
  770   0.049543    -8.099163     -7.578297       0.034215       0.000444
  771   0.049533    -8.111899     -7.589809       0.034216       0.000444
  772   0.049523    -8.123457     -7.599955       0.034216       0.000444
  773   0.049515    -8.134179     -7.609202       0.034216       0.000444
  774   0.049507    -8.144368     -7.617935       0.034216       0.000444
  775   0.049505    -8.154278     -7.626460       0.034216       0.000444
  776   0.049584    -8.164120     -7.635012       0.034217       0.000444
  777   0.049578    -8.174069     -7.643789       0.034217       0.000444

---------------------- Local Time Stepping Summary ----------------------
MG level: 0 -> Min. DT: 0.000492936. Max. DT: 3.6337. CFL: 10.
MG level: 1 -> Min. DT: 0.00078184. Max. DT: 5.55347. CFL: 8.11871.
MG level: 2 -> Min. DT: 0.00105129. Max. DT: 7.42495. CFL: 6.5465.
-------------------------------------------------------------------------

----------------------- Residual Evolution Summary ----------------------
log10[Maximum residual]: -6.89461.
Maximum residual point 362, located at (0.488655, 0.0596334).
-------------------------------------------------------------------------

 Iter    Time(s)     Res[Rho]     Res[RhoE]      CL(Total)      CD(Total)
  778   0.049571    -8.184280     -7.652964       0.034217       0.000444
  779   0.049568    -8.194899     -7.662706       0.034217       0.000444
  780   0.049561    -8.206069     -7.673186       0.034218       0.000444
  781   0.049551    -8.217928     -7.684578       0.034218       0.000444
  782   0.049545    -8.230616     -7.697058       0.034218       0.000444
  783   0.049545    -8.244257     -7.710795       0.034218       0.000444
  784   0.049537    -8.258964     -7.725937       0.034218       0.000444
  785   0.049536    -8.274818     -7.742599       0.034218       0.000444
  786   0.049570    -8.291861     -7.760841       0.034219       0.000444
  787   0.049593    -8.310077     -7.780650       0.034219       0.000444
  788   0.049593    -8.329383     -7.801910       0.034219       0.000444
  789   0.049584    -8.349610     -7.824387       0.034219       0.000444
  790   0.049575    -8.370501     -7.847709       0.034219       0.000444
  791   0.049576    -8.391707     -7.871369       0.034219       0.000444
  792   0.049581    -8.412802     -7.894746       0.034220       0.000444
  793   0.049578    -8.433311     -7.917158       0.034220       0.000444
  794   0.049574    -8.452769     -7.937956       0.034220       0.000444
  795   0.049573    -8.470793     -7.956647       0.034220       0.000444
  796   0.049567    -8.487170     -7.973015       0.034220       0.000444
  797   0.049559    -8.501903     -7.987171       0.034220       0.000444
  798   0.049553    -8.515190     -7.999484       0.034220       0.000444
  799   0.049547    -8.527327     -8.010426       0.034220       0.000444
  800   0.049539    -8.538624     -8.020436       0.034220       0.000444
  801   0.049532    -8.549355     -8.029876       0.034221       0.000444
  802   0.049534    -8.559760     -8.039043       0.034221       0.000444
  803   0.049526    -8.570056     -8.048201       0.034221       0.000444
  804   0.049523    -8.580446     -8.057593       0.034221       0.000444
  805   0.049516    -8.591125     -8.067455       0.034221       0.000444
  806   0.049518    -8.602279     -8.078016       0.034221       0.000444
  807   0.049510    -8.614084     -8.089494       0.034221       0.000444
  808   0.049507    -8.626704     -8.102091       0.034221       0.000444
  809   0.049501    -8.640282     -8.115988       0.034221       0.000444
  810   0.049500    -8.654937     -8.131332       0.034221       0.000444
  811   0.049493    -8.670756     -8.148233       0.034221       0.000444
  812   0.049485    -8.687791     -8.166752       0.034221       0.000444
  813   0.049481    -8.706051     -8.186890       0.034222       0.000444
  814   0.049474    -8.725499     -8.208583       0.034222       0.000444
  815   0.049467    -8.746041     -8.231685       0.034222       0.000444
  816   0.049468    -8.767527     -8.255960       0.034222       0.000444
  817   0.049463    -8.789746     -8.281081       0.034222       0.000444

---------------------- Local Time Stepping Summary ----------------------
MG level: 0 -> Min. DT: 0.000492935. Max. DT: 3.6337. CFL: 10.
MG level: 1 -> Min. DT: 0.000781839. Max. DT: 5.55347. CFL: 8.11871.
MG level: 2 -> Min. DT: 0.00105129. Max. DT: 7.42495. CFL: 6.5465.
-------------------------------------------------------------------------

----------------------- Residual Evolution Summary ----------------------
log10[Maximum residual]: -7.55288.
Maximum residual point 357, located at (0.520343, 0.0587348).
-------------------------------------------------------------------------

 Iter    Time(s)     Res[Rho]     Res[RhoE]      CL(Total)      CD(Total)
  818   0.049455    -8.812428     -8.306632       0.034222       0.000444
  819   0.049447    -8.835259     -8.332132       0.034222       0.000444
  820   0.049455    -8.857896     -8.357074       0.034222       0.000444
  821   0.049449    -8.880005     -8.380982       0.034222       0.000444
  822   0.049444    -8.901290     -8.403464       0.034222       0.000444
  823   0.049437    -8.921530     -8.424267       0.034222       0.000444
  824   0.049429    -8.940626     -8.443349       0.034222       0.000444
  825   0.049431    -8.958714     -8.461025       0.034222       0.000444
  826   0.049505    -8.976236     -8.478051       0.034222       0.000444
  827   0.049527    -8.993776     -8.495313       0.034222       0.000444
  828   0.049568    -9.011681     -8.513239       0.034222       0.000444

-------------------------- File Output Summary --------------------------
Writing comma-separated values (CSV) surface files.
Merging connectivities in the Master node.
Merging coordinates in the Master node.
Merging solution in the Master node.
Writing SU2 native restart file.
Writing Paraview ASCII volume solution file.
Writing Paraview ASCII surface solution file.
Writing the forces breakdown file.
-------------------------------------------------------------------------

  829   0.049843    -9.029821     -8.531492       0.034222       0.000444
  830   0.049869    -9.047696     -8.549237       0.034222       0.000444
  831   0.049889    -9.064860     -8.565842       0.034222       0.000444
  832   0.049881    -9.081400     -8.581572       0.034222       0.000444
  833   0.049874    -9.098068     -8.597656       0.034222       0.000444
  834   0.049869    -9.115832     -8.615522       0.034222       0.000444
  835   0.049862    -9.135219     -8.635803       0.034222       0.000444
  836   0.049853    -9.155737     -8.657557       0.034222       0.000444
  837   0.049844    -9.174903     -8.676929       0.034223       0.000444
  838   0.049834    -9.188543     -8.688255       0.034223       0.000444
  839   0.049837    -9.201222     -8.699369       0.034223       0.000444
  840   0.049836    -9.217989     -8.717090       0.034223       0.000444
  841   0.049836    -9.234371     -8.733668       0.034223       0.000444
  842   0.049833    -9.250042     -8.748449       0.034223       0.000444
  843   0.049835    -9.264998     -8.762033       0.034223       0.000444
  844   0.049831    -9.280650     -8.776749       0.034223       0.000444
  845   0.049832    -9.297499     -8.793210       0.034223       0.000444
  846   0.049826    -9.315767     -8.811597       0.034223       0.000444
  847   0.049821    -9.334574     -8.830543       0.034223       0.000444
  848   0.049812    -9.352597     -8.848158       0.034223       0.000444
  849   0.049807    -9.368597     -8.862819       0.034223       0.000444
  850   0.049801    -9.381869     -8.873779       0.034223       0.000444
  851   0.049805    -9.392868     -8.881940       0.034223       0.000444
  852   0.049797    -9.402887     -8.889244       0.034223       0.000444
  853   0.049790    -9.413279     -8.897516       0.034223       0.000444
  854   0.049788    -9.424973     -8.907875       0.034223       0.000444
  855   0.049790    -9.438381     -8.920699       0.034223       0.000444
  856   0.049788    -9.453391     -8.935680       0.034223       0.000444
  857   0.049785    -9.469528     -8.952059       0.034223       0.000444

---------------------- Local Time Stepping Summary ----------------------
MG level: 0 -> Min. DT: 0.000492935. Max. DT: 3.6337. CFL: 10.
MG level: 1 -> Min. DT: 0.000781839. Max. DT: 5.55347. CFL: 8.11871.
MG level: 2 -> Min. DT: 0.00105129. Max. DT: 7.42495. CFL: 6.5465.
-------------------------------------------------------------------------

----------------------- Residual Evolution Summary ----------------------
log10[Maximum residual]: -8.21091.
Maximum residual point 362, located at (0.488655, 0.0596334).
-------------------------------------------------------------------------

 Iter    Time(s)     Res[Rho]     Res[RhoE]      CL(Total)      CD(Total)
  858   0.049778    -9.486147     -8.968906       0.034223       0.000444
  859   0.049775    -9.502612     -8.985359       0.034223       0.000444
  860   0.049770    -9.518414     -9.000777       0.034223       0.000444
  861   0.049765    -9.533209     -9.014772       0.034223       0.000444
  862   0.049758    -9.546820     -9.027187       0.034223       0.000444
  863   0.049756    -9.559247     -9.038097       0.034223       0.000444
  864   0.049757    -9.570668     -9.047799       0.034223       0.000444
  865   0.049750    -9.581422     -9.056779       0.034223       0.000444
  866   0.049744    -9.591949     -9.065630       0.034223       0.000444
  867   0.049741    -9.602726     -9.074965       0.034223       0.000444
  868   0.049735    -9.614199     -9.085339       0.034223       0.000444
  869   0.049733    -9.626730     -9.097189       0.034223       0.000444
  870   0.049733    -9.640566     -9.110801       0.034223       0.000444
  871   0.049741    -9.655817     -9.126285       0.034223       0.000444
  872   0.049741    -9.672448     -9.143562       0.034223       0.000444
  873   0.049736    -9.690279     -9.162372       0.034223       0.000444
  874   0.049730    -9.709002     -9.182281       0.034223       0.000444
  875   0.049726    -9.728205     -9.202722       0.034223       0.000444
  876   0.049721    -9.747419     -9.223061       0.034223       0.000444
  877   0.049718    -9.766177     -9.242678       0.034223       0.000444
  878   0.049712    -9.784083     -9.261069       0.034223       0.000444
  879   0.049705    -9.800868     -9.277920       0.034223       0.000444
  880   0.049710    -9.816429     -9.293151       0.034223       0.000444
  881   0.049707    -9.830823     -9.306894       0.034223       0.000444
  882   0.049704    -9.844236     -9.319448       0.034223       0.000444
  883   0.049703    -9.856930     -9.331189       0.034223       0.000444
  884   0.049698    -9.869192     -9.342504       0.034223       0.000444
  885   0.049698    -9.881289     -9.353739       0.034223       0.000444
  886   0.049693    -9.893446     -9.365169       0.034223       0.000444
  887   0.049687    -9.905831     -9.376988       0.034223       0.000444
  888   0.049687    -9.918559     -9.389322       0.034223       0.000444
  889   0.049681    -9.931695     -9.402230       0.034223       0.000444
  890   0.049680    -9.945264     -9.415728       0.034223       0.000444
  891   0.049677    -9.959262     -9.429797       0.034223       0.000444
  892   0.049679    -9.973668     -9.444399       0.034223       0.000444
  893   0.049672    -9.988448     -9.459487       0.034223       0.000444
  894   0.049668   -10.003569     -9.475015       0.034223       0.000444

-------------------------- File Output Summary --------------------------
Writing comma-separated values (CSV) surface files.
Merging connectivities in the Master node.
Merging coordinates in the Master node.
Merging solution in the Master node.
Writing SU2 native restart file.
Writing Paraview ASCII volume solution file.
Writing Paraview ASCII surface solution file.
Writing the forces breakdown file.
-------------------------------------------------------------------------

History file, closed.

------------------------- Solver Postprocessing -------------------------
Deleted CNumerics container.
Deleted CIntegration container.
Deleted CSolver container.
Deleted CIteration container.
Deleted CInterpolator container.
Deleted CTransfer container.
Deleted CGeometry container.
Deleted CFreeFormDefBox class.
Deleted CSurfaceMovement class.
Deleted CVolumetricMovement class.
Deleted CConfig container.
Deleted COutput class.
-------------------------------------------------------------------------

Completed in 15.843493 seconds on 1 core.

------------------------- Exit Success (SU2_CFD) ------------------------

